[ 2017-05-11T20:52:42+08:00 ] 127.0.0.1 /shangcheng/
INFO: [ app_init ] --START--
INFO: Run Behavior\BuildLiteBehavior [ RunTime:0.000045s ]
INFO: [ app_init ] --END-- [ RunTime:0.001536s ]
INFO: [ app_begin ] --START--
INFO: Run Behavior\ReadHtmlCacheBehavior [ RunTime:0.001272s ]
INFO: [ app_begin ] --END-- [ RunTime:0.001352s ]
NOTIC: [2] Declaration of Admin\Model\CategoryModel::_before_delete(&$option) should be compatible with Think\Model::_before_delete($options) /Applications/MAMP/myhost/shangcheng/Application/Admin/Model/CategoryModel.class.php 第 4 行.
ERR: SQLSTATE[HY000] [2002] Connection refused

[ 2017-05-11T20:53:58+08:00 ] 127.0.0.1 /shangcheng/
INFO: [ app_init ] --START--
INFO: Run Behavior\BuildLiteBehavior [ RunTime:0.000024s ]
INFO: [ app_init ] --END-- [ RunTime:0.000416s ]
INFO: [ app_begin ] --START--
INFO: Run Behavior\ReadHtmlCacheBehavior [ RunTime:0.000467s ]
INFO: [ app_begin ] --END-- [ RunTime:0.000500s ]
NOTIC: [2] Declaration of Admin\Model\CategoryModel::_before_delete(&$option) should be compatible with Think\Model::_before_delete($options) /Applications/MAMP/myhost/shangcheng/Application/Admin/Model/CategoryModel.class.php 第 4 行.
SQL: SHOW COLUMNS FROM `p39_category` [ RunTime:0.0197s ]
SQL: SELECT * FROM `p39_category`  [ RunTime:0.0025s ]
SQL: SHOW COLUMNS FROM `p39_goods` [ RunTime:0.0072s ]
SQL: SELECT `id`,`mid_img`,`shop_price`,`goods_name`,`promote_price` FROM `p39_goods` WHERE `promote_price` > 0 AND `is_on_sale` = '是' AND `promote_start_date` <= '2017-05-11 20:53:58' AND `promote_end_date` >= '2017-05-11 20:53:58' ORDER BY sort_num asc LIMIT 5   [ RunTime:0.0068s ]
SQL: SELECT * FROM `p39_goods` WHERE `is_hot` = '是' AND `is_on_sale` = '是' ORDER BY sort_num asc LIMIT 5   [ RunTime:0.0017s ]
SQL: SELECT * FROM `p39_goods` WHERE `is_best` = '是' AND `is_on_sale` = '是' ORDER BY sort_num asc LIMIT 5   [ RunTime:0.0013s ]
SQL: SELECT * FROM `p39_goods` WHERE `is_new` = '是' AND `is_on_sale` = '是' ORDER BY sort_num asc LIMIT 5   [ RunTime:0.0012s ]
SQL: SELECT * FROM `p39_category` WHERE `is_floor` = '是' AND `parent_id` = '0'  [ RunTime:0.0012s ]
SQL: SELECT * FROM `p39_category`  [ RunTime:0.0006s ]
SQL: SELECT `id` FROM `p39_goods` WHERE `cat_id` IN ('22','24','25','29','23','34','35','36','21')  [ RunTime:0.0026s ]
SQL: SHOW COLUMNS FROM `p39_goods_cat` [ RunTime:0.0044s ]
SQL: SELECT DISTINCT goods_id id FROM `p39_goods_cat` WHERE `cat_id` IN ('22','24','25','29','23','34','35','36','21')  [ RunTime:0.0012s ]
SQL: SELECT DISTINCT brand_id,b.brand_name,b.logo FROM p39_goods a LEFT JOIN p39_brand b ON a.brand_id=b.id  WHERE a.id IN ('31','35','37','38','39','42','21','28','33','44','34','19','32','36') AND a.brand_id <> 0 LIMIT 9   [ RunTime:0.0046s ]
SQL: SELECT * FROM `p39_category` WHERE `is_floor` = '否' AND `parent_id` = '21'  [ RunTime:0.0008s ]
SQL: SELECT * FROM `p39_category` WHERE `is_floor` = '是' AND `parent_id` = '21'  [ RunTime:0.0006s ]
SQL: SELECT * FROM `p39_category`  [ RunTime:0.0007s ]
SQL: SELECT `id` FROM `p39_goods` WHERE `cat_id` IN ('24','25','29','22')  [ RunTime:0.0007s ]
SQL: SELECT DISTINCT goods_id id FROM `p39_goods_cat` WHERE `cat_id` IN ('24','25','29','22')  [ RunTime:0.0007s ]
SQL: SELECT * FROM `p39_goods` WHERE `id` IN ('21','28','33','34','19','32','35','36','42','44',0) AND `is_on_sale` = '是' AND `is_floor` = '是'  [ RunTime:0.0010s ]
SQL: SELECT * FROM `p39_category`  [ RunTime:0.0004s ]
SQL: SELECT `id` FROM `p39_goods` WHERE `cat_id` IN ('23')  [ RunTime:0.0004s ]
SQL: SELECT DISTINCT goods_id id FROM `p39_goods_cat` WHERE `cat_id` IN ('23')  [ RunTime:0.0006s ]
SQL: SELECT * FROM `p39_goods` WHERE `id` IN ('44',0) AND `is_on_sale` = '是' AND `is_floor` = '是'  [ RunTime:0.0008s ]
SQL: SELECT * FROM `p39_category`  [ RunTime:0.0005s ]
SQL: SELECT `id` FROM `p39_goods` WHERE `cat_id` IN ('34')  [ RunTime:0.0005s ]
SQL: SELECT DISTINCT goods_id id FROM `p39_goods_cat` WHERE `cat_id` IN ('34')  [ RunTime:0.0006s ]
SQL: SELECT * FROM `p39_goods` WHERE `id` IN ('37',0) AND `is_on_sale` = '是' AND `is_floor` = '是'  [ RunTime:0.0009s ]
SQL: SELECT * FROM `p39_category`  [ RunTime:0.0006s ]
SQL: SELECT `id` FROM `p39_goods` WHERE `cat_id` IN ('28','30','31','32','33','27')  [ RunTime:0.0007s ]
SQL: SELECT DISTINCT goods_id id FROM `p39_goods_cat` WHERE `cat_id` IN ('28','30','31','32','33','27')  [ RunTime:0.0005s ]
SQL: SELECT DISTINCT brand_id,b.brand_name,b.logo FROM p39_goods a LEFT JOIN p39_brand b ON a.brand_id=b.id  WHERE a.id IN ('43','27','34','35') AND a.brand_id <> 0 LIMIT 9   [ RunTime:0.0008s ]
SQL: SELECT * FROM `p39_category` WHERE `is_floor` = '否' AND `parent_id` = '27'  [ RunTime:0.0004s ]
SQL: SELECT * FROM `p39_category` WHERE `is_floor` = '是' AND `parent_id` = '27'  [ RunTime:0.0004s ]
SQL: SELECT * FROM `p39_category`  [ RunTime:0.0003s ]
SQL: SELECT `id` FROM `p39_goods` WHERE `cat_id` IN ('28')  [ RunTime:0.0004s ]
SQL: SELECT DISTINCT goods_id id FROM `p39_goods_cat` WHERE `cat_id` IN ('28')  [ RunTime:0.0004s ]
SQL: SELECT * FROM `p39_goods` WHERE `id` IN ('27','34','43',0) AND `is_on_sale` = '是' AND `is_floor` = '是'  [ RunTime:0.0006s ]
INFO: [ view_parse ] --START--
INFO: [ template_filter ] --START--
INFO: Run Behavior\ContentReplaceBehavior [ RunTime:0.000295s ]
INFO: [ template_filter ] --END-- [ RunTime:0.000357s ]
NOTIC: [8] Undefined index: children /Applications/MAMP/myhost/shangcheng/Application/Runtime/Cache/Home/2a94b8bda04ff446dcedd42276fc99ee.php 第 151 行.
NOTIC: [2] Invalid argument supplied for foreach() /Applications/MAMP/myhost/shangcheng/Application/Runtime/Cache/Home/2a94b8bda04ff446dcedd42276fc99ee.php 第 151 行.
NOTIC: [8] Undefined index: children /Applications/MAMP/myhost/shangcheng/Application/Runtime/Cache/Home/2a94b8bda04ff446dcedd42276fc99ee.php 第 151 行.
NOTIC: [2] Invalid argument supplied for foreach() /Applications/MAMP/myhost/shangcheng/Application/Runtime/Cache/Home/2a94b8bda04ff446dcedd42276fc99ee.php 第 151 行.
NOTIC: [8] Undefined index: children /Applications/MAMP/myhost/shangcheng/Application/Runtime/Cache/Home/2a94b8bda04ff446dcedd42276fc99ee.php 第 151 行.
NOTIC: [2] Invalid argument supplied for foreach() /Applications/MAMP/myhost/shangcheng/Application/Runtime/Cache/Home/2a94b8bda04ff446dcedd42276fc99ee.php 第 151 行.
NOTIC: [8] Undefined index: children /Applications/MAMP/myhost/shangcheng/Application/Runtime/Cache/Home/2a94b8bda04ff446dcedd42276fc99ee.php 第 151 行.
NOTIC: [2] Invalid argument supplied for foreach() /Applications/MAMP/myhost/shangcheng/Application/Runtime/Cache/Home/2a94b8bda04ff446dcedd42276fc99ee.php 第 151 行.
NOTIC: [8] Undefined index: children /Applications/MAMP/myhost/shangcheng/Application/Runtime/Cache/Home/2a94b8bda04ff446dcedd42276fc99ee.php 第 151 行.
NOTIC: [2] Invalid argument supplied for foreach() /Applications/MAMP/myhost/shangcheng/Application/Runtime/Cache/Home/2a94b8bda04ff446dcedd42276fc99ee.php 第 151 行.
NOTIC: [8] Undefined index: children /Applications/MAMP/myhost/shangcheng/Application/Runtime/Cache/Home/2a94b8bda04ff446dcedd42276fc99ee.php 第 151 行.
NOTIC: [2] Invalid argument supplied for foreach() /Applications/MAMP/myhost/shangcheng/Application/Runtime/Cache/Home/2a94b8bda04ff446dcedd42276fc99ee.php 第 151 行.
NOTIC: [8] Undefined index: children /Applications/MAMP/myhost/shangcheng/Application/Runtime/Cache/Home/2a94b8bda04ff446dcedd42276fc99ee.php 第 151 行.
NOTIC: [2] Invalid argument supplied for foreach() /Applications/MAMP/myhost/shangcheng/Application/Runtime/Cache/Home/2a94b8bda04ff446dcedd42276fc99ee.php 第 151 行.
NOTIC: [8] Undefined index: children /Applications/MAMP/myhost/shangcheng/Application/Runtime/Cache/Home/2a94b8bda04ff446dcedd42276fc99ee.php 第 151 行.
NOTIC: [2] Invalid argument supplied for foreach() /Applications/MAMP/myhost/shangcheng/Application/Runtime/Cache/Home/2a94b8bda04ff446dcedd42276fc99ee.php 第 151 行.
NOTIC: [8] Undefined index: children /Applications/MAMP/myhost/shangcheng/Application/Runtime/Cache/Home/2a94b8bda04ff446dcedd42276fc99ee.php 第 151 行.
NOTIC: [2] Invalid argument supplied for foreach() /Applications/MAMP/myhost/shangcheng/Application/Runtime/Cache/Home/2a94b8bda04ff446dcedd42276fc99ee.php 第 151 行.
INFO: Run Behavior\ParseTemplateBehavior [ RunTime:0.034475s ]
INFO: [ view_parse ] --END-- [ RunTime:0.034533s ]
INFO: [ view_filter ] --START--
INFO: Run Behavior\WriteHtmlCacheBehavior [ RunTime:0.000571s ]
INFO: [ view_filter ] --END-- [ RunTime:0.000620s ]
INFO: [ app_end ] --START--
INFO: Run Behavior\ShowPageTraceBehavior [ RunTime:0.001070s ]
INFO: [ app_end ] --END-- [ RunTime:0.001162s ]

[ 2017-05-11T20:53:59+08:00 ] 127.0.0.1 /shangcheng/index.php/Home/login/ajaxlogin.html
INFO: [ app_init ] --START--
INFO: Run Behavior\BuildLiteBehavior [ RunTime:0.000016s ]
INFO: [ app_init ] --END-- [ RunTime:0.000448s ]
INFO: [ app_begin ] --START--
INFO: Run Behavior\ReadHtmlCacheBehavior [ RunTime:0.000550s ]
INFO: [ app_begin ] --END-- [ RunTime:0.000594s ]
INFO: [ app_end ] --START--
INFO: Run Behavior\ShowPageTraceBehavior [ RunTime:0.000567s ]
INFO: [ app_end ] --END-- [ RunTime:0.000619s ]

[ 2017-05-11T20:54:02+08:00 ] 127.0.0.1 /shangcheng/index.php/Home/Index/goods/id/28.html
INFO: [ app_init ] --START--
INFO: Run Behavior\BuildLiteBehavior [ RunTime:0.000045s ]
INFO: [ app_init ] --END-- [ RunTime:0.000801s ]
INFO: [ app_begin ] --START--
INFO: Run Behavior\ReadHtmlCacheBehavior [ RunTime:0.000544s ]
INFO: [ app_begin ] --END-- [ RunTime:0.000588s ]
NOTIC: [2] Declaration of Admin\Model\CategoryModel::_before_delete(&$option) should be compatible with Think\Model::_before_delete($options) /Applications/MAMP/myhost/shangcheng/Application/Admin/Model/CategoryModel.class.php 第 4 行.
SQL: SHOW COLUMNS FROM `p39_category` [ RunTime:0.0016s ]
SQL: SHOW COLUMNS FROM `p39_goods` [ RunTime:0.0020s ]
SQL: SELECT * FROM `p39_goods` WHERE `id` = 28 LIMIT 1   [ RunTime:0.0005s ]
SQL: SELECT `id`,`cat_name`,`parent_id` FROM `p39_category` WHERE `id` = 22 LIMIT 1   [ RunTime:0.0004s ]
SQL: SELECT `id`,`cat_name`,`parent_id` FROM `p39_category` WHERE `id` = 21 LIMIT 1   [ RunTime:0.0003s ]
NOTIC: D方法实例化没找到模型类Admin\Model\GoodsPicModel
SQL: SHOW COLUMNS FROM `p39_goods_pic` [ RunTime:0.0047s ]
SQL: SELECT * FROM `p39_goods_pic` WHERE `goods_id` = '28'  [ RunTime:0.0006s ]
NOTIC: D方法实例化没找到模型类Admin\Model\GoodsAttrModel
SQL: SHOW COLUMNS FROM `p39_goods_attr` [ RunTime:0.0040s ]
SQL: SELECT a.*,b.attr_name,b.attr_type FROM p39_goods_attr a left join p39_attribute b on a.attr_id=b.id   WHERE `goods_id` = '28'  [ RunTime:0.0029s ]
SQL: SHOW COLUMNS FROM `p39_member_price` [ RunTime:0.0044s ]
SQL: SELECT a.*,b.level_name FROM p39_member_price a left join p39_member_level b on a.level_id=b.id  WHERE `goods_id` = '28'  [ RunTime:0.0056s ]
INFO: [ view_parse ] --START--
INFO: [ template_filter ] --START--
INFO: Run Behavior\ContentReplaceBehavior [ RunTime:0.000238s ]
INFO: [ template_filter ] --END-- [ RunTime:0.000293s ]
NOTIC: [8] Undefined variable: _description_content /Applications/MAMP/myhost/shangcheng/Application/Runtime/Cache/Home/862a52d698112494831f0f0bc6d3727d.php 第 5 行.
NOTIC: [8] Undefined variable: _key_content /Applications/MAMP/myhost/shangcheng/Application/Runtime/Cache/Home/862a52d698112494831f0f0bc6d3727d.php 第 6 行.
NOTIC: [8] Undefined variable: _title_name /Applications/MAMP/myhost/shangcheng/Application/Runtime/Cache/Home/862a52d698112494831f0f0bc6d3727d.php 第 7 行.
NOTIC: [8] Undefined variable: _nav /Applications/MAMP/myhost/shangcheng/Application/Runtime/Cache/Home/862a52d698112494831f0f0bc6d3727d.php 第 133 行.
NOTIC: [8] Undefined variable: _nav /Applications/MAMP/myhost/shangcheng/Application/Runtime/Cache/Home/862a52d698112494831f0f0bc6d3727d.php 第 134 行.
NOTIC: [8] Undefined variable: _nav /Applications/MAMP/myhost/shangcheng/Application/Runtime/Cache/Home/862a52d698112494831f0f0bc6d3727d.php 第 139 行.
NOTIC: [8] Undefined index: children /Applications/MAMP/myhost/shangcheng/Application/Runtime/Cache/Home/862a52d698112494831f0f0bc6d3727d.php 第 148 行.
NOTIC: [2] Invalid argument supplied for foreach() /Applications/MAMP/myhost/shangcheng/Application/Runtime/Cache/Home/862a52d698112494831f0f0bc6d3727d.php 第 148 行.
NOTIC: [8] Undefined index: children /Applications/MAMP/myhost/shangcheng/Application/Runtime/Cache/Home/862a52d698112494831f0f0bc6d3727d.php 第 148 行.
NOTIC: [2] Invalid argument supplied for foreach() /Applications/MAMP/myhost/shangcheng/Application/Runtime/Cache/Home/862a52d698112494831f0f0bc6d3727d.php 第 148 行.
NOTIC: [8] Undefined index: children /Applications/MAMP/myhost/shangcheng/Application/Runtime/Cache/Home/862a52d698112494831f0f0bc6d3727d.php 第 148 行.
NOTIC: [2] Invalid argument supplied for foreach() /Applications/MAMP/myhost/shangcheng/Application/Runtime/Cache/Home/862a52d698112494831f0f0bc6d3727d.php 第 148 行.
NOTIC: [8] Undefined index: children /Applications/MAMP/myhost/shangcheng/Application/Runtime/Cache/Home/862a52d698112494831f0f0bc6d3727d.php 第 148 行.
NOTIC: [2] Invalid argument supplied for foreach() /Applications/MAMP/myhost/shangcheng/Application/Runtime/Cache/Home/862a52d698112494831f0f0bc6d3727d.php 第 148 行.
NOTIC: [8] Undefined index: children /Applications/MAMP/myhost/shangcheng/Application/Runtime/Cache/Home/862a52d698112494831f0f0bc6d3727d.php 第 148 行.
NOTIC: [2] Invalid argument supplied for foreach() /Applications/MAMP/myhost/shangcheng/Application/Runtime/Cache/Home/862a52d698112494831f0f0bc6d3727d.php 第 148 行.
NOTIC: [8] Undefined index: children /Applications/MAMP/myhost/shangcheng/Application/Runtime/Cache/Home/862a52d698112494831f0f0bc6d3727d.php 第 148 行.
NOTIC: [2] Invalid argument supplied for foreach() /Applications/MAMP/myhost/shangcheng/Application/Runtime/Cache/Home/862a52d698112494831f0f0bc6d3727d.php 第 148 行.
NOTIC: [8] Undefined index: children /Applications/MAMP/myhost/shangcheng/Application/Runtime/Cache/Home/862a52d698112494831f0f0bc6d3727d.php 第 148 行.
NOTIC: [2] Invalid argument supplied for foreach() /Applications/MAMP/myhost/shangcheng/Application/Runtime/Cache/Home/862a52d698112494831f0f0bc6d3727d.php 第 148 行.
NOTIC: [8] Undefined index: children /Applications/MAMP/myhost/shangcheng/Application/Runtime/Cache/Home/862a52d698112494831f0f0bc6d3727d.php 第 148 行.
NOTIC: [2] Invalid argument supplied for foreach() /Applications/MAMP/myhost/shangcheng/Application/Runtime/Cache/Home/862a52d698112494831f0f0bc6d3727d.php 第 148 行.
NOTIC: [8] Undefined index: children /Applications/MAMP/myhost/shangcheng/Application/Runtime/Cache/Home/862a52d698112494831f0f0bc6d3727d.php 第 148 行.
NOTIC: [2] Invalid argument supplied for foreach() /Applications/MAMP/myhost/shangcheng/Application/Runtime/Cache/Home/862a52d698112494831f0f0bc6d3727d.php 第 148 行.
INFO: Run Behavior\ParseTemplateBehavior [ RunTime:0.015903s ]
INFO: [ view_parse ] --END-- [ RunTime:0.015961s ]
INFO: [ view_filter ] --START--
INFO: Run Behavior\WriteHtmlCacheBehavior [ RunTime:0.000175s ]
INFO: [ view_filter ] --END-- [ RunTime:0.000204s ]
INFO: [ app_end ] --START--
INFO: Run Behavior\ShowPageTraceBehavior [ RunTime:0.000793s ]
INFO: [ app_end ] --END-- [ RunTime:0.000880s ]

[ 2017-05-11T20:54:02+08:00 ] 127.0.0.1 /shangcheng/index.php/Home/Index/ajaxGetMemberPrice/id/28.html
INFO: [ app_init ] --START--
INFO: Run Behavior\BuildLiteBehavior [ RunTime:0.000025s ]
INFO: [ app_init ] --END-- [ RunTime:0.004606s ]
INFO: [ app_begin ] --START--
INFO: Run Behavior\ReadHtmlCacheBehavior [ RunTime:0.000781s ]
INFO: [ app_begin ] --END-- [ RunTime:0.000836s ]
NOTIC: [2] Declaration of Admin\Model\CategoryModel::_before_delete(&$option) should be compatible with Think\Model::_before_delete($options) /Applications/MAMP/myhost/shangcheng/Application/Admin/Model/CategoryModel.class.php 第 4 行.
SQL: SHOW COLUMNS FROM `p39_category` [ RunTime:0.0027s ]
SQL: SHOW COLUMNS FROM `p39_goods` [ RunTime:0.0038s ]
SQL: SELECT `promote_price` FROM `p39_goods` WHERE `id` = '28' AND `promote_price` > 0 AND `promote_start_date` >= '2017-05-11 20:54:02' AND `promote_end_date` <= '2017-05-11 20:54:02' LIMIT 1   [ RunTime:0.0005s ]
SQL: SELECT `shop_price` FROM `p39_goods` WHERE `id` = '28' LIMIT 1   [ RunTime:0.0004s ]
INFO: [ app_end ] --START--
INFO: Run Behavior\ShowPageTraceBehavior [ RunTime:0.000726s ]
INFO: [ app_end ] --END-- [ RunTime:0.000779s ]

[ 2017-05-11T20:54:02+08:00 ] 127.0.0.1 /shangcheng/index.php/Home/Index/ajaxGetHistory/id/28.html
INFO: [ app_init ] --START--
INFO: Run Behavior\BuildLiteBehavior [ RunTime:0.000021s ]
INFO: [ app_init ] --END-- [ RunTime:0.002954s ]
INFO: [ app_begin ] --START--
INFO: Run Behavior\ReadHtmlCacheBehavior [ RunTime:0.000759s ]
INFO: [ app_begin ] --END-- [ RunTime:0.000816s ]
NOTIC: [2] Declaration of Admin\Model\CategoryModel::_before_delete(&$option) should be compatible with Think\Model::_before_delete($options) /Applications/MAMP/myhost/shangcheng/Application/Admin/Model/CategoryModel.class.php 第 4 行.
SQL: SHOW COLUMNS FROM `p39_category` [ RunTime:0.0027s ]
SQL: SHOW COLUMNS FROM `p39_goods` [ RunTime:0.0049s ]
SQL: SELECT `id`,`goods_name`,`mid_img` FROM `p39_goods` WHERE `id` IN ('28') ORDER BY FIELD (id,28)  [ RunTime:0.0014s ]
INFO: [ app_end ] --START--
INFO: Run Behavior\ShowPageTraceBehavior [ RunTime:0.000986s ]
INFO: [ app_end ] --END-- [ RunTime:0.001077s ]

[ 2017-05-11T20:54:02+08:00 ] 127.0.0.1 /shangcheng/index.php/Home/login/ajaxlogin.html
INFO: [ app_init ] --START--
INFO: Run Behavior\BuildLiteBehavior [ RunTime:0.000023s ]
INFO: [ app_init ] --END-- [ RunTime:0.000659s ]
INFO: [ app_begin ] --START--
INFO: Run Behavior\ReadHtmlCacheBehavior [ RunTime:0.000869s ]
INFO: [ app_begin ] --END-- [ RunTime:0.000953s ]
INFO: [ app_end ] --START--
INFO: Run Behavior\ShowPageTraceBehavior [ RunTime:0.001914s ]
INFO: [ app_end ] --END-- [ RunTime:0.002043s ]

