[ 2017-04-27T21:00:55+08:00 ] 127.0.0.1 /shangcheng/index.php
INFO: [ app_init ] --START--
INFO: Run Behavior\BuildLiteBehavior [ RunTime:0.000388s ]
INFO: [ app_init ] --END-- [ RunTime:0.001978s ]
INFO: [ app_begin ] --START--
INFO: Run Behavior\ReadHtmlCacheBehavior [ RunTime:0.008516s ]
INFO: [ app_begin ] --END-- [ RunTime:0.008597s ]
NOTIC: [2] Declaration of Admin\Model\CategoryModel::_before_delete(&$option) should be compatible with Think\Model::_before_delete($options) /Applications/MAMP/myhost/shangcheng/Application/Admin/Model/CategoryModel.class.php 第 4 行.
SQL: SHOW COLUMNS FROM `p39_category` [ RunTime:0.0083s ]
SQL: SELECT * FROM `p39_category`  [ RunTime:0.0010s ]
SQL: SHOW COLUMNS FROM `p39_goods` [ RunTime:0.0046s ]
SQL: SELECT `id`,`mid_img`,`shop_price`,`goods_name`,`promote_price` FROM `p39_goods` WHERE `promote_price` > 0 AND `is_on_sale` = '是' AND `promote_start_date` <= '2017-04-27 21:00:55' AND `promote_end_date` >= '2017-04-27 21:00:55' ORDER BY sort_num asc LIMIT 5   [ RunTime:0.0066s ]
SQL: SELECT * FROM `p39_goods` WHERE `is_hot` = '是' AND `is_on_sale` = '是' ORDER BY sort_num asc LIMIT 5   [ RunTime:0.0011s ]
SQL: SELECT * FROM `p39_goods` WHERE `is_best` = '是' AND `is_on_sale` = '是' ORDER BY sort_num asc LIMIT 5   [ RunTime:0.0009s ]
SQL: SELECT * FROM `p39_goods` WHERE `is_new` = '是' AND `is_on_sale` = '是' ORDER BY sort_num asc LIMIT 5   [ RunTime:0.0010s ]
SQL: SELECT * FROM `p39_category` WHERE `is_floor` = '是' AND `parent_id` = '0'  [ RunTime:0.0011s ]
SQL: SELECT * FROM `p39_category`  [ RunTime:0.0005s ]
SQL: SELECT `id` FROM `p39_goods` WHERE `cat_id` IN ('22','24','25','29','23','34','35','36','21')  [ RunTime:0.0020s ]
SQL: SHOW COLUMNS FROM `p39_goods_cat` [ RunTime:0.0040s ]
SQL: SELECT DISTINCT goods_id id FROM `p39_goods_cat` WHERE `cat_id` IN ('22','24','25','29','23','34','35','36','21')  [ RunTime:0.0013s ]
SQL: SELECT DISTINCT brand_id,b.brand_name,b.logo FROM p39_goods a LEFT JOIN p39_brand b ON a.brand_id=b.id  WHERE a.id IN ('31','35','37','38','39','42','21','28','33','44','34','19','32','36') AND a.brand_id <> 0 LIMIT 9   [ RunTime:0.0045s ]
SQL: SELECT * FROM `p39_category` WHERE `is_floor` = '否' AND `parent_id` = '21'  [ RunTime:0.0006s ]
SQL: SELECT * FROM `p39_category` WHERE `is_floor` = '是' AND `parent_id` = '21'  [ RunTime:0.0007s ]
SQL: SELECT * FROM `p39_category`  [ RunTime:0.0012s ]
SQL: SELECT `id` FROM `p39_goods` WHERE `cat_id` IN ('24','25','29','22')  [ RunTime:0.0007s ]
SQL: SELECT DISTINCT goods_id id FROM `p39_goods_cat` WHERE `cat_id` IN ('24','25','29','22')  [ RunTime:0.0007s ]
SQL: SELECT * FROM `p39_goods` WHERE `id` IN ('21','28','33','34','19','32','35','36','42','44',0) AND `is_on_sale` = '是' AND `is_floor` = '是'  [ RunTime:0.0010s ]
SQL: SELECT * FROM `p39_category`  [ RunTime:0.0006s ]
SQL: SELECT `id` FROM `p39_goods` WHERE `cat_id` IN ('23')  [ RunTime:0.0005s ]
SQL: SELECT DISTINCT goods_id id FROM `p39_goods_cat` WHERE `cat_id` IN ('23')  [ RunTime:0.0006s ]
SQL: SELECT * FROM `p39_goods` WHERE `id` IN ('44',0) AND `is_on_sale` = '是' AND `is_floor` = '是'  [ RunTime:0.0008s ]
SQL: SELECT * FROM `p39_category`  [ RunTime:0.0005s ]
SQL: SELECT `id` FROM `p39_goods` WHERE `cat_id` IN ('34')  [ RunTime:0.0005s ]
SQL: SELECT DISTINCT goods_id id FROM `p39_goods_cat` WHERE `cat_id` IN ('34')  [ RunTime:0.0007s ]
SQL: SELECT * FROM `p39_goods` WHERE `id` IN ('37',0) AND `is_on_sale` = '是' AND `is_floor` = '是'  [ RunTime:0.0009s ]
SQL: SELECT * FROM `p39_category`  [ RunTime:0.0005s ]
SQL: SELECT `id` FROM `p39_goods` WHERE `cat_id` IN ('28','30','31','32','33','27')  [ RunTime:0.0007s ]
SQL: SELECT DISTINCT goods_id id FROM `p39_goods_cat` WHERE `cat_id` IN ('28','30','31','32','33','27')  [ RunTime:0.0007s ]
SQL: SELECT DISTINCT brand_id,b.brand_name,b.logo FROM p39_goods a LEFT JOIN p39_brand b ON a.brand_id=b.id  WHERE a.id IN ('43','27','34','35') AND a.brand_id <> 0 LIMIT 9   [ RunTime:0.0006s ]
SQL: SELECT * FROM `p39_category` WHERE `is_floor` = '否' AND `parent_id` = '27'  [ RunTime:0.0005s ]
SQL: SELECT * FROM `p39_category` WHERE `is_floor` = '是' AND `parent_id` = '27'  [ RunTime:0.0006s ]
SQL: SELECT * FROM `p39_category`  [ RunTime:0.0004s ]
SQL: SELECT `id` FROM `p39_goods` WHERE `cat_id` IN ('28')  [ RunTime:0.0005s ]
SQL: SELECT DISTINCT goods_id id FROM `p39_goods_cat` WHERE `cat_id` IN ('28')  [ RunTime:0.0006s ]
SQL: SELECT * FROM `p39_goods` WHERE `id` IN ('27','34','43',0) AND `is_on_sale` = '是' AND `is_floor` = '是'  [ RunTime:0.0008s ]
INFO: [ view_parse ] --START--
INFO: [ template_filter ] --START--
INFO: Run Behavior\ContentReplaceBehavior [ RunTime:0.000286s ]
INFO: [ template_filter ] --END-- [ RunTime:0.000375s ]
NOTIC: [8] Undefined index: children /Applications/MAMP/myhost/shangcheng/Application/Runtime/Cache/Home/2a94b8bda04ff446dcedd42276fc99ee.php 第 151 行.
NOTIC: [2] Invalid argument supplied for foreach() /Applications/MAMP/myhost/shangcheng/Application/Runtime/Cache/Home/2a94b8bda04ff446dcedd42276fc99ee.php 第 151 行.
NOTIC: [8] Undefined index: children /Applications/MAMP/myhost/shangcheng/Application/Runtime/Cache/Home/2a94b8bda04ff446dcedd42276fc99ee.php 第 151 行.
NOTIC: [2] Invalid argument supplied for foreach() /Applications/MAMP/myhost/shangcheng/Application/Runtime/Cache/Home/2a94b8bda04ff446dcedd42276fc99ee.php 第 151 行.
NOTIC: [8] Undefined index: children /Applications/MAMP/myhost/shangcheng/Application/Runtime/Cache/Home/2a94b8bda04ff446dcedd42276fc99ee.php 第 151 行.
NOTIC: [2] Invalid argument supplied for foreach() /Applications/MAMP/myhost/shangcheng/Application/Runtime/Cache/Home/2a94b8bda04ff446dcedd42276fc99ee.php 第 151 行.
NOTIC: [8] Undefined index: children /Applications/MAMP/myhost/shangcheng/Application/Runtime/Cache/Home/2a94b8bda04ff446dcedd42276fc99ee.php 第 151 行.
NOTIC: [2] Invalid argument supplied for foreach() /Applications/MAMP/myhost/shangcheng/Application/Runtime/Cache/Home/2a94b8bda04ff446dcedd42276fc99ee.php 第 151 行.
NOTIC: [8] Undefined index: children /Applications/MAMP/myhost/shangcheng/Application/Runtime/Cache/Home/2a94b8bda04ff446dcedd42276fc99ee.php 第 151 行.
NOTIC: [2] Invalid argument supplied for foreach() /Applications/MAMP/myhost/shangcheng/Application/Runtime/Cache/Home/2a94b8bda04ff446dcedd42276fc99ee.php 第 151 行.
NOTIC: [8] Undefined index: children /Applications/MAMP/myhost/shangcheng/Application/Runtime/Cache/Home/2a94b8bda04ff446dcedd42276fc99ee.php 第 151 行.
NOTIC: [2] Invalid argument supplied for foreach() /Applications/MAMP/myhost/shangcheng/Application/Runtime/Cache/Home/2a94b8bda04ff446dcedd42276fc99ee.php 第 151 行.
NOTIC: [8] Undefined index: children /Applications/MAMP/myhost/shangcheng/Application/Runtime/Cache/Home/2a94b8bda04ff446dcedd42276fc99ee.php 第 151 行.
NOTIC: [2] Invalid argument supplied for foreach() /Applications/MAMP/myhost/shangcheng/Application/Runtime/Cache/Home/2a94b8bda04ff446dcedd42276fc99ee.php 第 151 行.
NOTIC: [8] Undefined index: children /Applications/MAMP/myhost/shangcheng/Application/Runtime/Cache/Home/2a94b8bda04ff446dcedd42276fc99ee.php 第 151 行.
NOTIC: [2] Invalid argument supplied for foreach() /Applications/MAMP/myhost/shangcheng/Application/Runtime/Cache/Home/2a94b8bda04ff446dcedd42276fc99ee.php 第 151 行.
NOTIC: [8] Undefined index: children /Applications/MAMP/myhost/shangcheng/Application/Runtime/Cache/Home/2a94b8bda04ff446dcedd42276fc99ee.php 第 151 行.
NOTIC: [2] Invalid argument supplied for foreach() /Applications/MAMP/myhost/shangcheng/Application/Runtime/Cache/Home/2a94b8bda04ff446dcedd42276fc99ee.php 第 151 行.
INFO: Run Behavior\ParseTemplateBehavior [ RunTime:0.030043s ]
INFO: [ view_parse ] --END-- [ RunTime:0.030111s ]
INFO: [ view_filter ] --START--
INFO: Run Behavior\WriteHtmlCacheBehavior [ RunTime:0.001648s ]
INFO: [ view_filter ] --END-- [ RunTime:0.001722s ]
INFO: [ app_end ] --START--
INFO: Run Behavior\ShowPageTraceBehavior [ RunTime:0.001515s ]
INFO: [ app_end ] --END-- [ RunTime:0.001612s ]

[ 2017-04-27T21:00:56+08:00 ] 127.0.0.1 /shangcheng/index.php/Home/login/ajaxlogin.html
INFO: [ app_init ] --START--
INFO: Run Behavior\BuildLiteBehavior [ RunTime:0.000031s ]
INFO: [ app_init ] --END-- [ RunTime:0.000641s ]
INFO: [ app_begin ] --START--
INFO: Run Behavior\ReadHtmlCacheBehavior [ RunTime:0.000865s ]
INFO: [ app_begin ] --END-- [ RunTime:0.000926s ]
INFO: [ app_end ] --START--
INFO: Run Behavior\ShowPageTraceBehavior [ RunTime:0.000944s ]
INFO: [ app_end ] --END-- [ RunTime:0.001039s ]

[ 2017-04-27T21:01:05+08:00 ] 127.0.0.1 /shangcheng/index.php/Home/Index/goods/id/44.html
INFO: [ app_init ] --START--
INFO: Run Behavior\BuildLiteBehavior [ RunTime:0.000031s ]
INFO: [ app_init ] --END-- [ RunTime:0.000566s ]
INFO: [ app_begin ] --START--
INFO: Run Behavior\ReadHtmlCacheBehavior [ RunTime:0.001049s ]
INFO: [ app_begin ] --END-- [ RunTime:0.001137s ]
NOTIC: [2] Declaration of Admin\Model\CategoryModel::_before_delete(&$option) should be compatible with Think\Model::_before_delete($options) /Applications/MAMP/myhost/shangcheng/Application/Admin/Model/CategoryModel.class.php 第 4 行.
SQL: SHOW COLUMNS FROM `p39_category` [ RunTime:0.0105s ]
SQL: SELECT * FROM `p39_category`  [ RunTime:0.0006s ]
SQL: SHOW COLUMNS FROM `p39_goods` [ RunTime:0.0017s ]
SQL: SELECT * FROM `p39_goods` WHERE `id` = 44 LIMIT 1   [ RunTime:0.0006s ]
SQL: SELECT `id`,`cat_name`,`parent_id` FROM `p39_category` WHERE `id` = 23 LIMIT 1   [ RunTime:0.0003s ]
SQL: SELECT `id`,`cat_name`,`parent_id` FROM `p39_category` WHERE `id` = 21 LIMIT 1   [ RunTime:0.0004s ]
NOTIC: D方法实例化没找到模型类Admin\Model\GoodsPicModel
SQL: SHOW COLUMNS FROM `p39_goods_pic` [ RunTime:0.0041s ]
SQL: SELECT * FROM `p39_goods_pic` WHERE `goods_id` = '44'  [ RunTime:0.0005s ]
NOTIC: D方法实例化没找到模型类Admin\Model\GoodsAttrModel
SQL: SHOW COLUMNS FROM `p39_goods_attr` [ RunTime:0.0042s ]
SQL: SELECT a.*,b.attr_name,b.attr_type FROM p39_goods_attr a left join p39_attribute b on a.attr_id=b.id   WHERE `goods_id` = '44'  [ RunTime:0.0032s ]
SQL: SHOW COLUMNS FROM `p39_member_price` [ RunTime:0.0043s ]
SQL: SELECT a.*,b.level_name FROM p39_member_price a left join p39_member_level b on a.level_id=b.id  WHERE `goods_id` = '44'  [ RunTime:0.0054s ]
INFO: [ view_parse ] --START--
INFO: [ template_filter ] --START--
INFO: Run Behavior\ContentReplaceBehavior [ RunTime:0.000406s ]
INFO: [ template_filter ] --END-- [ RunTime:0.000478s ]
NOTIC: [8] Undefined variable: _description_content /Applications/MAMP/myhost/shangcheng/Application/Runtime/Cache/Home/862a52d698112494831f0f0bc6d3727d.php 第 5 行.
NOTIC: [8] Undefined variable: _key_content /Applications/MAMP/myhost/shangcheng/Application/Runtime/Cache/Home/862a52d698112494831f0f0bc6d3727d.php 第 6 行.
NOTIC: [8] Undefined variable: _title_name /Applications/MAMP/myhost/shangcheng/Application/Runtime/Cache/Home/862a52d698112494831f0f0bc6d3727d.php 第 7 行.
NOTIC: [8] Undefined variable: _nav /Applications/MAMP/myhost/shangcheng/Application/Runtime/Cache/Home/862a52d698112494831f0f0bc6d3727d.php 第 133 行.
NOTIC: [8] Undefined variable: _nav /Applications/MAMP/myhost/shangcheng/Application/Runtime/Cache/Home/862a52d698112494831f0f0bc6d3727d.php 第 134 行.
NOTIC: [8] Undefined variable: _nav /Applications/MAMP/myhost/shangcheng/Application/Runtime/Cache/Home/862a52d698112494831f0f0bc6d3727d.php 第 139 行.
NOTIC: [8] Undefined index: children /Applications/MAMP/myhost/shangcheng/Application/Runtime/Cache/Home/862a52d698112494831f0f0bc6d3727d.php 第 148 行.
NOTIC: [2] Invalid argument supplied for foreach() /Applications/MAMP/myhost/shangcheng/Application/Runtime/Cache/Home/862a52d698112494831f0f0bc6d3727d.php 第 148 行.
NOTIC: [8] Undefined index: children /Applications/MAMP/myhost/shangcheng/Application/Runtime/Cache/Home/862a52d698112494831f0f0bc6d3727d.php 第 148 行.
NOTIC: [2] Invalid argument supplied for foreach() /Applications/MAMP/myhost/shangcheng/Application/Runtime/Cache/Home/862a52d698112494831f0f0bc6d3727d.php 第 148 行.
NOTIC: [8] Undefined index: children /Applications/MAMP/myhost/shangcheng/Application/Runtime/Cache/Home/862a52d698112494831f0f0bc6d3727d.php 第 148 行.
NOTIC: [2] Invalid argument supplied for foreach() /Applications/MAMP/myhost/shangcheng/Application/Runtime/Cache/Home/862a52d698112494831f0f0bc6d3727d.php 第 148 行.
NOTIC: [8] Undefined index: children /Applications/MAMP/myhost/shangcheng/Application/Runtime/Cache/Home/862a52d698112494831f0f0bc6d3727d.php 第 148 行.
NOTIC: [2] Invalid argument supplied for foreach() /Applications/MAMP/myhost/shangcheng/Application/Runtime/Cache/Home/862a52d698112494831f0f0bc6d3727d.php 第 148 行.
NOTIC: [8] Undefined index: children /Applications/MAMP/myhost/shangcheng/Application/Runtime/Cache/Home/862a52d698112494831f0f0bc6d3727d.php 第 148 行.
NOTIC: [2] Invalid argument supplied for foreach() /Applications/MAMP/myhost/shangcheng/Application/Runtime/Cache/Home/862a52d698112494831f0f0bc6d3727d.php 第 148 行.
NOTIC: [8] Undefined index: children /Applications/MAMP/myhost/shangcheng/Application/Runtime/Cache/Home/862a52d698112494831f0f0bc6d3727d.php 第 148 行.
NOTIC: [2] Invalid argument supplied for foreach() /Applications/MAMP/myhost/shangcheng/Application/Runtime/Cache/Home/862a52d698112494831f0f0bc6d3727d.php 第 148 行.
NOTIC: [8] Undefined index: children /Applications/MAMP/myhost/shangcheng/Application/Runtime/Cache/Home/862a52d698112494831f0f0bc6d3727d.php 第 148 行.
NOTIC: [2] Invalid argument supplied for foreach() /Applications/MAMP/myhost/shangcheng/Application/Runtime/Cache/Home/862a52d698112494831f0f0bc6d3727d.php 第 148 行.
NOTIC: [8] Undefined index: children /Applications/MAMP/myhost/shangcheng/Application/Runtime/Cache/Home/862a52d698112494831f0f0bc6d3727d.php 第 148 行.
NOTIC: [2] Invalid argument supplied for foreach() /Applications/MAMP/myhost/shangcheng/Application/Runtime/Cache/Home/862a52d698112494831f0f0bc6d3727d.php 第 148 行.
NOTIC: [8] Undefined index: children /Applications/MAMP/myhost/shangcheng/Application/Runtime/Cache/Home/862a52d698112494831f0f0bc6d3727d.php 第 148 行.
NOTIC: [2] Invalid argument supplied for foreach() /Applications/MAMP/myhost/shangcheng/Application/Runtime/Cache/Home/862a52d698112494831f0f0bc6d3727d.php 第 148 行.
INFO: Run Behavior\ParseTemplateBehavior [ RunTime:0.018934s ]
INFO: [ view_parse ] --END-- [ RunTime:0.019141s ]
INFO: [ view_filter ] --START--
INFO: Run Behavior\WriteHtmlCacheBehavior [ RunTime:0.000263s ]
INFO: [ view_filter ] --END-- [ RunTime:0.000301s ]
INFO: [ app_end ] --START--
INFO: Run Behavior\ShowPageTraceBehavior [ RunTime:0.001012s ]
INFO: [ app_end ] --END-- [ RunTime:0.001091s ]

[ 2017-04-27T21:01:05+08:00 ] 127.0.0.1 /shangcheng/index.php/Home/Index/ajaxGetHistory/id/44.html
INFO: [ app_init ] --START--
INFO: Run Behavior\BuildLiteBehavior [ RunTime:0.000022s ]
INFO: [ app_init ] --END-- [ RunTime:0.000572s ]
INFO: [ app_begin ] --START--
INFO: Run Behavior\ReadHtmlCacheBehavior [ RunTime:0.000933s ]
INFO: [ app_begin ] --END-- [ RunTime:0.001001s ]
NOTIC: [2] Declaration of Admin\Model\CategoryModel::_before_delete(&$option) should be compatible with Think\Model::_before_delete($options) /Applications/MAMP/myhost/shangcheng/Application/Admin/Model/CategoryModel.class.php 第 4 行.
SQL: SHOW COLUMNS FROM `p39_category` [ RunTime:0.0017s ]
SQL: SHOW COLUMNS FROM `p39_goods` [ RunTime:0.0025s ]
SQL: SELECT `id`,`goods_name`,`mid_img` FROM `p39_goods` WHERE `id` IN ('44') ORDER BY FIELD (id,44)  [ RunTime:0.0015s ]
INFO: [ app_end ] --START--
INFO: Run Behavior\ShowPageTraceBehavior [ RunTime:0.000825s ]
INFO: [ app_end ] --END-- [ RunTime:0.000879s ]

[ 2017-04-27T21:01:06+08:00 ] 127.0.0.1 /shangcheng/index.php/Home/Index/ajaxGetMemberPrice/id/44.html
INFO: [ app_init ] --START--
INFO: Run Behavior\BuildLiteBehavior [ RunTime:0.000041s ]
INFO: [ app_init ] --END-- [ RunTime:0.000730s ]
INFO: [ app_begin ] --START--
INFO: Run Behavior\ReadHtmlCacheBehavior [ RunTime:0.026851s ]
INFO: [ app_begin ] --END-- [ RunTime:0.026923s ]
NOTIC: [2] Declaration of Admin\Model\CategoryModel::_before_delete(&$option) should be compatible with Think\Model::_before_delete($options) /Applications/MAMP/myhost/shangcheng/Application/Admin/Model/CategoryModel.class.php 第 4 行.
SQL: SHOW COLUMNS FROM `p39_category` [ RunTime:0.0037s ]
SQL: SHOW COLUMNS FROM `p39_goods` [ RunTime:0.0073s ]
SQL: SELECT `promote_price` FROM `p39_goods` WHERE `id` = '44' AND `promote_price` > 0 AND `promote_start_date` >= '2017-04-27 21:01:06' AND `promote_end_date` <= '2017-04-27 21:01:06' LIMIT 1   [ RunTime:0.0013s ]
SQL: SELECT `shop_price` FROM `p39_goods` WHERE `id` = '44' LIMIT 1   [ RunTime:0.0025s ]
INFO: [ app_end ] --START--
INFO: Run Behavior\ShowPageTraceBehavior [ RunTime:0.001387s ]
INFO: [ app_end ] --END-- [ RunTime:0.001664s ]

[ 2017-04-27T21:01:06+08:00 ] 127.0.0.1 /shangcheng/index.php/Home/login/ajaxlogin.html
INFO: [ app_init ] --START--
INFO: Run Behavior\BuildLiteBehavior [ RunTime:0.000041s ]
INFO: [ app_init ] --END-- [ RunTime:0.000897s ]
INFO: [ app_begin ] --START--
INFO: Run Behavior\ReadHtmlCacheBehavior [ RunTime:0.067729s ]
INFO: [ app_begin ] --END-- [ RunTime:0.067810s ]
INFO: [ app_end ] --START--
INFO: Run Behavior\ShowPageTraceBehavior [ RunTime:0.001486s ]
INFO: [ app_end ] --END-- [ RunTime:0.001580s ]

[ 2017-04-27T21:01:07+08:00 ] 127.0.0.1 /shangcheng/index.php/Home/Cart/add.html
INFO: [ app_init ] --START--
INFO: Run Behavior\BuildLiteBehavior [ RunTime:0.000017s ]
INFO: [ app_init ] --END-- [ RunTime:0.000421s ]
INFO: [ app_begin ] --START--
INFO: Run Behavior\ReadHtmlCacheBehavior [ RunTime:0.000735s ]
INFO: [ app_begin ] --END-- [ RunTime:0.000801s ]
NOTIC: [2] Declaration of Home\Model\CartModel::add() should be compatible with Think\Model::add($data = '', $options = Array, $replace = false) /Applications/MAMP/myhost/shangcheng/Application/Home/Model/CartModel.class.php 第 4 行.
SQL: SHOW COLUMNS FROM `p39_cart` [ RunTime:0.0049s ]
NOTIC: [8] Undefined index: validate /Applications/MAMP/myhost/shangcheng/ThinkPHP/Library/Think/Model.class.php 第 1185 行.
NOTIC: [8] Undefined index: auto /Applications/MAMP/myhost/shangcheng/ThinkPHP/Library/Think/Model.class.php 第 1128 行.
NOTIC: [8] Indirect modification of overloaded property Home\Model\CartModel::$goods_attr_id has no effect /Applications/MAMP/myhost/shangcheng/Application/Home/Model/CartModel.class.php 第 17 行.
INFO: [ view_parse ] --START--
INFO: [ template_filter ] --START--
INFO: Run Behavior\ContentReplaceBehavior [ RunTime:0.000049s ]
INFO: [ template_filter ] --END-- [ RunTime:0.000099s ]
INFO: Run Behavior\ParseTemplateBehavior [ RunTime:0.008846s ]
INFO: [ view_parse ] --END-- [ RunTime:0.008890s ]
INFO: [ view_filter ] --START--
INFO: Run Behavior\WriteHtmlCacheBehavior [ RunTime:0.000153s ]
INFO: [ view_filter ] --END-- [ RunTime:0.000181s ]

[ 2017-04-27T21:01:09+08:00 ] 127.0.0.1 /shangcheng/index.php/Home/Cart/lst.html
INFO: [ app_init ] --START--
INFO: Run Behavior\BuildLiteBehavior [ RunTime:0.000019s ]
INFO: [ app_init ] --END-- [ RunTime:0.000821s ]
INFO: [ app_begin ] --START--
INFO: Run Behavior\ReadHtmlCacheBehavior [ RunTime:0.000863s ]
INFO: [ app_begin ] --END-- [ RunTime:0.000918s ]
NOTIC: [2] Declaration of Home\Model\CartModel::add() should be compatible with Think\Model::add($data = '', $options = Array, $replace = false) /Applications/MAMP/myhost/shangcheng/Application/Home/Model/CartModel.class.php 第 4 行.
SQL: SHOW COLUMNS FROM `p39_cart` [ RunTime:0.0018s ]
NOTIC: [2] sort() expects parameter 1 to be array, string given /Applications/MAMP/myhost/shangcheng/Application/Home/Model/CartModel.class.php 第 117 行.
SQL: SHOW COLUMNS FROM `p39_goods` [ RunTime:0.0019s ]
NOTIC: D方法实例化没找到模型类Admin\Model\GoodsAttrModel
SQL: SHOW COLUMNS FROM `p39_goods_attr` [ RunTime:0.0014s ]
SQL: SELECT `goods_name`,`mid_img` FROM `p39_goods` WHERE `id` = 44 LIMIT 1   [ RunTime:0.0005s ]
SQL: SELECT `promote_price` FROM `p39_goods` WHERE `id` = '44' AND `promote_price` > 0 AND `promote_start_date` >= '2017-04-27 21:01:09' AND `promote_end_date` <= '2017-04-27 21:01:09' LIMIT 1   [ RunTime:0.0005s ]
SQL: SELECT `shop_price` FROM `p39_goods` WHERE `id` = '44' LIMIT 1   [ RunTime:0.0004s ]
SQL: SELECT b.attr_name,a.attr_value FROM p39_goods_attr a left join p39_attribute b on a.attr_id=b.id  WHERE a.id IN ('22','25','27')  [ RunTime:0.0005s ]
INFO: [ view_parse ] --START--
INFO: [ template_filter ] --START--
INFO: Run Behavior\ContentReplaceBehavior [ RunTime:0.000109s ]
INFO: [ template_filter ] --END-- [ RunTime:0.000172s ]
NOTIC: [8] Undefined variable: _description_content /Applications/MAMP/myhost/shangcheng/Application/Runtime/Cache/Home/ad731cb508cb3d23cea25bb6848941ce.php 第 5 行.
NOTIC: [8] Undefined variable: _key_content /Applications/MAMP/myhost/shangcheng/Application/Runtime/Cache/Home/ad731cb508cb3d23cea25bb6848941ce.php 第 6 行.
NOTIC: [8] Undefined variable: _title_name /Applications/MAMP/myhost/shangcheng/Application/Runtime/Cache/Home/ad731cb508cb3d23cea25bb6848941ce.php 第 7 行.
INFO: Run Behavior\ParseTemplateBehavior [ RunTime:0.009702s ]
INFO: [ view_parse ] --END-- [ RunTime:0.009766s ]
INFO: [ view_filter ] --START--
INFO: Run Behavior\WriteHtmlCacheBehavior [ RunTime:0.000287s ]
INFO: [ view_filter ] --END-- [ RunTime:0.000411s ]
INFO: [ app_end ] --START--
INFO: Run Behavior\ShowPageTraceBehavior [ RunTime:0.000983s ]
INFO: [ app_end ] --END-- [ RunTime:0.001055s ]

[ 2017-04-27T21:01:09+08:00 ] 127.0.0.1 /shangcheng/index.php/Home/login/ajaxlogin.html
INFO: [ app_init ] --START--
INFO: Run Behavior\BuildLiteBehavior [ RunTime:0.000018s ]
INFO: [ app_init ] --END-- [ RunTime:0.000399s ]
INFO: [ app_begin ] --START--
INFO: Run Behavior\ReadHtmlCacheBehavior [ RunTime:0.000716s ]
INFO: [ app_begin ] --END-- [ RunTime:0.000779s ]
INFO: [ app_end ] --START--
INFO: Run Behavior\ShowPageTraceBehavior [ RunTime:0.000727s ]
INFO: [ app_end ] --END-- [ RunTime:0.000782s ]

[ 2017-04-27T21:01:10+08:00 ] 127.0.0.1 /shangcheng/index.php/Home/Order/add.html
INFO: [ app_init ] --START--
INFO: Run Behavior\BuildLiteBehavior [ RunTime:0.000023s ]
INFO: [ app_init ] --END-- [ RunTime:0.000475s ]
INFO: [ app_begin ] --START--
INFO: Run Behavior\ReadHtmlCacheBehavior [ RunTime:0.001415s ]
INFO: [ app_begin ] --END-- [ RunTime:0.001483s ]

[ 2017-04-27T21:01:10+08:00 ] 127.0.0.1 /shangcheng/index.php/Home/Login/login.html
INFO: [ app_init ] --START--
INFO: Run Behavior\BuildLiteBehavior [ RunTime:0.000013s ]
INFO: [ app_init ] --END-- [ RunTime:0.000317s ]
INFO: [ app_begin ] --START--
INFO: Run Behavior\ReadHtmlCacheBehavior [ RunTime:0.000493s ]
INFO: [ app_begin ] --END-- [ RunTime:0.000526s ]
SQL: SHOW COLUMNS FROM `p39_member` [ RunTime:0.0047s ]
INFO: [ view_parse ] --START--
INFO: [ template_filter ] --START--
INFO: Run Behavior\ContentReplaceBehavior [ RunTime:0.000135s ]
INFO: [ template_filter ] --END-- [ RunTime:0.000203s ]
NOTIC: [8] Undefined variable: _description_content /Applications/MAMP/myhost/shangcheng/Application/Runtime/Cache/Home/50c9f5d2ef37c2cf131d5cf1381d3a4b.php 第 5 行.
NOTIC: [8] Undefined variable: _key_content /Applications/MAMP/myhost/shangcheng/Application/Runtime/Cache/Home/50c9f5d2ef37c2cf131d5cf1381d3a4b.php 第 6 行.
NOTIC: [8] Undefined variable: _title_name /Applications/MAMP/myhost/shangcheng/Application/Runtime/Cache/Home/50c9f5d2ef37c2cf131d5cf1381d3a4b.php 第 7 行.
INFO: Run Behavior\ParseTemplateBehavior [ RunTime:0.009880s ]
INFO: [ view_parse ] --END-- [ RunTime:0.009925s ]
INFO: [ view_filter ] --START--
INFO: Run Behavior\WriteHtmlCacheBehavior [ RunTime:0.000164s ]
INFO: [ view_filter ] --END-- [ RunTime:0.000191s ]
INFO: [ app_end ] --START--
INFO: Run Behavior\ShowPageTraceBehavior [ RunTime:0.000535s ]
INFO: [ app_end ] --END-- [ RunTime:0.000564s ]

[ 2017-04-27T21:01:10+08:00 ] 127.0.0.1 /shangcheng/index.php/Home/Login/chkcode
INFO: [ app_init ] --START--
INFO: Run Behavior\BuildLiteBehavior [ RunTime:0.000040s ]
INFO: [ app_init ] --END-- [ RunTime:0.000736s ]
INFO: [ app_begin ] --START--
INFO: Run Behavior\ReadHtmlCacheBehavior [ RunTime:0.000960s ]
INFO: [ app_begin ] --END-- [ RunTime:0.001031s ]
INFO: [ app_end ] --START--
INFO: Run Behavior\ShowPageTraceBehavior [ RunTime:0.000829s ]
INFO: [ app_end ] --END-- [ RunTime:0.000946s ]

[ 2017-04-27T21:01:10+08:00 ] 127.0.0.1 /shangcheng/index.php/Home/login/ajaxlogin.html
INFO: [ app_init ] --START--
INFO: Run Behavior\BuildLiteBehavior [ RunTime:0.000017s ]
INFO: [ app_init ] --END-- [ RunTime:0.000798s ]
INFO: [ app_begin ] --START--
INFO: Run Behavior\ReadHtmlCacheBehavior [ RunTime:0.019040s ]
INFO: [ app_begin ] --END-- [ RunTime:0.019123s ]
INFO: [ app_end ] --START--
INFO: Run Behavior\ShowPageTraceBehavior [ RunTime:0.000847s ]
INFO: [ app_end ] --END-- [ RunTime:0.000912s ]

[ 2017-04-27T21:01:13+08:00 ] 127.0.0.1 /shangcheng/index.php/Home/index/index.html
INFO: [ app_init ] --START--
INFO: Run Behavior\BuildLiteBehavior [ RunTime:0.000013s ]
INFO: [ app_init ] --END-- [ RunTime:0.000324s ]
INFO: [ app_begin ] --START--

[ 2017-04-27T21:01:13+08:00 ] 127.0.0.1 /shangcheng/index.php/Home/login/ajaxlogin.html
INFO: [ app_init ] --START--
INFO: Run Behavior\BuildLiteBehavior [ RunTime:0.000033s ]
INFO: [ app_init ] --END-- [ RunTime:0.000702s ]
INFO: [ app_begin ] --START--
INFO: Run Behavior\ReadHtmlCacheBehavior [ RunTime:0.001141s ]
INFO: [ app_begin ] --END-- [ RunTime:0.001226s ]
INFO: [ app_end ] --START--
INFO: Run Behavior\ShowPageTraceBehavior [ RunTime:0.000854s ]
INFO: [ app_end ] --END-- [ RunTime:0.000943s ]

[ 2017-04-27T21:29:40+08:00 ] 127.0.0.1 /shangcheng/index.php/Home/cart/ajaxCartLst.html
INFO: [ app_init ] --START--
INFO: Run Behavior\BuildLiteBehavior [ RunTime:0.000041s ]
INFO: [ app_init ] --END-- [ RunTime:0.001149s ]
INFO: [ app_begin ] --START--
INFO: Run Behavior\ReadHtmlCacheBehavior [ RunTime:0.001181s ]
INFO: [ app_begin ] --END-- [ RunTime:0.001312s ]
NOTIC: [2] Declaration of Home\Model\CartModel::add() should be compatible with Think\Model::add($data = '', $options = Array, $replace = false) /Applications/MAMP/myhost/shangcheng/Application/Home/Model/CartModel.class.php 第 4 行.
SQL: SHOW COLUMNS FROM `p39_cart` [ RunTime:0.0073s ]
NOTIC: [2] sort() expects parameter 1 to be array, string given /Applications/MAMP/myhost/shangcheng/Application/Home/Model/CartModel.class.php 第 117 行.
SQL: SHOW COLUMNS FROM `p39_goods` [ RunTime:0.0044s ]
NOTIC: D方法实例化没找到模型类Admin\Model\GoodsAttrModel
SQL: SHOW COLUMNS FROM `p39_goods_attr` [ RunTime:0.0033s ]
SQL: SELECT `goods_name`,`mid_img` FROM `p39_goods` WHERE `id` = 44 LIMIT 1   [ RunTime:0.0005s ]
SQL: SELECT `promote_price` FROM `p39_goods` WHERE `id` = '44' AND `promote_price` > 0 AND `promote_start_date` >= '2017-04-27 21:29:40' AND `promote_end_date` <= '2017-04-27 21:29:40' LIMIT 1   [ RunTime:0.0005s ]
SQL: SELECT `shop_price` FROM `p39_goods` WHERE `id` = '44' LIMIT 1   [ RunTime:0.0004s ]
SQL: SELECT b.attr_name,a.attr_value FROM p39_goods_attr a left join p39_attribute b on a.attr_id=b.id  WHERE a.id IN ('22','25','27')  [ RunTime:0.0006s ]
INFO: [ app_end ] --START--
INFO: Run Behavior\ShowPageTraceBehavior [ RunTime:0.001182s ]
INFO: [ app_end ] --END-- [ RunTime:0.001248s ]

[ 2017-04-27T21:29:40+08:00 ] 127.0.0.1 /shangcheng/index.php/Home/Cart/lst.html
INFO: [ app_init ] --START--
INFO: Run Behavior\BuildLiteBehavior [ RunTime:0.000017s ]
INFO: [ app_init ] --END-- [ RunTime:0.000379s ]
INFO: [ app_begin ] --START--
INFO: Run Behavior\ReadHtmlCacheBehavior [ RunTime:0.000581s ]
INFO: [ app_begin ] --END-- [ RunTime:0.000623s ]
NOTIC: [2] Declaration of Home\Model\CartModel::add() should be compatible with Think\Model::add($data = '', $options = Array, $replace = false) /Applications/MAMP/myhost/shangcheng/Application/Home/Model/CartModel.class.php 第 4 行.
SQL: SHOW COLUMNS FROM `p39_cart` [ RunTime:0.0015s ]
NOTIC: [2] sort() expects parameter 1 to be array, string given /Applications/MAMP/myhost/shangcheng/Application/Home/Model/CartModel.class.php 第 117 行.
SQL: SHOW COLUMNS FROM `p39_goods` [ RunTime:0.0016s ]
NOTIC: D方法实例化没找到模型类Admin\Model\GoodsAttrModel
SQL: SHOW COLUMNS FROM `p39_goods_attr` [ RunTime:0.0014s ]
SQL: SELECT `goods_name`,`mid_img` FROM `p39_goods` WHERE `id` = 44 LIMIT 1   [ RunTime:0.0005s ]
SQL: SELECT `promote_price` FROM `p39_goods` WHERE `id` = '44' AND `promote_price` > 0 AND `promote_start_date` >= '2017-04-27 21:29:40' AND `promote_end_date` <= '2017-04-27 21:29:40' LIMIT 1   [ RunTime:0.0004s ]
SQL: SELECT `shop_price` FROM `p39_goods` WHERE `id` = '44' LIMIT 1   [ RunTime:0.0003s ]
SQL: SELECT b.attr_name,a.attr_value FROM p39_goods_attr a left join p39_attribute b on a.attr_id=b.id  WHERE a.id IN ('22','25','27')  [ RunTime:0.0005s ]
INFO: [ view_parse ] --START--
INFO: [ template_filter ] --START--
INFO: Run Behavior\ContentReplaceBehavior [ RunTime:0.000102s ]
INFO: [ template_filter ] --END-- [ RunTime:0.000154s ]
NOTIC: [8] Undefined variable: _description_content /Applications/MAMP/myhost/shangcheng/Application/Runtime/Cache/Home/ad731cb508cb3d23cea25bb6848941ce.php 第 5 行.
NOTIC: [8] Undefined variable: _key_content /Applications/MAMP/myhost/shangcheng/Application/Runtime/Cache/Home/ad731cb508cb3d23cea25bb6848941ce.php 第 6 行.
NOTIC: [8] Undefined variable: _title_name /Applications/MAMP/myhost/shangcheng/Application/Runtime/Cache/Home/ad731cb508cb3d23cea25bb6848941ce.php 第 7 行.
INFO: Run Behavior\ParseTemplateBehavior [ RunTime:0.014100s ]
INFO: [ view_parse ] --END-- [ RunTime:0.014134s ]
INFO: [ view_filter ] --START--
INFO: Run Behavior\WriteHtmlCacheBehavior [ RunTime:0.000515s ]
INFO: [ view_filter ] --END-- [ RunTime:0.000561s ]
INFO: [ app_end ] --START--
INFO: Run Behavior\ShowPageTraceBehavior [ RunTime:0.000536s ]
INFO: [ app_end ] --END-- [ RunTime:0.000568s ]

[ 2017-04-27T21:29:41+08:00 ] 127.0.0.1 /shangcheng/index.php/Home/login/ajaxlogin.html
INFO: [ app_init ] --START--
INFO: Run Behavior\BuildLiteBehavior [ RunTime:0.000034s ]
INFO: [ app_init ] --END-- [ RunTime:0.001266s ]
INFO: [ app_begin ] --START--
INFO: Run Behavior\ReadHtmlCacheBehavior [ RunTime:0.001061s ]
INFO: [ app_begin ] --END-- [ RunTime:0.001292s ]
INFO: [ app_end ] --START--
INFO: Run Behavior\ShowPageTraceBehavior [ RunTime:0.000957s ]
INFO: [ app_end ] --END-- [ RunTime:0.001046s ]

[ 2017-04-27T21:31:36+08:00 ] 127.0.0.1 /shangcheng/index.php/Home/Cart/lst.html
INFO: [ app_init ] --START--
INFO: Run Behavior\BuildLiteBehavior [ RunTime:0.000031s ]
INFO: [ app_init ] --END-- [ RunTime:0.000557s ]
INFO: [ app_begin ] --START--
INFO: Run Behavior\ReadHtmlCacheBehavior [ RunTime:0.000765s ]
INFO: [ app_begin ] --END-- [ RunTime:0.000812s ]
NOTIC: [2] Declaration of Home\Model\CartModel::add() should be compatible with Think\Model::add($data = '', $options = Array, $replace = false) /Applications/MAMP/myhost/shangcheng/Application/Home/Model/CartModel.class.php 第 4 行.
SQL: SHOW COLUMNS FROM `p39_cart` [ RunTime:0.0019s ]
NOTIC: [2] sort() expects parameter 1 to be array, string given /Applications/MAMP/myhost/shangcheng/Application/Home/Model/CartModel.class.php 第 117 行.
SQL: SHOW COLUMNS FROM `p39_goods` [ RunTime:0.0016s ]
NOTIC: D方法实例化没找到模型类Admin\Model\GoodsAttrModel
SQL: SHOW COLUMNS FROM `p39_goods_attr` [ RunTime:0.0014s ]
SQL: SELECT `goods_name`,`mid_img` FROM `p39_goods` WHERE `id` = 44 LIMIT 1   [ RunTime:0.0004s ]
SQL: SELECT `promote_price` FROM `p39_goods` WHERE `id` = '44' AND `promote_price` > 0 AND `promote_start_date` >= '2017-04-27 21:31:36' AND `promote_end_date` <= '2017-04-27 21:31:36' LIMIT 1   [ RunTime:0.0004s ]
SQL: SELECT `shop_price` FROM `p39_goods` WHERE `id` = '44' LIMIT 1   [ RunTime:0.0004s ]
SQL: SELECT b.attr_name,a.attr_value FROM p39_goods_attr a left join p39_attribute b on a.attr_id=b.id  WHERE a.id IN ('22','25','27')  [ RunTime:0.0006s ]
INFO: [ view_parse ] --START--
INFO: [ template_filter ] --START--
INFO: Run Behavior\ContentReplaceBehavior [ RunTime:0.000135s ]
INFO: [ template_filter ] --END-- [ RunTime:0.000193s ]
NOTIC: [8] Undefined variable: _description_content /Applications/MAMP/myhost/shangcheng/Application/Runtime/Cache/Home/ad731cb508cb3d23cea25bb6848941ce.php 第 5 行.
NOTIC: [8] Undefined variable: _key_content /Applications/MAMP/myhost/shangcheng/Application/Runtime/Cache/Home/ad731cb508cb3d23cea25bb6848941ce.php 第 6 行.
NOTIC: [8] Undefined variable: _title_name /Applications/MAMP/myhost/shangcheng/Application/Runtime/Cache/Home/ad731cb508cb3d23cea25bb6848941ce.php 第 7 行.
INFO: Run Behavior\ParseTemplateBehavior [ RunTime:0.011731s ]
INFO: [ view_parse ] --END-- [ RunTime:0.011770s ]
INFO: [ view_filter ] --START--
INFO: Run Behavior\WriteHtmlCacheBehavior [ RunTime:0.000149s ]
INFO: [ view_filter ] --END-- [ RunTime:0.000175s ]
INFO: [ app_end ] --START--
INFO: Run Behavior\ShowPageTraceBehavior [ RunTime:0.000501s ]
INFO: [ app_end ] --END-- [ RunTime:0.000530s ]

[ 2017-04-27T21:31:36+08:00 ] 127.0.0.1 /shangcheng/index.php/Home/login/ajaxlogin.html
INFO: [ app_init ] --START--
INFO: Run Behavior\BuildLiteBehavior [ RunTime:0.000025s ]
INFO: [ app_init ] --END-- [ RunTime:0.000624s ]
INFO: [ app_begin ] --START--
INFO: Run Behavior\ReadHtmlCacheBehavior [ RunTime:0.000903s ]
INFO: [ app_begin ] --END-- [ RunTime:0.000964s ]
INFO: [ app_end ] --START--
INFO: Run Behavior\ShowPageTraceBehavior [ RunTime:0.000567s ]
INFO: [ app_end ] --END-- [ RunTime:0.000613s ]

[ 2017-04-27T21:31:41+08:00 ] 127.0.0.1 /shangcheng/index.php/Home/index/index.html
INFO: [ app_init ] --START--
INFO: Run Behavior\BuildLiteBehavior [ RunTime:0.000031s ]
INFO: [ app_init ] --END-- [ RunTime:0.000496s ]
INFO: [ app_begin ] --START--
INFO: Run Behavior\ReadHtmlCacheBehavior [ RunTime:0.002890s ]
INFO: [ app_begin ] --END-- [ RunTime:0.002966s ]
NOTIC: [2] Declaration of Admin\Model\CategoryModel::_before_delete(&$option) should be compatible with Think\Model::_before_delete($options) /Applications/MAMP/myhost/shangcheng/Application/Admin/Model/CategoryModel.class.php 第 4 行.
SQL: SHOW COLUMNS FROM `p39_category` [ RunTime:0.0020s ]
SQL: SELECT * FROM `p39_category`  [ RunTime:0.0007s ]
SQL: SHOW COLUMNS FROM `p39_goods` [ RunTime:0.0023s ]
SQL: SELECT `id`,`mid_img`,`shop_price`,`goods_name`,`promote_price` FROM `p39_goods` WHERE `promote_price` > 0 AND `is_on_sale` = '是' AND `promote_start_date` <= '2017-04-27 21:31:41' AND `promote_end_date` >= '2017-04-27 21:31:41' ORDER BY sort_num asc LIMIT 5   [ RunTime:0.0009s ]
SQL: SELECT * FROM `p39_goods` WHERE `is_hot` = '是' AND `is_on_sale` = '是' ORDER BY sort_num asc LIMIT 5   [ RunTime:0.0011s ]
SQL: SELECT * FROM `p39_goods` WHERE `is_best` = '是' AND `is_on_sale` = '是' ORDER BY sort_num asc LIMIT 5   [ RunTime:0.0007s ]
SQL: SELECT * FROM `p39_goods` WHERE `is_new` = '是' AND `is_on_sale` = '是' ORDER BY sort_num asc LIMIT 5   [ RunTime:0.0007s ]
SQL: SELECT * FROM `p39_category` WHERE `is_floor` = '是' AND `parent_id` = '0'  [ RunTime:0.0004s ]
SQL: SELECT * FROM `p39_category`  [ RunTime:0.0004s ]
SQL: SELECT `id` FROM `p39_goods` WHERE `cat_id` IN ('22','24','25','29','23','34','35','36','21')  [ RunTime:0.0006s ]
SQL: SHOW COLUMNS FROM `p39_goods_cat` [ RunTime:0.0019s ]
SQL: SELECT DISTINCT goods_id id FROM `p39_goods_cat` WHERE `cat_id` IN ('22','24','25','29','23','34','35','36','21')  [ RunTime:0.0007s ]
SQL: SELECT DISTINCT brand_id,b.brand_name,b.logo FROM p39_goods a LEFT JOIN p39_brand b ON a.brand_id=b.id  WHERE a.id IN ('31','35','37','38','39','42','21','28','33','44','34','19','32','36') AND a.brand_id <> 0 LIMIT 9   [ RunTime:0.0009s ]
SQL: SELECT * FROM `p39_category` WHERE `is_floor` = '否' AND `parent_id` = '21'  [ RunTime:0.0004s ]
SQL: SELECT * FROM `p39_category` WHERE `is_floor` = '是' AND `parent_id` = '21'  [ RunTime:0.0004s ]
SQL: SELECT * FROM `p39_category`  [ RunTime:0.0004s ]
SQL: SELECT `id` FROM `p39_goods` WHERE `cat_id` IN ('24','25','29','22')  [ RunTime:0.0004s ]
SQL: SELECT DISTINCT goods_id id FROM `p39_goods_cat` WHERE `cat_id` IN ('24','25','29','22')  [ RunTime:0.0004s ]
SQL: SELECT * FROM `p39_goods` WHERE `id` IN ('21','28','33','34','19','32','35','36','42','44',0) AND `is_on_sale` = '是' AND `is_floor` = '是'  [ RunTime:0.0006s ]
SQL: SELECT * FROM `p39_category`  [ RunTime:0.0004s ]
SQL: SELECT `id` FROM `p39_goods` WHERE `cat_id` IN ('23')  [ RunTime:0.0004s ]
SQL: SELECT DISTINCT goods_id id FROM `p39_goods_cat` WHERE `cat_id` IN ('23')  [ RunTime:0.0005s ]
SQL: SELECT * FROM `p39_goods` WHERE `id` IN ('44',0) AND `is_on_sale` = '是' AND `is_floor` = '是'  [ RunTime:0.0006s ]
SQL: SELECT * FROM `p39_category`  [ RunTime:0.0004s ]
SQL: SELECT `id` FROM `p39_goods` WHERE `cat_id` IN ('34')  [ RunTime:0.0005s ]
SQL: SELECT DISTINCT goods_id id FROM `p39_goods_cat` WHERE `cat_id` IN ('34')  [ RunTime:0.0007s ]
SQL: SELECT * FROM `p39_goods` WHERE `id` IN ('37',0) AND `is_on_sale` = '是' AND `is_floor` = '是'  [ RunTime:0.0008s ]
SQL: SELECT * FROM `p39_category`  [ RunTime:0.0004s ]
SQL: SELECT `id` FROM `p39_goods` WHERE `cat_id` IN ('28','30','31','32','33','27')  [ RunTime:0.0004s ]
SQL: SELECT DISTINCT goods_id id FROM `p39_goods_cat` WHERE `cat_id` IN ('28','30','31','32','33','27')  [ RunTime:0.0005s ]
SQL: SELECT DISTINCT brand_id,b.brand_name,b.logo FROM p39_goods a LEFT JOIN p39_brand b ON a.brand_id=b.id  WHERE a.id IN ('43','27','34','35') AND a.brand_id <> 0 LIMIT 9   [ RunTime:0.0007s ]
SQL: SELECT * FROM `p39_category` WHERE `is_floor` = '否' AND `parent_id` = '27'  [ RunTime:0.0005s ]
SQL: SELECT * FROM `p39_category` WHERE `is_floor` = '是' AND `parent_id` = '27'  [ RunTime:0.0004s ]
SQL: SELECT * FROM `p39_category`  [ RunTime:0.0003s ]
SQL: SELECT `id` FROM `p39_goods` WHERE `cat_id` IN ('28')  [ RunTime:0.0004s ]
SQL: SELECT DISTINCT goods_id id FROM `p39_goods_cat` WHERE `cat_id` IN ('28')  [ RunTime:0.0005s ]
SQL: SELECT * FROM `p39_goods` WHERE `id` IN ('27','34','43',0) AND `is_on_sale` = '是' AND `is_floor` = '是'  [ RunTime:0.0008s ]
INFO: [ view_parse ] --START--
INFO: [ template_filter ] --START--
INFO: Run Behavior\ContentReplaceBehavior [ RunTime:0.000225s ]
INFO: [ template_filter ] --END-- [ RunTime:0.000272s ]
NOTIC: [8] Undefined index: children /Applications/MAMP/myhost/shangcheng/Application/Runtime/Cache/Home/2a94b8bda04ff446dcedd42276fc99ee.php 第 151 行.
NOTIC: [2] Invalid argument supplied for foreach() /Applications/MAMP/myhost/shangcheng/Application/Runtime/Cache/Home/2a94b8bda04ff446dcedd42276fc99ee.php 第 151 行.
NOTIC: [8] Undefined index: children /Applications/MAMP/myhost/shangcheng/Application/Runtime/Cache/Home/2a94b8bda04ff446dcedd42276fc99ee.php 第 151 行.
NOTIC: [2] Invalid argument supplied for foreach() /Applications/MAMP/myhost/shangcheng/Application/Runtime/Cache/Home/2a94b8bda04ff446dcedd42276fc99ee.php 第 151 行.
NOTIC: [8] Undefined index: children /Applications/MAMP/myhost/shangcheng/Application/Runtime/Cache/Home/2a94b8bda04ff446dcedd42276fc99ee.php 第 151 行.
NOTIC: [2] Invalid argument supplied for foreach() /Applications/MAMP/myhost/shangcheng/Application/Runtime/Cache/Home/2a94b8bda04ff446dcedd42276fc99ee.php 第 151 行.
NOTIC: [8] Undefined index: children /Applications/MAMP/myhost/shangcheng/Application/Runtime/Cache/Home/2a94b8bda04ff446dcedd42276fc99ee.php 第 151 行.
NOTIC: [2] Invalid argument supplied for foreach() /Applications/MAMP/myhost/shangcheng/Application/Runtime/Cache/Home/2a94b8bda04ff446dcedd42276fc99ee.php 第 151 行.
NOTIC: [8] Undefined index: children /Applications/MAMP/myhost/shangcheng/Application/Runtime/Cache/Home/2a94b8bda04ff446dcedd42276fc99ee.php 第 151 行.
NOTIC: [2] Invalid argument supplied for foreach() /Applications/MAMP/myhost/shangcheng/Application/Runtime/Cache/Home/2a94b8bda04ff446dcedd42276fc99ee.php 第 151 行.
NOTIC: [8] Undefined index: children /Applications/MAMP/myhost/shangcheng/Application/Runtime/Cache/Home/2a94b8bda04ff446dcedd42276fc99ee.php 第 151 行.
NOTIC: [2] Invalid argument supplied for foreach() /Applications/MAMP/myhost/shangcheng/Application/Runtime/Cache/Home/2a94b8bda04ff446dcedd42276fc99ee.php 第 151 行.
NOTIC: [8] Undefined index: children /Applications/MAMP/myhost/shangcheng/Application/Runtime/Cache/Home/2a94b8bda04ff446dcedd42276fc99ee.php 第 151 行.
NOTIC: [2] Invalid argument supplied for foreach() /Applications/MAMP/myhost/shangcheng/Application/Runtime/Cache/Home/2a94b8bda04ff446dcedd42276fc99ee.php 第 151 行.
NOTIC: [8] Undefined index: children /Applications/MAMP/myhost/shangcheng/Application/Runtime/Cache/Home/2a94b8bda04ff446dcedd42276fc99ee.php 第 151 行.
NOTIC: [2] Invalid argument supplied for foreach() /Applications/MAMP/myhost/shangcheng/Application/Runtime/Cache/Home/2a94b8bda04ff446dcedd42276fc99ee.php 第 151 行.
NOTIC: [8] Undefined index: children /Applications/MAMP/myhost/shangcheng/Application/Runtime/Cache/Home/2a94b8bda04ff446dcedd42276fc99ee.php 第 151 行.
NOTIC: [2] Invalid argument supplied for foreach() /Applications/MAMP/myhost/shangcheng/Application/Runtime/Cache/Home/2a94b8bda04ff446dcedd42276fc99ee.php 第 151 行.
INFO: Run Behavior\ParseTemplateBehavior [ RunTime:0.019407s ]
INFO: [ view_parse ] --END-- [ RunTime:0.019464s ]
INFO: [ view_filter ] --START--
INFO: Run Behavior\WriteHtmlCacheBehavior [ RunTime:0.000989s ]
INFO: [ view_filter ] --END-- [ RunTime:0.001046s ]
INFO: [ app_end ] --START--
INFO: Run Behavior\ShowPageTraceBehavior [ RunTime:0.000894s ]
INFO: [ app_end ] --END-- [ RunTime:0.000997s ]

[ 2017-04-27T21:31:41+08:00 ] 127.0.0.1 /shangcheng/index.php/Home/login/ajaxlogin.html
INFO: [ app_init ] --START--
INFO: Run Behavior\BuildLiteBehavior [ RunTime:0.000103s ]
INFO: [ app_init ] --END-- [ RunTime:0.001360s ]
INFO: [ app_begin ] --START--
INFO: Run Behavior\ReadHtmlCacheBehavior [ RunTime:0.000964s ]
INFO: [ app_begin ] --END-- [ RunTime:0.001049s ]
INFO: [ app_end ] --START--
INFO: Run Behavior\ShowPageTraceBehavior [ RunTime:0.001502s ]
INFO: [ app_end ] --END-- [ RunTime:0.001582s ]

[ 2017-04-27T21:32:31+08:00 ] 127.0.0.1 /shangcheng/index.php/Home/Index/goods/id/28.html
INFO: [ app_init ] --START--
INFO: Run Behavior\BuildLiteBehavior [ RunTime:0.000029s ]
INFO: [ app_init ] --END-- [ RunTime:0.000495s ]
INFO: [ app_begin ] --START--
INFO: Run Behavior\ReadHtmlCacheBehavior [ RunTime:0.001019s ]
INFO: [ app_begin ] --END-- [ RunTime:0.001076s ]
NOTIC: [2] Declaration of Admin\Model\CategoryModel::_before_delete(&$option) should be compatible with Think\Model::_before_delete($options) /Applications/MAMP/myhost/shangcheng/Application/Admin/Model/CategoryModel.class.php 第 4 行.
SQL: SHOW COLUMNS FROM `p39_category` [ RunTime:0.0020s ]
SQL: SELECT * FROM `p39_category`  [ RunTime:0.0008s ]
SQL: SHOW COLUMNS FROM `p39_goods` [ RunTime:0.0020s ]
SQL: SELECT * FROM `p39_goods` WHERE `id` = 28 LIMIT 1   [ RunTime:0.0005s ]
SQL: SELECT `id`,`cat_name`,`parent_id` FROM `p39_category` WHERE `id` = 22 LIMIT 1   [ RunTime:0.0005s ]
SQL: SELECT `id`,`cat_name`,`parent_id` FROM `p39_category` WHERE `id` = 21 LIMIT 1   [ RunTime:0.0005s ]
NOTIC: D方法实例化没找到模型类Admin\Model\GoodsPicModel
SQL: SHOW COLUMNS FROM `p39_goods_pic` [ RunTime:0.0014s ]
SQL: SELECT * FROM `p39_goods_pic` WHERE `goods_id` = '28'  [ RunTime:0.0004s ]
NOTIC: D方法实例化没找到模型类Admin\Model\GoodsAttrModel
SQL: SHOW COLUMNS FROM `p39_goods_attr` [ RunTime:0.0014s ]
SQL: SELECT a.*,b.attr_name,b.attr_type FROM p39_goods_attr a left join p39_attribute b on a.attr_id=b.id   WHERE `goods_id` = '28'  [ RunTime:0.0005s ]
SQL: SHOW COLUMNS FROM `p39_member_price` [ RunTime:0.0021s ]
SQL: SELECT a.*,b.level_name FROM p39_member_price a left join p39_member_level b on a.level_id=b.id  WHERE `goods_id` = '28'  [ RunTime:0.0008s ]
INFO: [ view_parse ] --START--
INFO: [ template_filter ] --START--
INFO: Run Behavior\ContentReplaceBehavior [ RunTime:0.000203s ]
INFO: [ template_filter ] --END-- [ RunTime:0.000245s ]
NOTIC: [8] Undefined variable: _description_content /Applications/MAMP/myhost/shangcheng/Application/Runtime/Cache/Home/862a52d698112494831f0f0bc6d3727d.php 第 5 行.
NOTIC: [8] Undefined variable: _key_content /Applications/MAMP/myhost/shangcheng/Application/Runtime/Cache/Home/862a52d698112494831f0f0bc6d3727d.php 第 6 行.
NOTIC: [8] Undefined variable: _title_name /Applications/MAMP/myhost/shangcheng/Application/Runtime/Cache/Home/862a52d698112494831f0f0bc6d3727d.php 第 7 行.
NOTIC: [8] Undefined variable: _nav /Applications/MAMP/myhost/shangcheng/Application/Runtime/Cache/Home/862a52d698112494831f0f0bc6d3727d.php 第 133 行.
NOTIC: [8] Undefined variable: _nav /Applications/MAMP/myhost/shangcheng/Application/Runtime/Cache/Home/862a52d698112494831f0f0bc6d3727d.php 第 134 行.
NOTIC: [8] Undefined variable: _nav /Applications/MAMP/myhost/shangcheng/Application/Runtime/Cache/Home/862a52d698112494831f0f0bc6d3727d.php 第 139 行.
NOTIC: [8] Undefined index: children /Applications/MAMP/myhost/shangcheng/Application/Runtime/Cache/Home/862a52d698112494831f0f0bc6d3727d.php 第 148 行.
NOTIC: [2] Invalid argument supplied for foreach() /Applications/MAMP/myhost/shangcheng/Application/Runtime/Cache/Home/862a52d698112494831f0f0bc6d3727d.php 第 148 行.
NOTIC: [8] Undefined index: children /Applications/MAMP/myhost/shangcheng/Application/Runtime/Cache/Home/862a52d698112494831f0f0bc6d3727d.php 第 148 行.
NOTIC: [2] Invalid argument supplied for foreach() /Applications/MAMP/myhost/shangcheng/Application/Runtime/Cache/Home/862a52d698112494831f0f0bc6d3727d.php 第 148 行.
NOTIC: [8] Undefined index: children /Applications/MAMP/myhost/shangcheng/Application/Runtime/Cache/Home/862a52d698112494831f0f0bc6d3727d.php 第 148 行.
NOTIC: [2] Invalid argument supplied for foreach() /Applications/MAMP/myhost/shangcheng/Application/Runtime/Cache/Home/862a52d698112494831f0f0bc6d3727d.php 第 148 行.
NOTIC: [8] Undefined index: children /Applications/MAMP/myhost/shangcheng/Application/Runtime/Cache/Home/862a52d698112494831f0f0bc6d3727d.php 第 148 行.
NOTIC: [2] Invalid argument supplied for foreach() /Applications/MAMP/myhost/shangcheng/Application/Runtime/Cache/Home/862a52d698112494831f0f0bc6d3727d.php 第 148 行.
NOTIC: [8] Undefined index: children /Applications/MAMP/myhost/shangcheng/Application/Runtime/Cache/Home/862a52d698112494831f0f0bc6d3727d.php 第 148 行.
NOTIC: [2] Invalid argument supplied for foreach() /Applications/MAMP/myhost/shangcheng/Application/Runtime/Cache/Home/862a52d698112494831f0f0bc6d3727d.php 第 148 行.
NOTIC: [8] Undefined index: children /Applications/MAMP/myhost/shangcheng/Application/Runtime/Cache/Home/862a52d698112494831f0f0bc6d3727d.php 第 148 行.
NOTIC: [2] Invalid argument supplied for foreach() /Applications/MAMP/myhost/shangcheng/Application/Runtime/Cache/Home/862a52d698112494831f0f0bc6d3727d.php 第 148 行.
NOTIC: [8] Undefined index: children /Applications/MAMP/myhost/shangcheng/Application/Runtime/Cache/Home/862a52d698112494831f0f0bc6d3727d.php 第 148 行.
NOTIC: [2] Invalid argument supplied for foreach() /Applications/MAMP/myhost/shangcheng/Application/Runtime/Cache/Home/862a52d698112494831f0f0bc6d3727d.php 第 148 行.
NOTIC: [8] Undefined index: children /Applications/MAMP/myhost/shangcheng/Application/Runtime/Cache/Home/862a52d698112494831f0f0bc6d3727d.php 第 148 行.
NOTIC: [2] Invalid argument supplied for foreach() /Applications/MAMP/myhost/shangcheng/Application/Runtime/Cache/Home/862a52d698112494831f0f0bc6d3727d.php 第 148 行.
NOTIC: [8] Undefined index: children /Applications/MAMP/myhost/shangcheng/Application/Runtime/Cache/Home/862a52d698112494831f0f0bc6d3727d.php 第 148 行.
NOTIC: [2] Invalid argument supplied for foreach() /Applications/MAMP/myhost/shangcheng/Application/Runtime/Cache/Home/862a52d698112494831f0f0bc6d3727d.php 第 148 行.
INFO: Run Behavior\ParseTemplateBehavior [ RunTime:0.015810s ]
INFO: [ view_parse ] --END-- [ RunTime:0.015875s ]
INFO: [ view_filter ] --START--
INFO: Run Behavior\WriteHtmlCacheBehavior [ RunTime:0.000850s ]
INFO: [ view_filter ] --END-- [ RunTime:0.000915s ]
INFO: [ app_end ] --START--
INFO: Run Behavior\ShowPageTraceBehavior [ RunTime:0.000845s ]
INFO: [ app_end ] --END-- [ RunTime:0.000921s ]

[ 2017-04-27T21:32:32+08:00 ] 127.0.0.1 /shangcheng/index.php/Home/Index/ajaxGetMemberPrice/id/28.html
INFO: [ app_init ] --START--
INFO: Run Behavior\BuildLiteBehavior [ RunTime:0.000026s ]
INFO: [ app_init ] --END-- [ RunTime:0.000611s ]
INFO: [ app_begin ] --START--
INFO: Run Behavior\ReadHtmlCacheBehavior [ RunTime:0.000953s ]
INFO: [ app_begin ] --END-- [ RunTime:0.001034s ]
NOTIC: [2] Declaration of Admin\Model\CategoryModel::_before_delete(&$option) should be compatible with Think\Model::_before_delete($options) /Applications/MAMP/myhost/shangcheng/Application/Admin/Model/CategoryModel.class.php 第 4 行.
SQL: SHOW COLUMNS FROM `p39_category` [ RunTime:0.0020s ]
SQL: SHOW COLUMNS FROM `p39_goods` [ RunTime:0.0019s ]
SQL: SELECT `promote_price` FROM `p39_goods` WHERE `id` = '28' AND `promote_price` > 0 AND `promote_start_date` >= '2017-04-27 21:32:32' AND `promote_end_date` <= '2017-04-27 21:32:32' LIMIT 1   [ RunTime:0.0006s ]
SQL: SELECT `shop_price` FROM `p39_goods` WHERE `id` = '28' LIMIT 1   [ RunTime:0.0005s ]
INFO: [ app_end ] --START--
INFO: Run Behavior\ShowPageTraceBehavior [ RunTime:0.001289s ]
INFO: [ app_end ] --END-- [ RunTime:0.001604s ]

[ 2017-04-27T21:32:32+08:00 ] 127.0.0.1 /shangcheng/index.php/Home/login/ajaxlogin.html
INFO: [ app_init ] --START--
INFO: Run Behavior\BuildLiteBehavior [ RunTime:0.000047s ]
INFO: [ app_init ] --END-- [ RunTime:0.003759s ]
INFO: [ app_begin ] --START--
INFO: Run Behavior\ReadHtmlCacheBehavior [ RunTime:0.016455s ]
INFO: [ app_begin ] --END-- [ RunTime:0.016650s ]
INFO: [ app_end ] --START--
INFO: Run Behavior\ShowPageTraceBehavior [ RunTime:0.001061s ]
INFO: [ app_end ] --END-- [ RunTime:0.001155s ]

[ 2017-04-27T21:32:32+08:00 ] 127.0.0.1 /shangcheng/index.php/Home/Index/ajaxGetHistory/id/28.html
INFO: [ app_init ] --START--
INFO: Run Behavior\BuildLiteBehavior [ RunTime:0.000037s ]
INFO: [ app_init ] --END-- [ RunTime:0.000666s ]
INFO: [ app_begin ] --START--
INFO: Run Behavior\ReadHtmlCacheBehavior [ RunTime:0.015214s ]
INFO: [ app_begin ] --END-- [ RunTime:0.015318s ]
NOTIC: [2] Declaration of Admin\Model\CategoryModel::_before_delete(&$option) should be compatible with Think\Model::_before_delete($options) /Applications/MAMP/myhost/shangcheng/Application/Admin/Model/CategoryModel.class.php 第 4 行.
SQL: SHOW COLUMNS FROM `p39_category` [ RunTime:0.0018s ]
SQL: SHOW COLUMNS FROM `p39_goods` [ RunTime:0.0019s ]
SQL: SELECT `id`,`goods_name`,`mid_img` FROM `p39_goods` WHERE `id` IN ('28','44') ORDER BY FIELD (id,28,44)  [ RunTime:0.0006s ]
INFO: [ app_end ] --START--
INFO: Run Behavior\ShowPageTraceBehavior [ RunTime:0.000962s ]
INFO: [ app_end ] --END-- [ RunTime:0.001024s ]

