[ 2017-04-13T09:42:18+08:00 ] 127.0.0.1 /shangcheng/index.php/goods.list
INFO: [ app_init ] --START--
INFO: Run Behavior\BuildLiteBehavior [ RunTime:0.000012s ]
INFO: [ app_init ] --END-- [ RunTime:0.000362s ]
ERR: 无法加载模块:Goods

[ 2017-04-13T15:44:10+08:00 ] 127.0.0.1 /shangcheng/index.php/Goods/list
INFO: [ app_init ] --START--
INFO: Run Behavior\BuildLiteBehavior [ RunTime:0.000013s ]
INFO: [ app_init ] --END-- [ RunTime:0.000319s ]
ERR: 无法加载模块:Goods

[ 2017-04-13T15:44:35+08:00 ] 127.0.0.1 /shangcheng/index.php/Goods/list
INFO: [ app_init ] --START--
INFO: Run Behavior\BuildLiteBehavior [ RunTime:0.000012s ]
INFO: [ app_init ] --END-- [ RunTime:0.000320s ]
ERR: 无法加载模块:Goods

[ 2017-04-13T15:44:37+08:00 ] 127.0.0.1 /shangcheng/index.php/goods/list
INFO: [ app_init ] --START--
INFO: Run Behavior\BuildLiteBehavior [ RunTime:0.000013s ]
INFO: [ app_init ] --END-- [ RunTime:0.000313s ]
ERR: 无法加载模块:Goods

[ 2017-04-13T15:45:24+08:00 ] 127.0.0.1 /shangcheng/index.php/goods/list
INFO: [ app_init ] --START--
INFO: Run Behavior\BuildLiteBehavior [ RunTime:0.000015s ]
INFO: [ app_init ] --END-- [ RunTime:0.000371s ]
ERR: 无法加载模块:Goods

