[ 2017-04-13T09:29:18+08:00 ] 127.0.0.1 /shangcheng/index.php/Gii
INFO: [ app_init ] --START--
INFO: Run Behavior\BuildLiteBehavior [ RunTime:0.000012s ]
INFO: [ app_init ] --END-- [ RunTime:0.000318s ]
INFO: [ app_begin ] --START--
INFO: Run Behavior\ReadHtmlCacheBehavior [ RunTime:0.000496s ]
INFO: [ app_begin ] --END-- [ RunTime:0.000546s ]
INFO: [ view_parse ] --START--
INFO: [ template_filter ] --START--
INFO: Run Behavior\ContentReplaceBehavior [ RunTime:0.000048s ]
INFO: [ template_filter ] --END-- [ RunTime:0.000099s ]
INFO: Run Behavior\ParseTemplateBehavior [ RunTime:0.008663s ]
INFO: [ view_parse ] --END-- [ RunTime:0.008706s ]
INFO: [ view_filter ] --START--
INFO: Run Behavior\WriteHtmlCacheBehavior [ RunTime:0.000143s ]
INFO: [ view_filter ] --END-- [ RunTime:0.000169s ]
INFO: [ app_end ] --START--
INFO: Run Behavior\ShowPageTraceBehavior [ RunTime:0.000506s ]
INFO: [ app_end ] --END-- [ RunTime:0.000535s ]

[ 2017-04-13T09:29:50+08:00 ] 127.0.0.1 /shangcheng/index.php/Gii
INFO: [ app_init ] --START--
INFO: Run Behavior\BuildLiteBehavior [ RunTime:0.000013s ]
INFO: [ app_init ] --END-- [ RunTime:0.000381s ]
INFO: [ app_begin ] --START--
INFO: Run Behavior\ReadHtmlCacheBehavior [ RunTime:0.000472s ]
INFO: [ app_begin ] --END-- [ RunTime:0.000508s ]
SQL: show table status WHERE Name LIKE 'p39_brand' [ RunTime:0.0013s ]
SQL: SHOW FULL FIELDS FROM p39_brand [ RunTime:0.0022s ]
NOTIC: [8] Undefined index: Comment /Applications/MAMP/myhost/shangcheng/Application/Gii/Code_templates/config.php 第 3 行.
INFO: [ view_parse ] --START--
INFO: [ template_filter ] --START--
INFO: Run Behavior\ContentReplaceBehavior [ RunTime:0.000039s ]
INFO: [ template_filter ] --END-- [ RunTime:0.000085s ]
INFO: Run Behavior\ParseTemplateBehavior [ RunTime:0.009369s ]
INFO: [ view_parse ] --END-- [ RunTime:0.009416s ]
INFO: [ view_filter ] --START--
INFO: Run Behavior\WriteHtmlCacheBehavior [ RunTime:0.000148s ]
INFO: [ view_filter ] --END-- [ RunTime:0.000175s ]

[ 2017-04-13T09:29:52+08:00 ] 127.0.0.1 /shangcheng/index.php/Gii
INFO: [ app_init ] --START--
INFO: Run Behavior\BuildLiteBehavior [ RunTime:0.000013s ]
INFO: [ app_init ] --END-- [ RunTime:0.000320s ]
INFO: [ app_begin ] --START--
INFO: Run Behavior\ReadHtmlCacheBehavior [ RunTime:0.000454s ]
INFO: [ app_begin ] --END-- [ RunTime:0.000529s ]
INFO: [ view_parse ] --START--
INFO: [ template_filter ] --START--
INFO: Run Behavior\ContentReplaceBehavior [ RunTime:0.000058s ]
INFO: [ template_filter ] --END-- [ RunTime:0.000112s ]
INFO: Run Behavior\ParseTemplateBehavior [ RunTime:0.007061s ]
INFO: [ view_parse ] --END-- [ RunTime:0.007096s ]
INFO: [ view_filter ] --START--
INFO: Run Behavior\WriteHtmlCacheBehavior [ RunTime:0.000146s ]
INFO: [ view_filter ] --END-- [ RunTime:0.000173s ]
INFO: [ app_end ] --START--
INFO: Run Behavior\ShowPageTraceBehavior [ RunTime:0.000481s ]
INFO: [ app_end ] --END-- [ RunTime:0.000511s ]

[ 2017-04-13T09:35:16+08:00 ] 127.0.0.1 /shangcheng/index.php/Gii
INFO: [ app_init ] --START--
INFO: Run Behavior\BuildLiteBehavior [ RunTime:0.000014s ]
INFO: [ app_init ] --END-- [ RunTime:0.000329s ]
INFO: [ app_begin ] --START--
INFO: Run Behavior\ReadHtmlCacheBehavior [ RunTime:0.000423s ]
INFO: [ app_begin ] --END-- [ RunTime:0.000457s ]
NOTIC: [8] Undefined index: _before_insert /Applications/MAMP/myhost/shangcheng/Application/Gii/Code_templates/Model.php 第 50 行.
NOTIC: [2] Invalid argument supplied for foreach() /Applications/MAMP/myhost/shangcheng/Application/Gii/Code_templates/Model.php 第 50 行.
NOTIC: [8] Undefined index: Type /Applications/MAMP/myhost/shangcheng/Application/Gii/Code_templates/lst.html 第 34 行.
NOTIC: [8] Undefined index: Type /Applications/MAMP/myhost/shangcheng/Application/Gii/Code_templates/lst.html 第 34 行.
NOTIC: [8] Undefined index: Type /Applications/MAMP/myhost/shangcheng/Application/Gii/Code_templates/lst.html 第 34 行.
NOTIC: [8] Undefined index: Type /Applications/MAMP/myhost/shangcheng/Application/Gii/Code_templates/lst.html 第 34 行.
NOTIC: [8] Undefined index: Type /Applications/MAMP/myhost/shangcheng/Application/Gii/Code_templates/lst.html 第 34 行.
NOTIC: [8] Undefined index: Type /Applications/MAMP/myhost/shangcheng/Application/Gii/Code_templates/lst.html 第 34 行.
NOTIC: [8] Undefined index: Field /Applications/MAMP/myhost/shangcheng/Application/Gii/Code_templates/lst.html 第 41 行.
NOTIC: [8] Undefined index: Field /Applications/MAMP/myhost/shangcheng/Application/Gii/Code_templates/lst.html 第 41 行.
NOTIC: [8] Undefined index: Field /Applications/MAMP/myhost/shangcheng/Application/Gii/Code_templates/lst.html 第 41 行.
INFO: [ view_parse ] --START--
INFO: [ template_filter ] --START--
INFO: Run Behavior\ContentReplaceBehavior [ RunTime:0.000038s ]
INFO: [ template_filter ] --END-- [ RunTime:0.000083s ]
INFO: Run Behavior\ParseTemplateBehavior [ RunTime:0.009169s ]
INFO: [ view_parse ] --END-- [ RunTime:0.009225s ]
INFO: [ view_filter ] --START--
INFO: Run Behavior\WriteHtmlCacheBehavior [ RunTime:0.000138s ]
INFO: [ view_filter ] --END-- [ RunTime:0.000164s ]

[ 2017-04-13T09:35:17+08:00 ] 127.0.0.1 /shangcheng/index.php/Gii
INFO: [ app_init ] --START--
INFO: Run Behavior\BuildLiteBehavior [ RunTime:0.000014s ]
INFO: [ app_init ] --END-- [ RunTime:0.000331s ]
INFO: [ app_begin ] --START--
INFO: Run Behavior\ReadHtmlCacheBehavior [ RunTime:0.000675s ]
INFO: [ app_begin ] --END-- [ RunTime:0.000817s ]
INFO: [ view_parse ] --START--
INFO: [ template_filter ] --START--
INFO: Run Behavior\ContentReplaceBehavior [ RunTime:0.000061s ]
INFO: [ template_filter ] --END-- [ RunTime:0.000144s ]
INFO: Run Behavior\ParseTemplateBehavior [ RunTime:0.006720s ]
INFO: [ view_parse ] --END-- [ RunTime:0.006827s ]
INFO: [ view_filter ] --START--
INFO: Run Behavior\WriteHtmlCacheBehavior [ RunTime:0.000169s ]
INFO: [ view_filter ] --END-- [ RunTime:0.000206s ]
INFO: [ app_end ] --START--
INFO: Run Behavior\ShowPageTraceBehavior [ RunTime:0.000538s ]
INFO: [ app_end ] --END-- [ RunTime:0.000567s ]

[ 2017-04-13T14:10:21+08:00 ] 127.0.0.1 /shangcheng/index.php/gii/index/index
INFO: [ app_init ] --START--
INFO: Run Behavior\BuildLiteBehavior [ RunTime:0.000029s ]
INFO: [ app_init ] --END-- [ RunTime:0.001196s ]
INFO: [ app_begin ] --START--
INFO: Run Behavior\ReadHtmlCacheBehavior [ RunTime:0.001054s ]
INFO: [ app_begin ] --END-- [ RunTime:0.001127s ]
INFO: [ view_parse ] --START--
INFO: [ template_filter ] --START--
INFO: Run Behavior\ContentReplaceBehavior [ RunTime:0.000085s ]
INFO: [ template_filter ] --END-- [ RunTime:0.000151s ]
INFO: Run Behavior\ParseTemplateBehavior [ RunTime:0.016118s ]
INFO: [ view_parse ] --END-- [ RunTime:0.016216s ]
INFO: [ view_filter ] --START--
INFO: Run Behavior\WriteHtmlCacheBehavior [ RunTime:0.000669s ]
INFO: [ view_filter ] --END-- [ RunTime:0.000748s ]
INFO: [ app_end ] --START--
INFO: Run Behavior\ShowPageTraceBehavior [ RunTime:0.001455s ]
INFO: [ app_end ] --END-- [ RunTime:0.001546s ]

[ 2017-04-13T14:10:59+08:00 ] 127.0.0.1 /shangcheng/index.php/gii/index/index
INFO: [ app_init ] --START--
INFO: Run Behavior\BuildLiteBehavior [ RunTime:0.000025s ]
INFO: [ app_init ] --END-- [ RunTime:0.000526s ]
INFO: [ app_begin ] --START--
INFO: Run Behavior\ReadHtmlCacheBehavior [ RunTime:0.000514s ]
INFO: [ app_begin ] --END-- [ RunTime:0.000591s ]
SQL: show table status WHERE Name LIKE 'p39_member_level' [ RunTime:0.0018s ]
SQL: SHOW FULL FIELDS FROM p39_member_level [ RunTime:0.0019s ]
NOTIC: [8] Undefined index: Comment /Applications/MAMP/myhost/shangcheng/Application/Gii/Code_templates/config.php 第 3 行.
INFO: [ view_parse ] --START--
INFO: [ template_filter ] --START--
INFO: Run Behavior\ContentReplaceBehavior [ RunTime:0.000103s ]
INFO: [ template_filter ] --END-- [ RunTime:0.000167s ]
INFO: Run Behavior\ParseTemplateBehavior [ RunTime:0.010373s ]
INFO: [ view_parse ] --END-- [ RunTime:0.010416s ]
INFO: [ view_filter ] --START--
INFO: Run Behavior\WriteHtmlCacheBehavior [ RunTime:0.000151s ]
INFO: [ view_filter ] --END-- [ RunTime:0.000176s ]

[ 2017-04-13T14:11:00+08:00 ] 127.0.0.1 /shangcheng/index.php/gii/index/index
INFO: [ app_init ] --START--
INFO: Run Behavior\BuildLiteBehavior [ RunTime:0.000019s ]
INFO: [ app_init ] --END-- [ RunTime:0.000549s ]
INFO: [ app_begin ] --START--
INFO: Run Behavior\ReadHtmlCacheBehavior [ RunTime:0.000636s ]
INFO: [ app_begin ] --END-- [ RunTime:0.000677s ]
INFO: [ view_parse ] --START--
INFO: [ template_filter ] --START--
INFO: Run Behavior\ContentReplaceBehavior [ RunTime:0.000047s ]
INFO: [ template_filter ] --END-- [ RunTime:0.000097s ]
INFO: Run Behavior\ParseTemplateBehavior [ RunTime:0.006818s ]
INFO: [ view_parse ] --END-- [ RunTime:0.006965s ]
INFO: [ view_filter ] --START--
INFO: Run Behavior\WriteHtmlCacheBehavior [ RunTime:0.000142s ]
INFO: [ view_filter ] --END-- [ RunTime:0.000167s ]
INFO: [ app_end ] --START--
INFO: Run Behavior\ShowPageTraceBehavior [ RunTime:0.000475s ]
INFO: [ app_end ] --END-- [ RunTime:0.000503s ]

[ 2017-04-13T14:13:36+08:00 ] 127.0.0.1 /shangcheng/index.php/gii/index/index
INFO: [ app_init ] --START--
INFO: Run Behavior\BuildLiteBehavior [ RunTime:0.000014s ]
INFO: [ app_init ] --END-- [ RunTime:0.000371s ]
INFO: [ app_begin ] --START--
INFO: Run Behavior\ReadHtmlCacheBehavior [ RunTime:0.000426s ]
INFO: [ app_begin ] --END-- [ RunTime:0.000462s ]
NOTIC: [8] Undefined index: search /Applications/MAMP/myhost/shangcheng/Application/Gii/Code_templates/Model.php 第 13 行.
NOTIC: [2] Invalid argument supplied for foreach() /Applications/MAMP/myhost/shangcheng/Application/Gii/Code_templates/Model.php 第 13 行.
NOTIC: [8] Undefined index: _before_insert /Applications/MAMP/myhost/shangcheng/Application/Gii/Code_templates/Model.php 第 50 行.
NOTIC: [2] Invalid argument supplied for foreach() /Applications/MAMP/myhost/shangcheng/Application/Gii/Code_templates/Model.php 第 50 行.
NOTIC: [8] Undefined index: search /Applications/MAMP/myhost/shangcheng/Application/Gii/Code_templates/lst.html 第 3 行.
NOTIC: [8] Undefined index: Type /Applications/MAMP/myhost/shangcheng/Application/Gii/Code_templates/lst.html 第 34 行.
NOTIC: [8] Undefined index: Type /Applications/MAMP/myhost/shangcheng/Application/Gii/Code_templates/lst.html 第 34 行.
NOTIC: [8] Undefined index: Type /Applications/MAMP/myhost/shangcheng/Application/Gii/Code_templates/lst.html 第 34 行.
NOTIC: [8] Undefined index: Type /Applications/MAMP/myhost/shangcheng/Application/Gii/Code_templates/lst.html 第 34 行.
NOTIC: [8] Undefined index: Type /Applications/MAMP/myhost/shangcheng/Application/Gii/Code_templates/lst.html 第 34 行.
NOTIC: [8] Undefined index: Type /Applications/MAMP/myhost/shangcheng/Application/Gii/Code_templates/lst.html 第 34 行.
NOTIC: [8] Undefined index: Field /Applications/MAMP/myhost/shangcheng/Application/Gii/Code_templates/lst.html 第 41 行.
NOTIC: [8] Undefined index: Field /Applications/MAMP/myhost/shangcheng/Application/Gii/Code_templates/lst.html 第 41 行.
NOTIC: [8] Undefined index: Field /Applications/MAMP/myhost/shangcheng/Application/Gii/Code_templates/lst.html 第 41 行.
NOTIC: [8] Undefined index: search /Applications/MAMP/myhost/shangcheng/Application/Gii/Code_templates/lst.html 第 62 行.
NOTIC: [2] Invalid argument supplied for foreach() /Applications/MAMP/myhost/shangcheng/Application/Gii/Code_templates/lst.html 第 62 行.
NOTIC: [8] Undefined index: search /Applications/MAMP/myhost/shangcheng/Application/Gii/Code_templates/lst.html 第 80 行.
NOTIC: [2] Invalid argument supplied for foreach() /Applications/MAMP/myhost/shangcheng/Application/Gii/Code_templates/lst.html 第 80 行.
INFO: [ view_parse ] --START--
INFO: [ template_filter ] --START--
INFO: Run Behavior\ContentReplaceBehavior [ RunTime:0.000050s ]
INFO: [ template_filter ] --END-- [ RunTime:0.000094s ]
INFO: Run Behavior\ParseTemplateBehavior [ RunTime:0.007386s ]
INFO: [ view_parse ] --END-- [ RunTime:0.007434s ]
INFO: [ view_filter ] --START--
INFO: Run Behavior\WriteHtmlCacheBehavior [ RunTime:0.000150s ]
INFO: [ view_filter ] --END-- [ RunTime:0.000177s ]

[ 2017-04-13T14:13:37+08:00 ] 127.0.0.1 /shangcheng/index.php/gii/index/index
INFO: [ app_init ] --START--
INFO: Run Behavior\BuildLiteBehavior [ RunTime:0.000022s ]
INFO: [ app_init ] --END-- [ RunTime:0.000533s ]
INFO: [ app_begin ] --START--
INFO: Run Behavior\ReadHtmlCacheBehavior [ RunTime:0.001314s ]
INFO: [ app_begin ] --END-- [ RunTime:0.001458s ]
INFO: [ view_parse ] --START--
INFO: [ template_filter ] --START--
INFO: Run Behavior\ContentReplaceBehavior [ RunTime:0.000064s ]
INFO: [ template_filter ] --END-- [ RunTime:0.000131s ]
INFO: Run Behavior\ParseTemplateBehavior [ RunTime:0.007183s ]
INFO: [ view_parse ] --END-- [ RunTime:0.007250s ]
INFO: [ view_filter ] --START--
INFO: Run Behavior\WriteHtmlCacheBehavior [ RunTime:0.000204s ]
INFO: [ view_filter ] --END-- [ RunTime:0.000241s ]
INFO: [ app_end ] --START--
INFO: Run Behavior\ShowPageTraceBehavior [ RunTime:0.000548s ]
INFO: [ app_end ] --END-- [ RunTime:0.000583s ]

