[ 2017-04-17T21:32:54+08:00 ] 127.0.0.1 /shangcheng/index.php/gii/index/index
INFO: [ app_init ] --START--
INFO: Run Behavior\BuildLiteBehavior [ RunTime:0.000019s ]
INFO: [ app_init ] --END-- [ RunTime:0.000807s ]
INFO: [ app_begin ] --START--
INFO: Run Behavior\ReadHtmlCacheBehavior [ RunTime:0.000948s ]
INFO: [ app_begin ] --END-- [ RunTime:0.001016s ]
INFO: [ view_parse ] --START--
INFO: [ template_filter ] --START--
INFO: Run Behavior\ContentReplaceBehavior [ RunTime:0.000071s ]
INFO: [ template_filter ] --END-- [ RunTime:0.000156s ]
INFO: Run Behavior\ParseTemplateBehavior [ RunTime:0.012952s ]
INFO: [ view_parse ] --END-- [ RunTime:0.013033s ]
INFO: [ view_filter ] --START--
INFO: Run Behavior\WriteHtmlCacheBehavior [ RunTime:0.002505s ]
INFO: [ view_filter ] --END-- [ RunTime:0.002577s ]
INFO: [ app_end ] --START--
INFO: Run Behavior\ShowPageTraceBehavior [ RunTime:0.001192s ]
INFO: [ app_end ] --END-- [ RunTime:0.001254s ]

[ 2017-04-17T21:33:37+08:00 ] 127.0.0.1 /shangcheng/index.php/gii/index/index
INFO: [ app_init ] --START--
INFO: Run Behavior\BuildLiteBehavior [ RunTime:0.000018s ]
INFO: [ app_init ] --END-- [ RunTime:0.000408s ]
INFO: [ app_begin ] --START--
INFO: Run Behavior\ReadHtmlCacheBehavior [ RunTime:0.000784s ]
INFO: [ app_begin ] --END-- [ RunTime:0.000853s ]
SQL: show table status WHERE Name LIKE 'p39_privilege' [ RunTime:0.0028s ]
SQL: SHOW FULL FIELDS FROM p39_privilege [ RunTime:0.0033s ]
NOTIC: [8] Undefined index: Comment /Applications/MAMP/myhost/shangcheng/Application/Gii/Code_templates/config.php 第 3 行.
INFO: [ view_parse ] --START--
INFO: [ template_filter ] --START--
INFO: Run Behavior\ContentReplaceBehavior [ RunTime:0.000063s ]
INFO: [ template_filter ] --END-- [ RunTime:0.000114s ]
INFO: Run Behavior\ParseTemplateBehavior [ RunTime:0.011043s ]
INFO: [ view_parse ] --END-- [ RunTime:0.011112s ]
INFO: [ view_filter ] --START--
INFO: Run Behavior\WriteHtmlCacheBehavior [ RunTime:0.000157s ]
INFO: [ view_filter ] --END-- [ RunTime:0.000184s ]

[ 2017-04-17T21:33:38+08:00 ] 127.0.0.1 /shangcheng/index.php/gii/index/index
INFO: [ app_init ] --START--
INFO: Run Behavior\BuildLiteBehavior [ RunTime:0.000052s ]
INFO: [ app_init ] --END-- [ RunTime:0.000839s ]
INFO: [ app_begin ] --START--
INFO: Run Behavior\ReadHtmlCacheBehavior [ RunTime:0.000996s ]
INFO: [ app_begin ] --END-- [ RunTime:0.001130s ]
INFO: [ view_parse ] --START--
INFO: [ template_filter ] --START--
INFO: Run Behavior\ContentReplaceBehavior [ RunTime:0.000085s ]
INFO: [ template_filter ] --END-- [ RunTime:0.000173s ]
INFO: Run Behavior\ParseTemplateBehavior [ RunTime:0.016794s ]
INFO: [ view_parse ] --END-- [ RunTime:0.016851s ]
INFO: [ view_filter ] --START--
INFO: Run Behavior\WriteHtmlCacheBehavior [ RunTime:0.000275s ]
INFO: [ view_filter ] --END-- [ RunTime:0.000325s ]
INFO: [ app_end ] --START--
INFO: Run Behavior\ShowPageTraceBehavior [ RunTime:0.000770s ]
INFO: [ app_end ] --END-- [ RunTime:0.000818s ]

[ 2017-04-17T21:34:01+08:00 ] 127.0.0.1 /shangcheng/index.php/gii/index/index
INFO: [ app_init ] --START--
INFO: Run Behavior\BuildLiteBehavior [ RunTime:0.000020s ]
INFO: [ app_init ] --END-- [ RunTime:0.000528s ]
INFO: [ app_begin ] --START--
INFO: Run Behavior\ReadHtmlCacheBehavior [ RunTime:0.000877s ]
INFO: [ app_begin ] --END-- [ RunTime:0.000935s ]
SQL: show table status WHERE Name LIKE 'p39_role' [ RunTime:0.0007s ]
SQL: SHOW FULL FIELDS FROM p39_role [ RunTime:0.0017s ]
NOTIC: [8] Undefined index: Comment /Applications/MAMP/myhost/shangcheng/Application/Gii/Code_templates/config.php 第 3 行.
INFO: [ view_parse ] --START--
INFO: [ template_filter ] --START--
INFO: Run Behavior\ContentReplaceBehavior [ RunTime:0.000060s ]
INFO: [ template_filter ] --END-- [ RunTime:0.000159s ]
INFO: Run Behavior\ParseTemplateBehavior [ RunTime:0.008472s ]
INFO: [ view_parse ] --END-- [ RunTime:0.008543s ]
INFO: [ view_filter ] --START--
INFO: Run Behavior\WriteHtmlCacheBehavior [ RunTime:0.000272s ]
INFO: [ view_filter ] --END-- [ RunTime:0.000323s ]

[ 2017-04-17T21:34:02+08:00 ] 127.0.0.1 /shangcheng/index.php/gii/index/index
INFO: [ app_init ] --START--
INFO: Run Behavior\BuildLiteBehavior [ RunTime:0.000018s ]
INFO: [ app_init ] --END-- [ RunTime:0.000434s ]
INFO: [ app_begin ] --START--
INFO: Run Behavior\ReadHtmlCacheBehavior [ RunTime:0.001561s ]
INFO: [ app_begin ] --END-- [ RunTime:0.001646s ]
INFO: [ view_parse ] --START--
INFO: [ template_filter ] --START--
INFO: Run Behavior\ContentReplaceBehavior [ RunTime:0.000056s ]
INFO: [ template_filter ] --END-- [ RunTime:0.000119s ]
INFO: Run Behavior\ParseTemplateBehavior [ RunTime:0.005928s ]
INFO: [ view_parse ] --END-- [ RunTime:0.005993s ]
INFO: [ view_filter ] --START--
INFO: Run Behavior\WriteHtmlCacheBehavior [ RunTime:0.000227s ]
INFO: [ view_filter ] --END-- [ RunTime:0.000290s ]
INFO: [ app_end ] --START--
INFO: Run Behavior\ShowPageTraceBehavior [ RunTime:0.000697s ]
INFO: [ app_end ] --END-- [ RunTime:0.000750s ]

[ 2017-04-17T21:34:12+08:00 ] 127.0.0.1 /shangcheng/index.php/gii/index/index
INFO: [ app_init ] --START--
INFO: Run Behavior\BuildLiteBehavior [ RunTime:0.000014s ]
INFO: [ app_init ] --END-- [ RunTime:0.000363s ]
INFO: [ app_begin ] --START--
INFO: Run Behavior\ReadHtmlCacheBehavior [ RunTime:0.000759s ]
INFO: [ app_begin ] --END-- [ RunTime:0.000840s ]
SQL: show table status WHERE Name LIKE 'p39_admin' [ RunTime:0.0013s ]
SQL: SHOW FULL FIELDS FROM p39_admin [ RunTime:0.0027s ]
NOTIC: [8] Undefined index: Comment /Applications/MAMP/myhost/shangcheng/Application/Gii/Code_templates/config.php 第 3 行.
INFO: [ view_parse ] --START--
INFO: [ template_filter ] --START--
INFO: Run Behavior\ContentReplaceBehavior [ RunTime:0.000037s ]
INFO: [ template_filter ] --END-- [ RunTime:0.000078s ]
INFO: Run Behavior\ParseTemplateBehavior [ RunTime:0.006853s ]
INFO: [ view_parse ] --END-- [ RunTime:0.006912s ]
INFO: [ view_filter ] --START--
INFO: Run Behavior\WriteHtmlCacheBehavior [ RunTime:0.000217s ]
INFO: [ view_filter ] --END-- [ RunTime:0.000261s ]

[ 2017-04-17T21:34:14+08:00 ] 127.0.0.1 /shangcheng/index.php/gii/index/index
INFO: [ app_init ] --START--
INFO: Run Behavior\BuildLiteBehavior [ RunTime:0.000016s ]
INFO: [ app_init ] --END-- [ RunTime:0.000396s ]
INFO: [ app_begin ] --START--
INFO: Run Behavior\ReadHtmlCacheBehavior [ RunTime:0.000546s ]
INFO: [ app_begin ] --END-- [ RunTime:0.000588s ]
INFO: [ view_parse ] --START--
INFO: [ template_filter ] --START--
INFO: Run Behavior\ContentReplaceBehavior [ RunTime:0.000117s ]
INFO: [ template_filter ] --END-- [ RunTime:0.000207s ]
INFO: Run Behavior\ParseTemplateBehavior [ RunTime:0.008135s ]
INFO: [ view_parse ] --END-- [ RunTime:0.008175s ]
INFO: [ view_filter ] --START--
INFO: Run Behavior\WriteHtmlCacheBehavior [ RunTime:0.000169s ]
INFO: [ view_filter ] --END-- [ RunTime:0.000198s ]
INFO: [ app_end ] --START--
INFO: Run Behavior\ShowPageTraceBehavior [ RunTime:0.000540s ]
INFO: [ app_end ] --END-- [ RunTime:0.000573s ]

[ 2017-04-17T21:38:28+08:00 ] 127.0.0.1 /shangcheng/index.php/gii/index/index
INFO: [ app_init ] --START--
INFO: Run Behavior\BuildLiteBehavior [ RunTime:0.000030s ]
INFO: [ app_init ] --END-- [ RunTime:0.001141s ]
INFO: [ app_begin ] --START--
INFO: Run Behavior\ReadHtmlCacheBehavior [ RunTime:0.001239s ]
INFO: [ app_begin ] --END-- [ RunTime:0.001324s ]
NOTIC: [8] Undefined index: Type /Applications/MAMP/myhost/shangcheng/Application/Gii/Code_templates/lst.html 第 34 行.
NOTIC: [8] Undefined index: Type /Applications/MAMP/myhost/shangcheng/Application/Gii/Code_templates/lst.html 第 34 行.
NOTIC: [8] Undefined index: Type /Applications/MAMP/myhost/shangcheng/Application/Gii/Code_templates/lst.html 第 34 行.
NOTIC: [8] Undefined index: Type /Applications/MAMP/myhost/shangcheng/Application/Gii/Code_templates/lst.html 第 34 行.
NOTIC: [8] Undefined index: Type /Applications/MAMP/myhost/shangcheng/Application/Gii/Code_templates/lst.html 第 34 行.
NOTIC: [8] Undefined index: Type /Applications/MAMP/myhost/shangcheng/Application/Gii/Code_templates/lst.html 第 34 行.
NOTIC: [8] Undefined index: Type /Applications/MAMP/myhost/shangcheng/Application/Gii/Code_templates/lst.html 第 34 行.
NOTIC: [8] Undefined index: Type /Applications/MAMP/myhost/shangcheng/Application/Gii/Code_templates/lst.html 第 34 行.
NOTIC: [8] Undefined index: Type /Applications/MAMP/myhost/shangcheng/Application/Gii/Code_templates/lst.html 第 34 行.
NOTIC: [8] Undefined index: Type /Applications/MAMP/myhost/shangcheng/Application/Gii/Code_templates/lst.html 第 34 行.
NOTIC: [8] Undefined index: Field /Applications/MAMP/myhost/shangcheng/Application/Gii/Code_templates/lst.html 第 41 行.
NOTIC: [8] Undefined index: Field /Applications/MAMP/myhost/shangcheng/Application/Gii/Code_templates/lst.html 第 41 行.
NOTIC: [8] Undefined index: Field /Applications/MAMP/myhost/shangcheng/Application/Gii/Code_templates/lst.html 第 41 行.
NOTIC: [8] Undefined index: Field /Applications/MAMP/myhost/shangcheng/Application/Gii/Code_templates/lst.html 第 41 行.
NOTIC: [8] Undefined index: Field /Applications/MAMP/myhost/shangcheng/Application/Gii/Code_templates/lst.html 第 41 行.
INFO: [ view_parse ] --START--
INFO: [ template_filter ] --START--
INFO: Run Behavior\ContentReplaceBehavior [ RunTime:0.000055s ]
INFO: [ template_filter ] --END-- [ RunTime:0.000121s ]
INFO: Run Behavior\ParseTemplateBehavior [ RunTime:0.015931s ]
INFO: [ view_parse ] --END-- [ RunTime:0.016011s ]
INFO: [ view_filter ] --START--
INFO: Run Behavior\WriteHtmlCacheBehavior [ RunTime:0.000634s ]
INFO: [ view_filter ] --END-- [ RunTime:0.000699s ]

[ 2017-04-17T21:38:29+08:00 ] 127.0.0.1 /shangcheng/index.php/gii/index/index
INFO: [ app_init ] --START--
INFO: Run Behavior\BuildLiteBehavior [ RunTime:0.000016s ]
INFO: [ app_init ] --END-- [ RunTime:0.000457s ]
INFO: [ app_begin ] --START--
INFO: Run Behavior\ReadHtmlCacheBehavior [ RunTime:0.000700s ]
INFO: [ app_begin ] --END-- [ RunTime:0.000770s ]
INFO: [ view_parse ] --START--
INFO: [ template_filter ] --START--
INFO: Run Behavior\ContentReplaceBehavior [ RunTime:0.000082s ]
INFO: [ template_filter ] --END-- [ RunTime:0.000181s ]
INFO: Run Behavior\ParseTemplateBehavior [ RunTime:0.008951s ]
INFO: [ view_parse ] --END-- [ RunTime:0.008999s ]
INFO: [ view_filter ] --START--
INFO: Run Behavior\WriteHtmlCacheBehavior [ RunTime:0.000167s ]
INFO: [ view_filter ] --END-- [ RunTime:0.000193s ]
INFO: [ app_end ] --START--
INFO: Run Behavior\ShowPageTraceBehavior [ RunTime:0.001031s ]
INFO: [ app_end ] --END-- [ RunTime:0.001087s ]

[ 2017-04-17T21:45:06+08:00 ] 127.0.0.1 /shangcheng/index.php/gii/index/index
INFO: [ app_init ] --START--
INFO: Run Behavior\BuildLiteBehavior [ RunTime:0.000030s ]
INFO: [ app_init ] --END-- [ RunTime:0.001356s ]
INFO: [ app_begin ] --START--
INFO: Run Behavior\ReadHtmlCacheBehavior [ RunTime:0.001223s ]
INFO: [ app_begin ] --END-- [ RunTime:0.001313s ]
NOTIC: [8] Undefined index: _before_insert /Applications/MAMP/myhost/shangcheng/Application/Gii/Code_templates/Model.php 第 50 行.
NOTIC: [2] Invalid argument supplied for foreach() /Applications/MAMP/myhost/shangcheng/Application/Gii/Code_templates/Model.php 第 50 行.
NOTIC: [8] Undefined index: Type /Applications/MAMP/myhost/shangcheng/Application/Gii/Code_templates/lst.html 第 34 行.
NOTIC: [8] Undefined index: Type /Applications/MAMP/myhost/shangcheng/Application/Gii/Code_templates/lst.html 第 34 行.
NOTIC: [8] Undefined index: Type /Applications/MAMP/myhost/shangcheng/Application/Gii/Code_templates/lst.html 第 34 行.
NOTIC: [8] Undefined index: Type /Applications/MAMP/myhost/shangcheng/Application/Gii/Code_templates/lst.html 第 34 行.
NOTIC: [8] Undefined index: Type /Applications/MAMP/myhost/shangcheng/Application/Gii/Code_templates/lst.html 第 34 行.
NOTIC: [8] Undefined index: Type /Applications/MAMP/myhost/shangcheng/Application/Gii/Code_templates/lst.html 第 34 行.
NOTIC: [8] Undefined index: Field /Applications/MAMP/myhost/shangcheng/Application/Gii/Code_templates/lst.html 第 41 行.
NOTIC: [8] Undefined index: Field /Applications/MAMP/myhost/shangcheng/Application/Gii/Code_templates/lst.html 第 41 行.
NOTIC: [8] Undefined index: Field /Applications/MAMP/myhost/shangcheng/Application/Gii/Code_templates/lst.html 第 41 行.
INFO: [ view_parse ] --START--
INFO: [ template_filter ] --START--
INFO: Run Behavior\ContentReplaceBehavior [ RunTime:0.000066s ]
INFO: [ template_filter ] --END-- [ RunTime:0.000142s ]
INFO: Run Behavior\ParseTemplateBehavior [ RunTime:0.011660s ]
INFO: [ view_parse ] --END-- [ RunTime:0.011747s ]
INFO: [ view_filter ] --START--
INFO: Run Behavior\WriteHtmlCacheBehavior [ RunTime:0.000693s ]
INFO: [ view_filter ] --END-- [ RunTime:0.000773s ]

[ 2017-04-17T21:45:07+08:00 ] 127.0.0.1 /shangcheng/index.php/gii/index/index
INFO: [ app_init ] --START--
INFO: Run Behavior\BuildLiteBehavior [ RunTime:0.000035s ]
INFO: [ app_init ] --END-- [ RunTime:0.001520s ]
INFO: [ app_begin ] --START--
INFO: Run Behavior\ReadHtmlCacheBehavior [ RunTime:0.000706s ]
INFO: [ app_begin ] --END-- [ RunTime:0.000860s ]
INFO: [ view_parse ] --START--
INFO: [ template_filter ] --START--
INFO: Run Behavior\ContentReplaceBehavior [ RunTime:0.000083s ]
INFO: [ template_filter ] --END-- [ RunTime:0.000175s ]
INFO: Run Behavior\ParseTemplateBehavior [ RunTime:0.007975s ]
INFO: [ view_parse ] --END-- [ RunTime:0.008066s ]
INFO: [ view_filter ] --START--
INFO: Run Behavior\WriteHtmlCacheBehavior [ RunTime:0.000454s ]
INFO: [ view_filter ] --END-- [ RunTime:0.000532s ]
INFO: [ app_end ] --START--
INFO: Run Behavior\ShowPageTraceBehavior [ RunTime:0.001389s ]
INFO: [ app_end ] --END-- [ RunTime:0.001459s ]

[ 2017-04-17T21:45:23+08:00 ] 127.0.0.1 /shangcheng/index.php/gii/index/index
INFO: [ app_init ] --START--
INFO: Run Behavior\BuildLiteBehavior [ RunTime:0.000018s ]
INFO: [ app_init ] --END-- [ RunTime:0.000512s ]
INFO: [ app_begin ] --START--
INFO: Run Behavior\ReadHtmlCacheBehavior [ RunTime:0.000946s ]
INFO: [ app_begin ] --END-- [ RunTime:0.001035s ]
NOTIC: [8] Undefined index: _before_insert /Applications/MAMP/myhost/shangcheng/Application/Gii/Code_templates/Model.php 第 50 行.
NOTIC: [2] Invalid argument supplied for foreach() /Applications/MAMP/myhost/shangcheng/Application/Gii/Code_templates/Model.php 第 50 行.
NOTIC: [8] Undefined index: Type /Applications/MAMP/myhost/shangcheng/Application/Gii/Code_templates/lst.html 第 34 行.
NOTIC: [8] Undefined index: Type /Applications/MAMP/myhost/shangcheng/Application/Gii/Code_templates/lst.html 第 34 行.
NOTIC: [8] Undefined index: Field /Applications/MAMP/myhost/shangcheng/Application/Gii/Code_templates/lst.html 第 41 行.
INFO: [ view_parse ] --START--
INFO: [ template_filter ] --START--
INFO: Run Behavior\ContentReplaceBehavior [ RunTime:0.000039s ]
INFO: [ template_filter ] --END-- [ RunTime:0.000086s ]
INFO: Run Behavior\ParseTemplateBehavior [ RunTime:0.008956s ]
INFO: [ view_parse ] --END-- [ RunTime:0.009003s ]
INFO: [ view_filter ] --START--
INFO: Run Behavior\WriteHtmlCacheBehavior [ RunTime:0.000195s ]
INFO: [ view_filter ] --END-- [ RunTime:0.000231s ]

[ 2017-04-17T21:45:24+08:00 ] 127.0.0.1 /shangcheng/index.php/gii/index/index
INFO: [ app_init ] --START--
INFO: Run Behavior\BuildLiteBehavior [ RunTime:0.000012s ]
INFO: [ app_init ] --END-- [ RunTime:0.000315s ]
INFO: [ app_begin ] --START--
INFO: Run Behavior\ReadHtmlCacheBehavior [ RunTime:0.000415s ]
INFO: [ app_begin ] --END-- [ RunTime:0.000447s ]
INFO: [ view_parse ] --START--
INFO: [ template_filter ] --START--
INFO: Run Behavior\ContentReplaceBehavior [ RunTime:0.000069s ]
INFO: [ template_filter ] --END-- [ RunTime:0.000153s ]
INFO: Run Behavior\ParseTemplateBehavior [ RunTime:0.014757s ]
INFO: [ view_parse ] --END-- [ RunTime:0.014841s ]
INFO: [ view_filter ] --START--
INFO: Run Behavior\WriteHtmlCacheBehavior [ RunTime:0.000292s ]
INFO: [ view_filter ] --END-- [ RunTime:0.000344s ]
INFO: [ app_end ] --START--
INFO: Run Behavior\ShowPageTraceBehavior [ RunTime:0.000912s ]
INFO: [ app_end ] --END-- [ RunTime:0.000968s ]

