[ 2017-04-21T11:09:36+08:00 ] 127.0.0.1 /shangcheng/index.php/Admin/Goods/list
INFO: [ app_init ] --START--
INFO: Run Behavior\BuildLiteBehavior [ RunTime:0.000031s ]
INFO: [ app_init ] --END-- [ RunTime:0.001006s ]
INFO: [ app_begin ] --START--
INFO: Run Behavior\ReadHtmlCacheBehavior [ RunTime:0.001375s ]
INFO: [ app_begin ] --END-- [ RunTime:0.001467s ]
INFO: [ view_parse ] --START--
INFO: [ template_filter ] --START--
INFO: Run Behavior\ContentReplaceBehavior [ RunTime:0.000069s ]
INFO: [ template_filter ] --END-- [ RunTime:0.000152s ]
INFO: Run Behavior\ParseTemplateBehavior [ RunTime:0.012054s ]
INFO: [ view_parse ] --END-- [ RunTime:0.012149s ]
INFO: [ view_filter ] --START--
INFO: Run Behavior\WriteHtmlCacheBehavior [ RunTime:0.000628s ]
INFO: [ view_filter ] --END-- [ RunTime:0.000707s ]

[ 2017-04-21T11:09:39+08:00 ] 127.0.0.1 /shangcheng/index.php/Admin/Login/login.html
INFO: [ app_init ] --START--
INFO: Run Behavior\BuildLiteBehavior [ RunTime:0.000014s ]
INFO: [ app_init ] --END-- [ RunTime:0.000313s ]
INFO: [ app_begin ] --START--
INFO: Run Behavior\ReadHtmlCacheBehavior [ RunTime:0.000448s ]
INFO: [ app_begin ] --END-- [ RunTime:0.000481s ]
INFO: [ view_parse ] --START--
INFO: [ template_filter ] --START--
INFO: Run Behavior\ContentReplaceBehavior [ RunTime:0.000104s ]
INFO: [ template_filter ] --END-- [ RunTime:0.000189s ]
INFO: Run Behavior\ParseTemplateBehavior [ RunTime:0.011086s ]
INFO: [ view_parse ] --END-- [ RunTime:0.011168s ]
INFO: [ view_filter ] --START--
INFO: Run Behavior\WriteHtmlCacheBehavior [ RunTime:0.000202s ]
INFO: [ view_filter ] --END-- [ RunTime:0.000242s ]
INFO: [ app_end ] --START--
INFO: Run Behavior\ShowPageTraceBehavior [ RunTime:0.001401s ]
INFO: [ app_end ] --END-- [ RunTime:0.001482s ]

[ 2017-04-21T11:09:39+08:00 ] 127.0.0.1 /shangcheng/index.php/Admin/Login/chkcode.html
INFO: [ app_init ] --START--
INFO: Run Behavior\BuildLiteBehavior [ RunTime:0.000024s ]
INFO: [ app_init ] --END-- [ RunTime:0.000530s ]
INFO: [ app_begin ] --START--
INFO: Run Behavior\ReadHtmlCacheBehavior [ RunTime:0.000779s ]
INFO: [ app_begin ] --END-- [ RunTime:0.000868s ]
INFO: [ app_end ] --START--
INFO: Run Behavior\ShowPageTraceBehavior [ RunTime:0.001042s ]
INFO: [ app_end ] --END-- [ RunTime:0.001211s ]

[ 2017-04-21T12:17:27+08:00 ] 127.0.0.1 /shangcheng/index.php/Admin/Goods/list
INFO: [ app_init ] --START--
INFO: Run Behavior\BuildLiteBehavior [ RunTime:0.000014s ]
INFO: [ app_init ] --END-- [ RunTime:0.000349s ]
INFO: [ app_begin ] --START--
INFO: Run Behavior\ReadHtmlCacheBehavior [ RunTime:0.000498s ]
INFO: [ app_begin ] --END-- [ RunTime:0.000534s ]
INFO: [ view_parse ] --START--
INFO: [ template_filter ] --START--
INFO: Run Behavior\ContentReplaceBehavior [ RunTime:0.000039s ]
INFO: [ template_filter ] --END-- [ RunTime:0.000080s ]
INFO: Run Behavior\ParseTemplateBehavior [ RunTime:0.005674s ]
INFO: [ view_parse ] --END-- [ RunTime:0.005721s ]
INFO: [ view_filter ] --START--
INFO: Run Behavior\WriteHtmlCacheBehavior [ RunTime:0.000158s ]
INFO: [ view_filter ] --END-- [ RunTime:0.000188s ]

[ 2017-04-21T12:17:30+08:00 ] 127.0.0.1 /shangcheng/index.php/Admin/Login/login.html
INFO: [ app_init ] --START--
INFO: Run Behavior\BuildLiteBehavior [ RunTime:0.000015s ]
INFO: [ app_init ] --END-- [ RunTime:0.000327s ]
INFO: [ app_begin ] --START--
INFO: Run Behavior\ReadHtmlCacheBehavior [ RunTime:0.000455s ]
INFO: [ app_begin ] --END-- [ RunTime:0.000488s ]
INFO: [ view_parse ] --START--
INFO: [ template_filter ] --START--
INFO: Run Behavior\ContentReplaceBehavior [ RunTime:0.000072s ]
INFO: [ template_filter ] --END-- [ RunTime:0.000136s ]
INFO: Run Behavior\ParseTemplateBehavior [ RunTime:0.010556s ]
INFO: [ view_parse ] --END-- [ RunTime:0.010636s ]
INFO: [ view_filter ] --START--
INFO: Run Behavior\WriteHtmlCacheBehavior [ RunTime:0.000228s ]
INFO: [ view_filter ] --END-- [ RunTime:0.000272s ]
INFO: [ app_end ] --START--
INFO: Run Behavior\ShowPageTraceBehavior [ RunTime:0.000666s ]
INFO: [ app_end ] --END-- [ RunTime:0.000709s ]

[ 2017-04-21T12:17:30+08:00 ] 127.0.0.1 /shangcheng/index.php/Admin/Login/chkcode.html
INFO: [ app_init ] --START--
INFO: Run Behavior\BuildLiteBehavior [ RunTime:0.000019s ]
INFO: [ app_init ] --END-- [ RunTime:0.000592s ]
INFO: [ app_begin ] --START--
INFO: Run Behavior\ReadHtmlCacheBehavior [ RunTime:0.000567s ]
INFO: [ app_begin ] --END-- [ RunTime:0.000611s ]
INFO: [ app_end ] --START--
INFO: Run Behavior\ShowPageTraceBehavior [ RunTime:0.000940s ]
INFO: [ app_end ] --END-- [ RunTime:0.001065s ]

[ 2017-04-21T12:17:42+08:00 ] 127.0.0.1 /shangcheng/index.php/Admin/Login/login.html
INFO: [ app_init ] --START--
INFO: Run Behavior\BuildLiteBehavior [ RunTime:0.000013s ]
INFO: [ app_init ] --END-- [ RunTime:0.000317s ]
INFO: [ app_begin ] --START--
INFO: Run Behavior\ReadHtmlCacheBehavior [ RunTime:0.000450s ]
INFO: [ app_begin ] --END-- [ RunTime:0.000486s ]
SQL: SHOW COLUMNS FROM `p39_admin` [ RunTime:0.0016s ]
NOTIC: [8] Undefined index: auto /Applications/MAMP/myhost/shangcheng/ThinkPHP/Library/Think/Model.class.php 第 1128 行.
SQL: SELECT * FROM `p39_admin` WHERE `username` = 'root' LIMIT 1   [ RunTime:0.0005s ]
INFO: [ view_parse ] --START--
INFO: [ template_filter ] --START--
INFO: Run Behavior\ContentReplaceBehavior [ RunTime:0.000095s ]
INFO: [ template_filter ] --END-- [ RunTime:0.000212s ]
INFO: Run Behavior\ParseTemplateBehavior [ RunTime:0.005747s ]
INFO: [ view_parse ] --END-- [ RunTime:0.005827s ]
INFO: [ view_filter ] --START--
INFO: Run Behavior\WriteHtmlCacheBehavior [ RunTime:0.000266s ]
INFO: [ view_filter ] --END-- [ RunTime:0.000316s ]

[ 2017-04-21T12:17:43+08:00 ] 127.0.0.1 /shangcheng/index.php/Admin/Index/index.html
INFO: [ app_init ] --START--
INFO: Run Behavior\BuildLiteBehavior [ RunTime:0.000019s ]
INFO: [ app_init ] --END-- [ RunTime:0.000512s ]
INFO: [ app_begin ] --START--
INFO: Run Behavior\ReadHtmlCacheBehavior [ RunTime:0.000622s ]
INFO: [ app_begin ] --END-- [ RunTime:0.000665s ]
INFO: [ view_parse ] --START--
INFO: [ template_filter ] --START--
INFO: Run Behavior\ContentReplaceBehavior [ RunTime:0.000053s ]
INFO: [ template_filter ] --END-- [ RunTime:0.000132s ]
INFO: Run Behavior\ParseTemplateBehavior [ RunTime:0.008793s ]
INFO: [ view_parse ] --END-- [ RunTime:0.008884s ]
INFO: [ view_filter ] --START--
INFO: Run Behavior\WriteHtmlCacheBehavior [ RunTime:0.000262s ]
INFO: [ view_filter ] --END-- [ RunTime:0.000315s ]
INFO: [ app_end ] --START--
INFO: Run Behavior\ShowPageTraceBehavior [ RunTime:0.000890s ]
INFO: [ app_end ] --END-- [ RunTime:0.000947s ]

[ 2017-04-21T12:17:43+08:00 ] 127.0.0.1 /shangcheng/index.php/Admin/Index/main.html
INFO: [ app_init ] --START--
INFO: Run Behavior\BuildLiteBehavior [ RunTime:0.000026s ]
INFO: [ app_init ] --END-- [ RunTime:0.000640s ]
INFO: [ app_begin ] --START--
INFO: Run Behavior\ReadHtmlCacheBehavior [ RunTime:0.000900s ]
INFO: [ app_begin ] --END-- [ RunTime:0.000980s ]
INFO: [ view_parse ] --START--
INFO: [ template_filter ] --START--
INFO: Run Behavior\ContentReplaceBehavior [ RunTime:0.000060s ]
INFO: [ template_filter ] --END-- [ RunTime:0.000110s ]
INFO: Run Behavior\ParseTemplateBehavior [ RunTime:0.006559s ]
INFO: [ view_parse ] --END-- [ RunTime:0.006625s ]
INFO: [ view_filter ] --START--
INFO: Run Behavior\WriteHtmlCacheBehavior [ RunTime:0.000219s ]
INFO: [ view_filter ] --END-- [ RunTime:0.000264s ]
INFO: [ app_end ] --START--
INFO: Run Behavior\ShowPageTraceBehavior [ RunTime:0.000547s ]
INFO: [ app_end ] --END-- [ RunTime:0.000583s ]

[ 2017-04-21T12:17:43+08:00 ] 127.0.0.1 /shangcheng/index.php/Admin/Index/menu.html
INFO: [ app_init ] --START--
INFO: Run Behavior\BuildLiteBehavior [ RunTime:0.000020s ]
INFO: [ app_init ] --END-- [ RunTime:0.001244s ]
INFO: [ app_begin ] --START--
INFO: Run Behavior\ReadHtmlCacheBehavior [ RunTime:0.001007s ]
INFO: [ app_begin ] --END-- [ RunTime:0.001064s ]
INFO: [ view_parse ] --START--
INFO: [ template_filter ] --START--
INFO: Run Behavior\ContentReplaceBehavior [ RunTime:0.000110s ]
INFO: [ template_filter ] --END-- [ RunTime:0.000175s ]
SQL: SHOW COLUMNS FROM `p39_privilege` [ RunTime:0.0026s ]
SQL: SELECT * FROM `p39_privilege`  [ RunTime:0.0006s ]
INFO: Run Behavior\ParseTemplateBehavior [ RunTime:0.027035s ]
INFO: [ view_parse ] --END-- [ RunTime:0.027110s ]
INFO: [ view_filter ] --START--
INFO: Run Behavior\WriteHtmlCacheBehavior [ RunTime:0.000249s ]
INFO: [ view_filter ] --END-- [ RunTime:0.000286s ]
INFO: [ app_end ] --START--
INFO: Run Behavior\ShowPageTraceBehavior [ RunTime:0.001079s ]
INFO: [ app_end ] --END-- [ RunTime:0.001153s ]

[ 2017-04-21T12:17:43+08:00 ] 127.0.0.1 /shangcheng/index.php/Admin/Index/top.html
INFO: [ app_init ] --START--
INFO: Run Behavior\BuildLiteBehavior [ RunTime:0.000019s ]
INFO: [ app_init ] --END-- [ RunTime:0.000630s ]
INFO: [ app_begin ] --START--
INFO: Run Behavior\ReadHtmlCacheBehavior [ RunTime:0.000543s ]
INFO: [ app_begin ] --END-- [ RunTime:0.000587s ]
INFO: [ view_parse ] --START--
INFO: [ template_filter ] --START--
INFO: Run Behavior\ContentReplaceBehavior [ RunTime:0.000120s ]
INFO: [ template_filter ] --END-- [ RunTime:0.000193s ]
INFO: Run Behavior\ParseTemplateBehavior [ RunTime:0.008179s ]
INFO: [ view_parse ] --END-- [ RunTime:0.008230s ]
INFO: [ view_filter ] --START--
INFO: Run Behavior\WriteHtmlCacheBehavior [ RunTime:0.000190s ]
INFO: [ view_filter ] --END-- [ RunTime:0.000226s ]
INFO: [ app_end ] --START--
INFO: Run Behavior\ShowPageTraceBehavior [ RunTime:0.000569s ]
INFO: [ app_end ] --END-- [ RunTime:0.000606s ]

[ 2017-04-21T12:18:10+08:00 ] 127.0.0.1 /shangcheng/index.php/Admin/Goods/list.html
INFO: [ app_init ] --START--
INFO: Run Behavior\BuildLiteBehavior [ RunTime:0.000013s ]
INFO: [ app_init ] --END-- [ RunTime:0.000309s ]
INFO: [ app_begin ] --START--
INFO: Run Behavior\ReadHtmlCacheBehavior [ RunTime:0.000472s ]
INFO: [ app_begin ] --END-- [ RunTime:0.000503s ]
SQL: SHOW COLUMNS FROM `p39_privilege` [ RunTime:0.0016s ]
SQL: SHOW COLUMNS FROM `p39_goods` [ RunTime:0.0020s ]
SQL: SELECT COUNT(*) AS tp_count FROM p39_goods a LIMIT 1   [ RunTime:0.0004s ]
SQL: SELECT a.*,b.brand_name,c.cat_name,GROUP_CONCAT(e.cat_name SEPARATOR "<br/>") as ext_cat_name FROM p39_goods a left join p39_brand as b on a.brand_id=b.id
          left join p39_category as c on a.cat_id=c.id
          left join p39_goods_cat as d on a.id=d.goods_id
          left join p39_category as e on d.cat_id=e.id  GROUP BY a.id ORDER BY a.id desc LIMIT 0,6   [ RunTime:0.0077s ]
NOTIC: [2] Declaration of Admin\Model\CategoryModel::_before_delete(&$option) should be compatible with Think\Model::_before_delete($options) /Applications/MAMP/myhost/shangcheng/Application/Admin/Model/CategoryModel.class.php 第 149 行.
SQL: SHOW COLUMNS FROM `p39_category` [ RunTime:0.0023s ]
SQL: SELECT * FROM `p39_category`  [ RunTime:0.0005s ]
INFO: [ view_parse ] --START--
INFO: [ template_filter ] --START--
INFO: Run Behavior\ContentReplaceBehavior [ RunTime:0.000129s ]
INFO: [ template_filter ] --END-- [ RunTime:0.000173s ]
SQL: SHOW COLUMNS FROM `p39_brand` [ RunTime:0.0018s ]
SQL: SELECT `id`,`brand_name` FROM `p39_brand`  [ RunTime:0.0004s ]
NOTIC: [8] Use of undefined constant sm_img - assumed 'sm_img' /Applications/MAMP/myhost/shangcheng/Application/Runtime/Cache/Admin/8fdb97cf043964c8b0ad702be278d296.php 第 111 行.
NOTIC: [8] Undefined index: goods_number /Applications/MAMP/myhost/shangcheng/Application/Runtime/Cache/Admin/8fdb97cf043964c8b0ad702be278d296.php 第 113 行.
NOTIC: [8] Undefined index: goods_id /Applications/MAMP/myhost/shangcheng/Application/Runtime/Cache/Admin/8fdb97cf043964c8b0ad702be278d296.php 第 116 行.
NOTIC: [8] Use of undefined constant sm_img - assumed 'sm_img' /Applications/MAMP/myhost/shangcheng/Application/Runtime/Cache/Admin/8fdb97cf043964c8b0ad702be278d296.php 第 111 行.
NOTIC: [8] Undefined index: goods_number /Applications/MAMP/myhost/shangcheng/Application/Runtime/Cache/Admin/8fdb97cf043964c8b0ad702be278d296.php 第 113 行.
NOTIC: [8] Undefined index: goods_id /Applications/MAMP/myhost/shangcheng/Application/Runtime/Cache/Admin/8fdb97cf043964c8b0ad702be278d296.php 第 116 行.
NOTIC: [8] Use of undefined constant sm_img - assumed 'sm_img' /Applications/MAMP/myhost/shangcheng/Application/Runtime/Cache/Admin/8fdb97cf043964c8b0ad702be278d296.php 第 111 行.
NOTIC: [8] Undefined index: goods_number /Applications/MAMP/myhost/shangcheng/Application/Runtime/Cache/Admin/8fdb97cf043964c8b0ad702be278d296.php 第 113 行.
NOTIC: [8] Undefined index: goods_id /Applications/MAMP/myhost/shangcheng/Application/Runtime/Cache/Admin/8fdb97cf043964c8b0ad702be278d296.php 第 116 行.
NOTIC: [8] Use of undefined constant sm_img - assumed 'sm_img' /Applications/MAMP/myhost/shangcheng/Application/Runtime/Cache/Admin/8fdb97cf043964c8b0ad702be278d296.php 第 111 行.
NOTIC: [8] Undefined index: goods_number /Applications/MAMP/myhost/shangcheng/Application/Runtime/Cache/Admin/8fdb97cf043964c8b0ad702be278d296.php 第 113 行.
NOTIC: [8] Undefined index: goods_id /Applications/MAMP/myhost/shangcheng/Application/Runtime/Cache/Admin/8fdb97cf043964c8b0ad702be278d296.php 第 116 行.
NOTIC: [8] Use of undefined constant sm_img - assumed 'sm_img' /Applications/MAMP/myhost/shangcheng/Application/Runtime/Cache/Admin/8fdb97cf043964c8b0ad702be278d296.php 第 111 行.
NOTIC: [8] Undefined index: goods_number /Applications/MAMP/myhost/shangcheng/Application/Runtime/Cache/Admin/8fdb97cf043964c8b0ad702be278d296.php 第 113 行.
NOTIC: [8] Undefined index: goods_id /Applications/MAMP/myhost/shangcheng/Application/Runtime/Cache/Admin/8fdb97cf043964c8b0ad702be278d296.php 第 116 行.
NOTIC: [8] Use of undefined constant sm_img - assumed 'sm_img' /Applications/MAMP/myhost/shangcheng/Application/Runtime/Cache/Admin/8fdb97cf043964c8b0ad702be278d296.php 第 111 行.
NOTIC: [8] Undefined index: goods_number /Applications/MAMP/myhost/shangcheng/Application/Runtime/Cache/Admin/8fdb97cf043964c8b0ad702be278d296.php 第 113 行.
NOTIC: [8] Undefined index: goods_id /Applications/MAMP/myhost/shangcheng/Application/Runtime/Cache/Admin/8fdb97cf043964c8b0ad702be278d296.php 第 116 行.
INFO: Run Behavior\ParseTemplateBehavior [ RunTime:0.014962s ]
INFO: [ view_parse ] --END-- [ RunTime:0.015029s ]
INFO: [ view_filter ] --START--
INFO: Run Behavior\WriteHtmlCacheBehavior [ RunTime:0.000260s ]
INFO: [ view_filter ] --END-- [ RunTime:0.000301s ]
INFO: [ app_end ] --START--
INFO: Run Behavior\ShowPageTraceBehavior [ RunTime:0.000740s ]
INFO: [ app_end ] --END-- [ RunTime:0.000793s ]

[ 2017-04-21T12:19:25+08:00 ] 127.0.0.1 /shangcheng/index.php/Admin/Goods/list.html
INFO: [ app_init ] --START--
INFO: Run Behavior\BuildLiteBehavior [ RunTime:0.000019s ]
INFO: [ app_init ] --END-- [ RunTime:0.000504s ]
INFO: [ app_begin ] --START--
INFO: Run Behavior\ReadHtmlCacheBehavior [ RunTime:0.000689s ]
INFO: [ app_begin ] --END-- [ RunTime:0.000749s ]
SQL: SHOW COLUMNS FROM `p39_privilege` [ RunTime:0.0104s ]
SQL: SHOW COLUMNS FROM `p39_goods` [ RunTime:0.0024s ]
SQL: SELECT COUNT(*) AS tp_count FROM p39_goods a LIMIT 1   [ RunTime:0.0004s ]
SQL: SELECT a.*,b.brand_name,c.cat_name,GROUP_CONCAT(e.cat_name SEPARATOR "<br/>") as ext_cat_name FROM p39_goods a left join p39_brand as b on a.brand_id=b.id
          left join p39_category as c on a.cat_id=c.id
          left join p39_goods_cat as d on a.id=d.goods_id
          left join p39_category as e on d.cat_id=e.id  GROUP BY a.id ORDER BY a.id desc LIMIT 0,6   [ RunTime:0.0029s ]
NOTIC: [2] Declaration of Admin\Model\CategoryModel::_before_delete(&$option) should be compatible with Think\Model::_before_delete($options) /Applications/MAMP/myhost/shangcheng/Application/Admin/Model/CategoryModel.class.php 第 149 行.
SQL: SHOW COLUMNS FROM `p39_category` [ RunTime:0.0026s ]
SQL: SELECT * FROM `p39_category`  [ RunTime:0.0006s ]
INFO: [ view_parse ] --START--
INFO: [ template_filter ] --START--
INFO: Run Behavior\ContentReplaceBehavior [ RunTime:0.000146s ]
INFO: [ template_filter ] --END-- [ RunTime:0.000195s ]
SQL: SHOW COLUMNS FROM `p39_brand` [ RunTime:0.0025s ]
SQL: SELECT `id`,`brand_name` FROM `p39_brand`  [ RunTime:0.0004s ]
NOTIC: [8] Use of undefined constant sm_img - assumed 'sm_img' /Applications/MAMP/myhost/shangcheng/Application/Runtime/Cache/Admin/8fdb97cf043964c8b0ad702be278d296.php 第 111 行.
NOTIC: [8] Undefined index: goods_number /Applications/MAMP/myhost/shangcheng/Application/Runtime/Cache/Admin/8fdb97cf043964c8b0ad702be278d296.php 第 113 行.
NOTIC: [8] Undefined index: goods_id /Applications/MAMP/myhost/shangcheng/Application/Runtime/Cache/Admin/8fdb97cf043964c8b0ad702be278d296.php 第 116 行.
NOTIC: [8] Use of undefined constant sm_img - assumed 'sm_img' /Applications/MAMP/myhost/shangcheng/Application/Runtime/Cache/Admin/8fdb97cf043964c8b0ad702be278d296.php 第 111 行.
NOTIC: [8] Undefined index: goods_number /Applications/MAMP/myhost/shangcheng/Application/Runtime/Cache/Admin/8fdb97cf043964c8b0ad702be278d296.php 第 113 行.
NOTIC: [8] Undefined index: goods_id /Applications/MAMP/myhost/shangcheng/Application/Runtime/Cache/Admin/8fdb97cf043964c8b0ad702be278d296.php 第 116 行.
NOTIC: [8] Use of undefined constant sm_img - assumed 'sm_img' /Applications/MAMP/myhost/shangcheng/Application/Runtime/Cache/Admin/8fdb97cf043964c8b0ad702be278d296.php 第 111 行.
NOTIC: [8] Undefined index: goods_number /Applications/MAMP/myhost/shangcheng/Application/Runtime/Cache/Admin/8fdb97cf043964c8b0ad702be278d296.php 第 113 行.
NOTIC: [8] Undefined index: goods_id /Applications/MAMP/myhost/shangcheng/Application/Runtime/Cache/Admin/8fdb97cf043964c8b0ad702be278d296.php 第 116 行.
NOTIC: [8] Use of undefined constant sm_img - assumed 'sm_img' /Applications/MAMP/myhost/shangcheng/Application/Runtime/Cache/Admin/8fdb97cf043964c8b0ad702be278d296.php 第 111 行.
NOTIC: [8] Undefined index: goods_number /Applications/MAMP/myhost/shangcheng/Application/Runtime/Cache/Admin/8fdb97cf043964c8b0ad702be278d296.php 第 113 行.
NOTIC: [8] Undefined index: goods_id /Applications/MAMP/myhost/shangcheng/Application/Runtime/Cache/Admin/8fdb97cf043964c8b0ad702be278d296.php 第 116 行.
NOTIC: [8] Use of undefined constant sm_img - assumed 'sm_img' /Applications/MAMP/myhost/shangcheng/Application/Runtime/Cache/Admin/8fdb97cf043964c8b0ad702be278d296.php 第 111 行.
NOTIC: [8] Undefined index: goods_number /Applications/MAMP/myhost/shangcheng/Application/Runtime/Cache/Admin/8fdb97cf043964c8b0ad702be278d296.php 第 113 行.
NOTIC: [8] Undefined index: goods_id /Applications/MAMP/myhost/shangcheng/Application/Runtime/Cache/Admin/8fdb97cf043964c8b0ad702be278d296.php 第 116 行.
NOTIC: [8] Use of undefined constant sm_img - assumed 'sm_img' /Applications/MAMP/myhost/shangcheng/Application/Runtime/Cache/Admin/8fdb97cf043964c8b0ad702be278d296.php 第 111 行.
NOTIC: [8] Undefined index: goods_number /Applications/MAMP/myhost/shangcheng/Application/Runtime/Cache/Admin/8fdb97cf043964c8b0ad702be278d296.php 第 113 行.
NOTIC: [8] Undefined index: goods_id /Applications/MAMP/myhost/shangcheng/Application/Runtime/Cache/Admin/8fdb97cf043964c8b0ad702be278d296.php 第 116 行.
INFO: Run Behavior\ParseTemplateBehavior [ RunTime:0.013774s ]
INFO: [ view_parse ] --END-- [ RunTime:0.013897s ]
INFO: [ view_filter ] --START--
INFO: Run Behavior\WriteHtmlCacheBehavior [ RunTime:0.000381s ]
INFO: [ view_filter ] --END-- [ RunTime:0.000423s ]
INFO: [ app_end ] --START--
INFO: Run Behavior\ShowPageTraceBehavior [ RunTime:0.000922s ]
INFO: [ app_end ] --END-- [ RunTime:0.000989s ]

[ 2017-04-21T12:19:48+08:00 ] 127.0.0.1 /shangcheng/index.php/Admin/Goods/list.html
INFO: [ app_init ] --START--
INFO: Run Behavior\BuildLiteBehavior [ RunTime:0.000013s ]
INFO: [ app_init ] --END-- [ RunTime:0.000310s ]
INFO: [ app_begin ] --START--
INFO: Run Behavior\ReadHtmlCacheBehavior [ RunTime:0.000887s ]
INFO: [ app_begin ] --END-- [ RunTime:0.000959s ]
SQL: SHOW COLUMNS FROM `p39_privilege` [ RunTime:0.0111s ]
SQL: SHOW COLUMNS FROM `p39_goods` [ RunTime:0.0024s ]
SQL: SELECT COUNT(*) AS tp_count FROM p39_goods a LIMIT 1   [ RunTime:0.0004s ]
SQL: SELECT a.*,b.brand_name,c.cat_name,GROUP_CONCAT(e.cat_name SEPARATOR "<br/>") as ext_cat_name FROM p39_goods a left join p39_brand as b on a.brand_id=b.id
          left join p39_category as c on a.cat_id=c.id
          left join p39_goods_cat as d on a.id=d.goods_id
          left join p39_category as e on d.cat_id=e.id  GROUP BY a.id ORDER BY a.id desc LIMIT 0,6   [ RunTime:0.0044s ]
NOTIC: [2] Declaration of Admin\Model\CategoryModel::_before_delete(&$option) should be compatible with Think\Model::_before_delete($options) /Applications/MAMP/myhost/shangcheng/Application/Admin/Model/CategoryModel.class.php 第 149 行.
SQL: SHOW COLUMNS FROM `p39_category` [ RunTime:0.0023s ]
SQL: SELECT * FROM `p39_category`  [ RunTime:0.0005s ]
INFO: [ view_parse ] --START--
INFO: [ template_filter ] --START--
INFO: Run Behavior\ContentReplaceBehavior [ RunTime:0.000130s ]
INFO: [ template_filter ] --END-- [ RunTime:0.000174s ]
SQL: SHOW COLUMNS FROM `p39_brand` [ RunTime:0.0017s ]
SQL: SELECT `id`,`brand_name` FROM `p39_brand`  [ RunTime:0.0004s ]
NOTIC: [8] Use of undefined constant sm_img - assumed 'sm_img' /Applications/MAMP/myhost/shangcheng/Application/Runtime/Cache/Admin/8fdb97cf043964c8b0ad702be278d296.php 第 111 行.
NOTIC: [8] Undefined index: goods_number /Applications/MAMP/myhost/shangcheng/Application/Runtime/Cache/Admin/8fdb97cf043964c8b0ad702be278d296.php 第 113 行.
NOTIC: [8] Undefined index: goods_id /Applications/MAMP/myhost/shangcheng/Application/Runtime/Cache/Admin/8fdb97cf043964c8b0ad702be278d296.php 第 116 行.
NOTIC: [8] Use of undefined constant sm_img - assumed 'sm_img' /Applications/MAMP/myhost/shangcheng/Application/Runtime/Cache/Admin/8fdb97cf043964c8b0ad702be278d296.php 第 111 行.
NOTIC: [8] Undefined index: goods_number /Applications/MAMP/myhost/shangcheng/Application/Runtime/Cache/Admin/8fdb97cf043964c8b0ad702be278d296.php 第 113 行.
NOTIC: [8] Undefined index: goods_id /Applications/MAMP/myhost/shangcheng/Application/Runtime/Cache/Admin/8fdb97cf043964c8b0ad702be278d296.php 第 116 行.
NOTIC: [8] Use of undefined constant sm_img - assumed 'sm_img' /Applications/MAMP/myhost/shangcheng/Application/Runtime/Cache/Admin/8fdb97cf043964c8b0ad702be278d296.php 第 111 行.
NOTIC: [8] Undefined index: goods_number /Applications/MAMP/myhost/shangcheng/Application/Runtime/Cache/Admin/8fdb97cf043964c8b0ad702be278d296.php 第 113 行.
NOTIC: [8] Undefined index: goods_id /Applications/MAMP/myhost/shangcheng/Application/Runtime/Cache/Admin/8fdb97cf043964c8b0ad702be278d296.php 第 116 行.
NOTIC: [8] Use of undefined constant sm_img - assumed 'sm_img' /Applications/MAMP/myhost/shangcheng/Application/Runtime/Cache/Admin/8fdb97cf043964c8b0ad702be278d296.php 第 111 行.
NOTIC: [8] Undefined index: goods_number /Applications/MAMP/myhost/shangcheng/Application/Runtime/Cache/Admin/8fdb97cf043964c8b0ad702be278d296.php 第 113 行.
NOTIC: [8] Undefined index: goods_id /Applications/MAMP/myhost/shangcheng/Application/Runtime/Cache/Admin/8fdb97cf043964c8b0ad702be278d296.php 第 116 行.
NOTIC: [8] Use of undefined constant sm_img - assumed 'sm_img' /Applications/MAMP/myhost/shangcheng/Application/Runtime/Cache/Admin/8fdb97cf043964c8b0ad702be278d296.php 第 111 行.
NOTIC: [8] Undefined index: goods_number /Applications/MAMP/myhost/shangcheng/Application/Runtime/Cache/Admin/8fdb97cf043964c8b0ad702be278d296.php 第 113 行.
NOTIC: [8] Undefined index: goods_id /Applications/MAMP/myhost/shangcheng/Application/Runtime/Cache/Admin/8fdb97cf043964c8b0ad702be278d296.php 第 116 行.
NOTIC: [8] Use of undefined constant sm_img - assumed 'sm_img' /Applications/MAMP/myhost/shangcheng/Application/Runtime/Cache/Admin/8fdb97cf043964c8b0ad702be278d296.php 第 111 行.
NOTIC: [8] Undefined index: goods_number /Applications/MAMP/myhost/shangcheng/Application/Runtime/Cache/Admin/8fdb97cf043964c8b0ad702be278d296.php 第 113 行.
NOTIC: [8] Undefined index: goods_id /Applications/MAMP/myhost/shangcheng/Application/Runtime/Cache/Admin/8fdb97cf043964c8b0ad702be278d296.php 第 116 行.
INFO: Run Behavior\ParseTemplateBehavior [ RunTime:0.012785s ]
INFO: [ view_parse ] --END-- [ RunTime:0.012827s ]
INFO: [ view_filter ] --START--
INFO: Run Behavior\WriteHtmlCacheBehavior [ RunTime:0.000212s ]
INFO: [ view_filter ] --END-- [ RunTime:0.000245s ]
INFO: [ app_end ] --START--
INFO: Run Behavior\ShowPageTraceBehavior [ RunTime:0.000756s ]
INFO: [ app_end ] --END-- [ RunTime:0.000828s ]

[ 2017-04-21T12:20:08+08:00 ] 127.0.0.1 /shangcheng/index.php/Admin/Goods/list.html
INFO: [ app_init ] --START--
INFO: Run Behavior\BuildLiteBehavior [ RunTime:0.000014s ]
INFO: [ app_init ] --END-- [ RunTime:0.000328s ]
INFO: [ app_begin ] --START--
INFO: Run Behavior\ReadHtmlCacheBehavior [ RunTime:0.000451s ]
INFO: [ app_begin ] --END-- [ RunTime:0.000483s ]
SQL: SHOW COLUMNS FROM `p39_privilege` [ RunTime:0.0105s ]
SQL: SHOW COLUMNS FROM `p39_goods` [ RunTime:0.0031s ]
SQL: SELECT COUNT(*) AS tp_count FROM p39_goods a LIMIT 1   [ RunTime:0.0005s ]
SQL: SELECT a.*,b.brand_name,c.cat_name,GROUP_CONCAT(e.cat_name SEPARATOR "<br/>") as ext_cat_name FROM p39_goods a left join p39_brand as b on a.brand_id=b.id
          left join p39_category as c on a.cat_id=c.id
          left join p39_goods_cat as d on a.id=d.goods_id
          left join p39_category as e on d.cat_id=e.id  GROUP BY a.id ORDER BY a.id desc LIMIT 0,6   [ RunTime:0.0033s ]
NOTIC: [2] Declaration of Admin\Model\CategoryModel::_before_delete(&$option) should be compatible with Think\Model::_before_delete($options) /Applications/MAMP/myhost/shangcheng/Application/Admin/Model/CategoryModel.class.php 第 149 行.
SQL: SHOW COLUMNS FROM `p39_category` [ RunTime:0.0028s ]
SQL: SELECT * FROM `p39_category`  [ RunTime:0.0005s ]
INFO: [ view_parse ] --START--
INFO: [ template_filter ] --START--
INFO: Run Behavior\ContentReplaceBehavior [ RunTime:0.000130s ]
INFO: [ template_filter ] --END-- [ RunTime:0.000170s ]
SQL: SHOW COLUMNS FROM `p39_brand` [ RunTime:0.0021s ]
SQL: SELECT `id`,`brand_name` FROM `p39_brand`  [ RunTime:0.0004s ]
NOTIC: [8] Use of undefined constant sm_img - assumed 'sm_img' /Applications/MAMP/myhost/shangcheng/Application/Runtime/Cache/Admin/8fdb97cf043964c8b0ad702be278d296.php 第 111 行.
NOTIC: [8] Undefined index: goods_number /Applications/MAMP/myhost/shangcheng/Application/Runtime/Cache/Admin/8fdb97cf043964c8b0ad702be278d296.php 第 113 行.
NOTIC: [8] Undefined index: goods_id /Applications/MAMP/myhost/shangcheng/Application/Runtime/Cache/Admin/8fdb97cf043964c8b0ad702be278d296.php 第 116 行.
NOTIC: [8] Use of undefined constant sm_img - assumed 'sm_img' /Applications/MAMP/myhost/shangcheng/Application/Runtime/Cache/Admin/8fdb97cf043964c8b0ad702be278d296.php 第 111 行.
NOTIC: [8] Undefined index: goods_number /Applications/MAMP/myhost/shangcheng/Application/Runtime/Cache/Admin/8fdb97cf043964c8b0ad702be278d296.php 第 113 行.
NOTIC: [8] Undefined index: goods_id /Applications/MAMP/myhost/shangcheng/Application/Runtime/Cache/Admin/8fdb97cf043964c8b0ad702be278d296.php 第 116 行.
NOTIC: [8] Use of undefined constant sm_img - assumed 'sm_img' /Applications/MAMP/myhost/shangcheng/Application/Runtime/Cache/Admin/8fdb97cf043964c8b0ad702be278d296.php 第 111 行.
NOTIC: [8] Undefined index: goods_number /Applications/MAMP/myhost/shangcheng/Application/Runtime/Cache/Admin/8fdb97cf043964c8b0ad702be278d296.php 第 113 行.
NOTIC: [8] Undefined index: goods_id /Applications/MAMP/myhost/shangcheng/Application/Runtime/Cache/Admin/8fdb97cf043964c8b0ad702be278d296.php 第 116 行.
NOTIC: [8] Use of undefined constant sm_img - assumed 'sm_img' /Applications/MAMP/myhost/shangcheng/Application/Runtime/Cache/Admin/8fdb97cf043964c8b0ad702be278d296.php 第 111 行.
NOTIC: [8] Undefined index: goods_number /Applications/MAMP/myhost/shangcheng/Application/Runtime/Cache/Admin/8fdb97cf043964c8b0ad702be278d296.php 第 113 行.
NOTIC: [8] Undefined index: goods_id /Applications/MAMP/myhost/shangcheng/Application/Runtime/Cache/Admin/8fdb97cf043964c8b0ad702be278d296.php 第 116 行.
NOTIC: [8] Use of undefined constant sm_img - assumed 'sm_img' /Applications/MAMP/myhost/shangcheng/Application/Runtime/Cache/Admin/8fdb97cf043964c8b0ad702be278d296.php 第 111 行.
NOTIC: [8] Undefined index: goods_number /Applications/MAMP/myhost/shangcheng/Application/Runtime/Cache/Admin/8fdb97cf043964c8b0ad702be278d296.php 第 113 行.
NOTIC: [8] Undefined index: goods_id /Applications/MAMP/myhost/shangcheng/Application/Runtime/Cache/Admin/8fdb97cf043964c8b0ad702be278d296.php 第 116 行.
NOTIC: [8] Use of undefined constant sm_img - assumed 'sm_img' /Applications/MAMP/myhost/shangcheng/Application/Runtime/Cache/Admin/8fdb97cf043964c8b0ad702be278d296.php 第 111 行.
NOTIC: [8] Undefined index: goods_number /Applications/MAMP/myhost/shangcheng/Application/Runtime/Cache/Admin/8fdb97cf043964c8b0ad702be278d296.php 第 113 行.
NOTIC: [8] Undefined index: goods_id /Applications/MAMP/myhost/shangcheng/Application/Runtime/Cache/Admin/8fdb97cf043964c8b0ad702be278d296.php 第 116 行.
INFO: Run Behavior\ParseTemplateBehavior [ RunTime:0.011868s ]
INFO: [ view_parse ] --END-- [ RunTime:0.011914s ]
INFO: [ view_filter ] --START--
INFO: Run Behavior\WriteHtmlCacheBehavior [ RunTime:0.000253s ]
INFO: [ view_filter ] --END-- [ RunTime:0.000291s ]
INFO: [ app_end ] --START--
INFO: Run Behavior\ShowPageTraceBehavior [ RunTime:0.000756s ]
INFO: [ app_end ] --END-- [ RunTime:0.000844s ]

[ 2017-04-21T12:20:33+08:00 ] 127.0.0.1 /shangcheng/index.php/Admin/Goods/edit?id=44
INFO: [ app_init ] --START--
INFO: Run Behavior\BuildLiteBehavior [ RunTime:0.000014s ]
INFO: [ app_init ] --END-- [ RunTime:0.000316s ]
INFO: [ app_begin ] --START--
INFO: Run Behavior\ReadHtmlCacheBehavior [ RunTime:0.000443s ]
INFO: [ app_begin ] --END-- [ RunTime:0.000476s ]
SQL: SHOW COLUMNS FROM `p39_privilege` [ RunTime:0.0015s ]
SQL: SHOW COLUMNS FROM `p39_goods` [ RunTime:0.0026s ]
SQL: SHOW COLUMNS FROM `p39_goods_cat` [ RunTime:0.0019s ]
SQL: SELECT * FROM `p39_goods_cat` WHERE `goods_id` = '44'  [ RunTime:0.0005s ]
SQL: SELECT * FROM `p39_goods` WHERE `id` = 44 LIMIT 1   [ RunTime:0.0006s ]
NOTIC: [2] Declaration of Admin\Model\CategoryModel::_before_delete(&$option) should be compatible with Think\Model::_before_delete($options) /Applications/MAMP/myhost/shangcheng/Application/Admin/Model/CategoryModel.class.php 第 149 行.
SQL: SHOW COLUMNS FROM `p39_category` [ RunTime:0.0022s ]
SQL: SELECT * FROM `p39_category`  [ RunTime:0.0004s ]
SQL: SHOW COLUMNS FROM `p39_member_level` [ RunTime:0.0017s ]
SQL: SELECT * FROM `p39_member_level`  [ RunTime:0.0004s ]
SQL: SHOW COLUMNS FROM `p39_member_price` [ RunTime:0.0018s ]
SQL: SELECT * FROM `p39_member_price` WHERE `goods_id` = '44'  [ RunTime:0.0005s ]
SQL: SHOW COLUMNS FROM `p39_attribute` [ RunTime:0.0029s ]
SQL: SELECT a.id attr_id,a.attr_name,a.attr_type,a.attr_option_values,b.attr_value,b.id FROM p39_attribute a left join p39_goods_attr as b on (a.id=b.attr_id and b.goods_id=44)  WHERE a.type_id = '0'  [ RunTime:0.0011s ]
SQL: SHOW COLUMNS FROM `p39_goods_pic` [ RunTime:0.0026s ]
SQL: SELECT `id`,`mid_pic` FROM `p39_goods_pic` WHERE `goods_id` = '44'  [ RunTime:0.0005s ]
INFO: [ view_parse ] --START--
INFO: [ template_filter ] --START--
INFO: Run Behavior\ContentReplaceBehavior [ RunTime:0.000159s ]
INFO: [ template_filter ] --END-- [ RunTime:0.000204s ]
NOTIC: [8] Use of undefined constant id - assumed 'id' /Applications/MAMP/myhost/shangcheng/Application/Runtime/Cache/Admin/608b0c961c661bd6d45820311b4b75a7.php 第 47 行.
NOTIC: [8] Use of undefined constant id - assumed 'id' /Applications/MAMP/myhost/shangcheng/Application/Runtime/Cache/Admin/608b0c961c661bd6d45820311b4b75a7.php 第 47 行.
NOTIC: [8] Use of undefined constant id - assumed 'id' /Applications/MAMP/myhost/shangcheng/Application/Runtime/Cache/Admin/608b0c961c661bd6d45820311b4b75a7.php 第 47 行.
NOTIC: [8] Use of undefined constant id - assumed 'id' /Applications/MAMP/myhost/shangcheng/Application/Runtime/Cache/Admin/608b0c961c661bd6d45820311b4b75a7.php 第 47 行.
NOTIC: [8] Use of undefined constant id - assumed 'id' /Applications/MAMP/myhost/shangcheng/Application/Runtime/Cache/Admin/608b0c961c661bd6d45820311b4b75a7.php 第 47 行.
NOTIC: [8] Use of undefined constant id - assumed 'id' /Applications/MAMP/myhost/shangcheng/Application/Runtime/Cache/Admin/608b0c961c661bd6d45820311b4b75a7.php 第 47 行.
NOTIC: [8] Use of undefined constant id - assumed 'id' /Applications/MAMP/myhost/shangcheng/Application/Runtime/Cache/Admin/608b0c961c661bd6d45820311b4b75a7.php 第 47 行.
NOTIC: [8] Use of undefined constant id - assumed 'id' /Applications/MAMP/myhost/shangcheng/Application/Runtime/Cache/Admin/608b0c961c661bd6d45820311b4b75a7.php 第 47 行.
NOTIC: [8] Use of undefined constant id - assumed 'id' /Applications/MAMP/myhost/shangcheng/Application/Runtime/Cache/Admin/608b0c961c661bd6d45820311b4b75a7.php 第 47 行.
NOTIC: [8] Use of undefined constant id - assumed 'id' /Applications/MAMP/myhost/shangcheng/Application/Runtime/Cache/Admin/608b0c961c661bd6d45820311b4b75a7.php 第 47 行.
NOTIC: [8] Use of undefined constant id - assumed 'id' /Applications/MAMP/myhost/shangcheng/Application/Runtime/Cache/Admin/608b0c961c661bd6d45820311b4b75a7.php 第 47 行.
NOTIC: [8] Use of undefined constant id - assumed 'id' /Applications/MAMP/myhost/shangcheng/Application/Runtime/Cache/Admin/608b0c961c661bd6d45820311b4b75a7.php 第 47 行.
NOTIC: [8] Use of undefined constant id - assumed 'id' /Applications/MAMP/myhost/shangcheng/Application/Runtime/Cache/Admin/608b0c961c661bd6d45820311b4b75a7.php 第 47 行.
NOTIC: [8] Use of undefined constant id - assumed 'id' /Applications/MAMP/myhost/shangcheng/Application/Runtime/Cache/Admin/608b0c961c661bd6d45820311b4b75a7.php 第 47 行.
NOTIC: [8] Use of undefined constant id - assumed 'id' /Applications/MAMP/myhost/shangcheng/Application/Runtime/Cache/Admin/608b0c961c661bd6d45820311b4b75a7.php 第 47 行.
SQL: SHOW COLUMNS FROM `p39_brand` [ RunTime:0.0027s ]
SQL: SELECT `id`,`brand_name` FROM `p39_brand`  [ RunTime:0.0006s ]
NOTIC: [8] Undefined offset: 1 /Applications/MAMP/myhost/shangcheng/Application/Runtime/Cache/Admin/608b0c961c661bd6d45820311b4b75a7.php 第 167 行.
NOTIC: [8] Undefined offset: 2 /Applications/MAMP/myhost/shangcheng/Application/Runtime/Cache/Admin/608b0c961c661bd6d45820311b4b75a7.php 第 167 行.
NOTIC: [8] Undefined offset: 3 /Applications/MAMP/myhost/shangcheng/Application/Runtime/Cache/Admin/608b0c961c661bd6d45820311b4b75a7.php 第 167 行.
NOTIC: [8] Undefined offset: 4 /Applications/MAMP/myhost/shangcheng/Application/Runtime/Cache/Admin/608b0c961c661bd6d45820311b4b75a7.php 第 167 行.
SQL: SHOW COLUMNS FROM `p39_type` [ RunTime:0.0022s ]
SQL: SELECT `id`,`type_name` FROM `p39_type`  [ RunTime:0.0005s ]
INFO: Run Behavior\ParseTemplateBehavior [ RunTime:0.021356s ]
INFO: [ view_parse ] --END-- [ RunTime:0.021404s ]
INFO: [ view_filter ] --START--
INFO: Run Behavior\WriteHtmlCacheBehavior [ RunTime:0.000253s ]
INFO: [ view_filter ] --END-- [ RunTime:0.000293s ]
INFO: [ app_end ] --START--
INFO: Run Behavior\ShowPageTraceBehavior [ RunTime:0.000854s ]
INFO: [ app_end ] --END-- [ RunTime:0.000923s ]

[ 2017-04-21T12:20:39+08:00 ] 127.0.0.1 /shangcheng/index.php/Admin/Goods/ajaxGetAttr/type_id/3
INFO: [ app_init ] --START--
INFO: Run Behavior\BuildLiteBehavior [ RunTime:0.000014s ]
INFO: [ app_init ] --END-- [ RunTime:0.000358s ]
INFO: [ app_begin ] --START--
INFO: Run Behavior\ReadHtmlCacheBehavior [ RunTime:0.000522s ]
INFO: [ app_begin ] --END-- [ RunTime:0.000560s ]
SQL: SHOW COLUMNS FROM `p39_privilege` [ RunTime:0.0018s ]
SQL: SHOW COLUMNS FROM `p39_attribute` [ RunTime:0.0022s ]
SQL: SELECT * FROM `p39_attribute` WHERE `type_id` = '3'  [ RunTime:0.0005s ]
INFO: [ app_end ] --START--
INFO: Run Behavior\ShowPageTraceBehavior [ RunTime:0.000641s ]
INFO: [ app_end ] --END-- [ RunTime:0.000690s ]

[ 2017-04-21T12:20:43+08:00 ] 127.0.0.1 /shangcheng/index.php/Admin/Goods/ajaxGetAttr/type_id/4
INFO: [ app_init ] --START--
INFO: Run Behavior\BuildLiteBehavior [ RunTime:0.000018s ]
INFO: [ app_init ] --END-- [ RunTime:0.000573s ]
INFO: [ app_begin ] --START--
INFO: Run Behavior\ReadHtmlCacheBehavior [ RunTime:0.000526s ]
INFO: [ app_begin ] --END-- [ RunTime:0.000563s ]
SQL: SHOW COLUMNS FROM `p39_privilege` [ RunTime:0.0111s ]
SQL: SHOW COLUMNS FROM `p39_attribute` [ RunTime:0.0037s ]
SQL: SELECT * FROM `p39_attribute` WHERE `type_id` = '4'  [ RunTime:0.0006s ]
INFO: [ app_end ] --START--
INFO: Run Behavior\ShowPageTraceBehavior [ RunTime:0.000818s ]
INFO: [ app_end ] --END-- [ RunTime:0.000868s ]

[ 2017-04-21T12:20:45+08:00 ] 127.0.0.1 /shangcheng/index.php/Admin/Goods/ajaxGetAttr/type_id/1
INFO: [ app_init ] --START--
INFO: Run Behavior\BuildLiteBehavior [ RunTime:0.000060s ]
INFO: [ app_init ] --END-- [ RunTime:0.000637s ]
INFO: [ app_begin ] --START--
INFO: Run Behavior\ReadHtmlCacheBehavior [ RunTime:0.000687s ]
INFO: [ app_begin ] --END-- [ RunTime:0.000737s ]
SQL: SHOW COLUMNS FROM `p39_privilege` [ RunTime:0.0113s ]
SQL: SHOW COLUMNS FROM `p39_attribute` [ RunTime:0.0046s ]
SQL: SELECT * FROM `p39_attribute` WHERE `type_id` = '1'  [ RunTime:0.0008s ]
INFO: [ app_end ] --START--
INFO: Run Behavior\ShowPageTraceBehavior [ RunTime:0.000724s ]
INFO: [ app_end ] --END-- [ RunTime:0.000773s ]

[ 2017-04-21T12:21:12+08:00 ] 127.0.0.1 /shangcheng/index.php/Admin/Goods/edit
INFO: [ app_init ] --START--
INFO: Run Behavior\BuildLiteBehavior [ RunTime:0.000012s ]
INFO: [ app_init ] --END-- [ RunTime:0.000320s ]
INFO: [ app_begin ] --START--
INFO: Run Behavior\ReadHtmlCacheBehavior [ RunTime:0.000449s ]
INFO: [ app_begin ] --END-- [ RunTime:0.000482s ]
SQL: SHOW COLUMNS FROM `p39_privilege` [ RunTime:0.0020s ]
SQL: SHOW COLUMNS FROM `p39_goods` [ RunTime:0.0031s ]
NOTIC: [8] Undefined index: validate /Applications/MAMP/myhost/shangcheng/ThinkPHP/Library/Think/Model.class.php 第 1185 行.
NOTIC: [8] Undefined index: auto /Applications/MAMP/myhost/shangcheng/ThinkPHP/Library/Think/Model.class.php 第 1128 行.
SQL: SHOW COLUMNS FROM `p39_goods_attr` [ RunTime:0.0026s ]
NOTIC: [8] Uninitialized string offset: 0 /Applications/MAMP/myhost/shangcheng/Application/Admin/Model/GoodsModel.class.php 第 274 行.
SQL: INSERT INTO `p39_goods_attr` (`goods_id`,`attr_value`,`attr_id`) VALUES ('44','3.5寸','1') [ RunTime:0.0023s ]
NOTIC: [8] Uninitialized string offset: 1 /Applications/MAMP/myhost/shangcheng/Application/Admin/Model/GoodsModel.class.php 第 274 行.
SQL: INSERT INTO `p39_goods_attr` (`goods_id`,`attr_value`,`attr_id`) VALUES ('44','4.5寸','1') [ RunTime:0.0010s ]
NOTIC: [8] Uninitialized string offset: 2 /Applications/MAMP/myhost/shangcheng/Application/Admin/Model/GoodsModel.class.php 第 274 行.
SQL: INSERT INTO `p39_goods_attr` (`goods_id`,`attr_value`,`attr_id`) VALUES ('44','5.7寸','1') [ RunTime:0.0008s ]
NOTIC: [8] Uninitialized string offset: 3 /Applications/MAMP/myhost/shangcheng/Application/Admin/Model/GoodsModel.class.php 第 274 行.
SQL: INSERT INTO `p39_goods_attr` (`goods_id`,`attr_value`,`attr_id`) VALUES ('44','2G','3') [ RunTime:0.0008s ]
NOTIC: [8] Uninitialized string offset: 4 /Applications/MAMP/myhost/shangcheng/Application/Admin/Model/GoodsModel.class.php 第 274 行.
SQL: INSERT INTO `p39_goods_attr` (`goods_id`,`attr_value`,`attr_id`) VALUES ('44','华为','12') [ RunTime:0.0008s ]
NOTIC: [8] Uninitialized string offset: 5 /Applications/MAMP/myhost/shangcheng/Application/Admin/Model/GoodsModel.class.php 第 274 行.
SQL: INSERT INTO `p39_goods_attr` (`goods_id`,`attr_value`,`attr_id`) VALUES ('44','ios','15') [ RunTime:0.0008s ]
NOTIC: [8] Uninitialized string offset: 6 /Applications/MAMP/myhost/shangcheng/Application/Admin/Model/GoodsModel.class.php 第 274 行.
SQL: INSERT INTO `p39_goods_attr` (`goods_id`,`attr_value`,`attr_id`) VALUES ('44','200g','16') [ RunTime:0.0008s ]
SQL: SHOW COLUMNS FROM `p39_goods_cat` [ RunTime:0.0024s ]
SQL: DELETE FROM `p39_goods_cat` WHERE `goods_id` = '44' [ RunTime:0.0007s ]
SQL: INSERT INTO `p39_goods_cat` (`cat_id`,`goods_id`) VALUES ('22','44') [ RunTime:0.0007s ]
SQL: SHOW COLUMNS FROM `p39_member_price` [ RunTime:0.0029s ]
SQL: DELETE FROM `p39_member_price` WHERE `goods_id` = '44' [ RunTime:0.0005s ]
SQL: UPDATE `p39_goods` SET `cat_id`='23',`goods_name`='测试在线编辑器',`shop_price`='4.00',`is_on_sale`='1',`market_price`='44.00',`promote_price`='0.00',`promote_start_date`='0000-00-00 00:00:00',`promote_end_date`='0000-00-00 00:00:00',`is_new`='1',`is_best`='1',`is_hot`='1',`is_floor`='1',`sort_num`='67',`goods_desc`='&lt;p&gt;这个是在线&lt;span style=\"color:#ff0000\"&gt;编辑&lt;/span&gt;器&lt;/p&gt;',`type_id`='1' WHERE `id` = 44 [ RunTime:0.0022s ]
INFO: [ view_parse ] --START--
INFO: [ template_filter ] --START--
INFO: Run Behavior\ContentReplaceBehavior [ RunTime:0.000049s ]
INFO: [ template_filter ] --END-- [ RunTime:0.000100s ]
INFO: Run Behavior\ParseTemplateBehavior [ RunTime:0.008655s ]
INFO: [ view_parse ] --END-- [ RunTime:0.008752s ]
INFO: [ view_filter ] --START--
INFO: Run Behavior\WriteHtmlCacheBehavior [ RunTime:0.000209s ]
INFO: [ view_filter ] --END-- [ RunTime:0.000247s ]

[ 2017-04-21T12:21:13+08:00 ] 127.0.0.1 /shangcheng/index.php/Admin/Goods/list.html
INFO: [ app_init ] --START--
INFO: Run Behavior\BuildLiteBehavior [ RunTime:0.000025s ]
INFO: [ app_init ] --END-- [ RunTime:0.000822s ]
INFO: [ app_begin ] --START--
INFO: Run Behavior\ReadHtmlCacheBehavior [ RunTime:0.000928s ]
INFO: [ app_begin ] --END-- [ RunTime:0.001000s ]
SQL: SHOW COLUMNS FROM `p39_privilege` [ RunTime:0.0103s ]
SQL: SHOW COLUMNS FROM `p39_goods` [ RunTime:0.0041s ]
SQL: SELECT COUNT(*) AS tp_count FROM p39_goods a LIMIT 1   [ RunTime:0.0006s ]
SQL: SELECT a.*,b.brand_name,c.cat_name,GROUP_CONCAT(e.cat_name SEPARATOR "<br/>") as ext_cat_name FROM p39_goods a left join p39_brand as b on a.brand_id=b.id
          left join p39_category as c on a.cat_id=c.id
          left join p39_goods_cat as d on a.id=d.goods_id
          left join p39_category as e on d.cat_id=e.id  GROUP BY a.id ORDER BY a.id desc LIMIT 0,6   [ RunTime:0.0043s ]
NOTIC: [2] Declaration of Admin\Model\CategoryModel::_before_delete(&$option) should be compatible with Think\Model::_before_delete($options) /Applications/MAMP/myhost/shangcheng/Application/Admin/Model/CategoryModel.class.php 第 149 行.
SQL: SHOW COLUMNS FROM `p39_category` [ RunTime:0.0022s ]
SQL: SELECT * FROM `p39_category`  [ RunTime:0.0006s ]
INFO: [ view_parse ] --START--
INFO: [ template_filter ] --START--
INFO: Run Behavior\ContentReplaceBehavior [ RunTime:0.000130s ]
INFO: [ template_filter ] --END-- [ RunTime:0.000176s ]
SQL: SHOW COLUMNS FROM `p39_brand` [ RunTime:0.0017s ]
SQL: SELECT `id`,`brand_name` FROM `p39_brand`  [ RunTime:0.0004s ]
NOTIC: [8] Use of undefined constant sm_img - assumed 'sm_img' /Applications/MAMP/myhost/shangcheng/Application/Runtime/Cache/Admin/8fdb97cf043964c8b0ad702be278d296.php 第 111 行.
NOTIC: [8] Undefined index: goods_number /Applications/MAMP/myhost/shangcheng/Application/Runtime/Cache/Admin/8fdb97cf043964c8b0ad702be278d296.php 第 113 行.
NOTIC: [8] Undefined index: goods_id /Applications/MAMP/myhost/shangcheng/Application/Runtime/Cache/Admin/8fdb97cf043964c8b0ad702be278d296.php 第 116 行.
NOTIC: [8] Use of undefined constant sm_img - assumed 'sm_img' /Applications/MAMP/myhost/shangcheng/Application/Runtime/Cache/Admin/8fdb97cf043964c8b0ad702be278d296.php 第 111 行.
NOTIC: [8] Undefined index: goods_number /Applications/MAMP/myhost/shangcheng/Application/Runtime/Cache/Admin/8fdb97cf043964c8b0ad702be278d296.php 第 113 行.
NOTIC: [8] Undefined index: goods_id /Applications/MAMP/myhost/shangcheng/Application/Runtime/Cache/Admin/8fdb97cf043964c8b0ad702be278d296.php 第 116 行.
NOTIC: [8] Use of undefined constant sm_img - assumed 'sm_img' /Applications/MAMP/myhost/shangcheng/Application/Runtime/Cache/Admin/8fdb97cf043964c8b0ad702be278d296.php 第 111 行.
NOTIC: [8] Undefined index: goods_number /Applications/MAMP/myhost/shangcheng/Application/Runtime/Cache/Admin/8fdb97cf043964c8b0ad702be278d296.php 第 113 行.
NOTIC: [8] Undefined index: goods_id /Applications/MAMP/myhost/shangcheng/Application/Runtime/Cache/Admin/8fdb97cf043964c8b0ad702be278d296.php 第 116 行.
NOTIC: [8] Use of undefined constant sm_img - assumed 'sm_img' /Applications/MAMP/myhost/shangcheng/Application/Runtime/Cache/Admin/8fdb97cf043964c8b0ad702be278d296.php 第 111 行.
NOTIC: [8] Undefined index: goods_number /Applications/MAMP/myhost/shangcheng/Application/Runtime/Cache/Admin/8fdb97cf043964c8b0ad702be278d296.php 第 113 行.
NOTIC: [8] Undefined index: goods_id /Applications/MAMP/myhost/shangcheng/Application/Runtime/Cache/Admin/8fdb97cf043964c8b0ad702be278d296.php 第 116 行.
NOTIC: [8] Use of undefined constant sm_img - assumed 'sm_img' /Applications/MAMP/myhost/shangcheng/Application/Runtime/Cache/Admin/8fdb97cf043964c8b0ad702be278d296.php 第 111 行.
NOTIC: [8] Undefined index: goods_number /Applications/MAMP/myhost/shangcheng/Application/Runtime/Cache/Admin/8fdb97cf043964c8b0ad702be278d296.php 第 113 行.
NOTIC: [8] Undefined index: goods_id /Applications/MAMP/myhost/shangcheng/Application/Runtime/Cache/Admin/8fdb97cf043964c8b0ad702be278d296.php 第 116 行.
NOTIC: [8] Use of undefined constant sm_img - assumed 'sm_img' /Applications/MAMP/myhost/shangcheng/Application/Runtime/Cache/Admin/8fdb97cf043964c8b0ad702be278d296.php 第 111 行.
NOTIC: [8] Undefined index: goods_number /Applications/MAMP/myhost/shangcheng/Application/Runtime/Cache/Admin/8fdb97cf043964c8b0ad702be278d296.php 第 113 行.
NOTIC: [8] Undefined index: goods_id /Applications/MAMP/myhost/shangcheng/Application/Runtime/Cache/Admin/8fdb97cf043964c8b0ad702be278d296.php 第 116 行.
INFO: Run Behavior\ParseTemplateBehavior [ RunTime:0.013186s ]
INFO: [ view_parse ] --END-- [ RunTime:0.013232s ]
INFO: [ view_filter ] --START--
INFO: Run Behavior\WriteHtmlCacheBehavior [ RunTime:0.000202s ]
INFO: [ view_filter ] --END-- [ RunTime:0.000233s ]
INFO: [ app_end ] --START--
INFO: Run Behavior\ShowPageTraceBehavior [ RunTime:0.000758s ]
INFO: [ app_end ] --END-- [ RunTime:0.000807s ]

[ 2017-04-21T12:27:52+08:00 ] 127.0.0.1 /shangcheng/index.php/Admin/Goods/edit?id=41
INFO: [ app_init ] --START--
INFO: Run Behavior\BuildLiteBehavior [ RunTime:0.000013s ]
INFO: [ app_init ] --END-- [ RunTime:0.000313s ]
INFO: [ app_begin ] --START--
INFO: Run Behavior\ReadHtmlCacheBehavior [ RunTime:0.000444s ]
INFO: [ app_begin ] --END-- [ RunTime:0.000478s ]
INFO: [ view_parse ] --START--
INFO: [ template_filter ] --START--
INFO: Run Behavior\ContentReplaceBehavior [ RunTime:0.000033s ]
INFO: [ template_filter ] --END-- [ RunTime:0.000067s ]
INFO: Run Behavior\ParseTemplateBehavior [ RunTime:0.004619s ]
INFO: [ view_parse ] --END-- [ RunTime:0.004652s ]
INFO: [ view_filter ] --START--
INFO: Run Behavior\WriteHtmlCacheBehavior [ RunTime:0.000131s ]
INFO: [ view_filter ] --END-- [ RunTime:0.000156s ]

[ 2017-04-21T12:27:55+08:00 ] 127.0.0.1 /shangcheng/index.php/Admin/Login/login.html
INFO: [ app_init ] --START--
INFO: Run Behavior\BuildLiteBehavior [ RunTime:0.000013s ]
INFO: [ app_init ] --END-- [ RunTime:0.000308s ]
INFO: [ app_begin ] --START--
INFO: Run Behavior\ReadHtmlCacheBehavior [ RunTime:0.000439s ]
INFO: [ app_begin ] --END-- [ RunTime:0.000471s ]
INFO: [ view_parse ] --START--
INFO: [ template_filter ] --START--
INFO: Run Behavior\ContentReplaceBehavior [ RunTime:0.000067s ]
INFO: [ template_filter ] --END-- [ RunTime:0.000125s ]
INFO: Run Behavior\ParseTemplateBehavior [ RunTime:0.015428s ]
INFO: [ view_parse ] --END-- [ RunTime:0.015502s ]
INFO: [ view_filter ] --START--
INFO: Run Behavior\WriteHtmlCacheBehavior [ RunTime:0.000282s ]
INFO: [ view_filter ] --END-- [ RunTime:0.000335s ]
INFO: [ app_end ] --START--
INFO: Run Behavior\ShowPageTraceBehavior [ RunTime:0.000909s ]
INFO: [ app_end ] --END-- [ RunTime:0.000966s ]

[ 2017-04-21T12:27:55+08:00 ] 127.0.0.1 /shangcheng/index.php/Admin/Login/chkcode.html
INFO: [ app_init ] --START--
INFO: Run Behavior\BuildLiteBehavior [ RunTime:0.000024s ]
INFO: [ app_init ] --END-- [ RunTime:0.000584s ]
INFO: [ app_begin ] --START--
INFO: Run Behavior\ReadHtmlCacheBehavior [ RunTime:0.000931s ]
INFO: [ app_begin ] --END-- [ RunTime:0.001046s ]
INFO: [ app_end ] --START--
INFO: Run Behavior\ShowPageTraceBehavior [ RunTime:0.001011s ]
INFO: [ app_end ] --END-- [ RunTime:0.001114s ]

[ 2017-04-21T12:28:03+08:00 ] 127.0.0.1 /shangcheng/index.php/Admin/Login/login.html
INFO: [ app_init ] --START--
INFO: Run Behavior\BuildLiteBehavior [ RunTime:0.000014s ]
INFO: [ app_init ] --END-- [ RunTime:0.000361s ]
INFO: [ app_begin ] --START--
INFO: Run Behavior\ReadHtmlCacheBehavior [ RunTime:0.000563s ]
INFO: [ app_begin ] --END-- [ RunTime:0.000617s ]
SQL: SHOW COLUMNS FROM `p39_admin` [ RunTime:0.0015s ]
NOTIC: [8] Undefined index: auto /Applications/MAMP/myhost/shangcheng/ThinkPHP/Library/Think/Model.class.php 第 1128 行.
SQL: SELECT * FROM `p39_admin` WHERE `username` = 'root' LIMIT 1   [ RunTime:0.0005s ]
INFO: [ view_parse ] --START--
INFO: [ template_filter ] --START--
INFO: Run Behavior\ContentReplaceBehavior [ RunTime:0.000046s ]
INFO: [ template_filter ] --END-- [ RunTime:0.000095s ]
INFO: Run Behavior\ParseTemplateBehavior [ RunTime:0.006579s ]
INFO: [ view_parse ] --END-- [ RunTime:0.006621s ]
INFO: [ view_filter ] --START--
INFO: Run Behavior\WriteHtmlCacheBehavior [ RunTime:0.000176s ]
INFO: [ view_filter ] --END-- [ RunTime:0.000210s ]

[ 2017-04-21T12:28:04+08:00 ] 127.0.0.1 /shangcheng/index.php/Admin/Index/index.html
INFO: [ app_init ] --START--
INFO: Run Behavior\BuildLiteBehavior [ RunTime:0.000021s ]
INFO: [ app_init ] --END-- [ RunTime:0.000929s ]
INFO: [ app_begin ] --START--
INFO: Run Behavior\ReadHtmlCacheBehavior [ RunTime:0.000705s ]
INFO: [ app_begin ] --END-- [ RunTime:0.000758s ]
INFO: [ view_parse ] --START--
INFO: [ template_filter ] --START--
INFO: Run Behavior\ContentReplaceBehavior [ RunTime:0.000028s ]
INFO: [ template_filter ] --END-- [ RunTime:0.000065s ]
INFO: Run Behavior\ParseTemplateBehavior [ RunTime:0.012737s ]
INFO: [ view_parse ] --END-- [ RunTime:0.012823s ]
INFO: [ view_filter ] --START--
INFO: Run Behavior\WriteHtmlCacheBehavior [ RunTime:0.000318s ]
INFO: [ view_filter ] --END-- [ RunTime:0.000371s ]
INFO: [ app_end ] --START--
INFO: Run Behavior\ShowPageTraceBehavior [ RunTime:0.001452s ]
INFO: [ app_end ] --END-- [ RunTime:0.001550s ]

[ 2017-04-21T12:28:04+08:00 ] 127.0.0.1 /shangcheng/index.php/Admin/Index/menu.html
INFO: [ app_init ] --START--
INFO: Run Behavior\BuildLiteBehavior [ RunTime:0.000023s ]
INFO: [ app_init ] --END-- [ RunTime:0.000518s ]
INFO: [ app_begin ] --START--
INFO: Run Behavior\ReadHtmlCacheBehavior [ RunTime:0.002407s ]
INFO: [ app_begin ] --END-- [ RunTime:0.002490s ]
INFO: [ view_parse ] --START--
INFO: [ template_filter ] --START--
INFO: Run Behavior\ContentReplaceBehavior [ RunTime:0.000181s ]
INFO: [ template_filter ] --END-- [ RunTime:0.000268s ]
SQL: SHOW COLUMNS FROM `p39_privilege` [ RunTime:0.0029s ]
SQL: SELECT * FROM `p39_privilege`  [ RunTime:0.0009s ]
INFO: Run Behavior\ParseTemplateBehavior [ RunTime:0.029294s ]
INFO: [ view_parse ] --END-- [ RunTime:0.029377s ]
INFO: [ view_filter ] --START--
INFO: Run Behavior\WriteHtmlCacheBehavior [ RunTime:0.000279s ]
INFO: [ view_filter ] --END-- [ RunTime:0.000321s ]
INFO: [ app_end ] --START--
INFO: Run Behavior\ShowPageTraceBehavior [ RunTime:0.000880s ]
INFO: [ app_end ] --END-- [ RunTime:0.000954s ]

[ 2017-04-21T12:28:04+08:00 ] 127.0.0.1 /shangcheng/index.php/Admin/Index/top.html
INFO: [ app_init ] --START--
INFO: Run Behavior\BuildLiteBehavior [ RunTime:0.000020s ]
INFO: [ app_init ] --END-- [ RunTime:0.000526s ]
INFO: [ app_begin ] --START--
INFO: Run Behavior\ReadHtmlCacheBehavior [ RunTime:0.000794s ]
INFO: [ app_begin ] --END-- [ RunTime:0.000858s ]
INFO: [ view_parse ] --START--
INFO: [ template_filter ] --START--
INFO: Run Behavior\ContentReplaceBehavior [ RunTime:0.000090s ]
INFO: [ template_filter ] --END-- [ RunTime:0.000194s ]
INFO: Run Behavior\ParseTemplateBehavior [ RunTime:0.009646s ]
INFO: [ view_parse ] --END-- [ RunTime:0.009713s ]
INFO: [ view_filter ] --START--
INFO: Run Behavior\WriteHtmlCacheBehavior [ RunTime:0.000207s ]
INFO: [ view_filter ] --END-- [ RunTime:0.000246s ]
INFO: [ app_end ] --START--
INFO: Run Behavior\ShowPageTraceBehavior [ RunTime:0.001000s ]
INFO: [ app_end ] --END-- [ RunTime:0.001065s ]

[ 2017-04-21T12:28:04+08:00 ] 127.0.0.1 /shangcheng/index.php/Admin/Index/main.html
INFO: [ app_init ] --START--
INFO: Run Behavior\BuildLiteBehavior [ RunTime:0.000018s ]
INFO: [ app_init ] --END-- [ RunTime:0.000518s ]
INFO: [ app_begin ] --START--
INFO: Run Behavior\ReadHtmlCacheBehavior [ RunTime:0.000795s ]
INFO: [ app_begin ] --END-- [ RunTime:0.000860s ]
INFO: [ view_parse ] --START--
INFO: [ template_filter ] --START--
INFO: Run Behavior\ContentReplaceBehavior [ RunTime:0.000086s ]
INFO: [ template_filter ] --END-- [ RunTime:0.000173s ]
INFO: Run Behavior\ParseTemplateBehavior [ RunTime:0.007578s ]
INFO: [ view_parse ] --END-- [ RunTime:0.007687s ]
INFO: [ view_filter ] --START--
INFO: Run Behavior\WriteHtmlCacheBehavior [ RunTime:0.000182s ]
INFO: [ view_filter ] --END-- [ RunTime:0.000215s ]
INFO: [ app_end ] --START--
INFO: Run Behavior\ShowPageTraceBehavior [ RunTime:0.000573s ]
INFO: [ app_end ] --END-- [ RunTime:0.000609s ]

[ 2017-04-21T12:28:04+08:00 ] 127.0.0.1 /shangcheng/index.php/Admin/Index/index.html
INFO: [ app_init ] --START--
INFO: Run Behavior\BuildLiteBehavior [ RunTime:0.000015s ]
INFO: [ app_init ] --END-- [ RunTime:0.000357s ]
INFO: [ app_begin ] --START--
INFO: Run Behavior\ReadHtmlCacheBehavior [ RunTime:0.000728s ]
INFO: [ app_begin ] --END-- [ RunTime:0.000829s ]
INFO: [ view_parse ] --START--
INFO: [ template_filter ] --START--
INFO: Run Behavior\ContentReplaceBehavior [ RunTime:0.000259s ]
INFO: [ template_filter ] --END-- [ RunTime:0.000547s ]
INFO: Run Behavior\ParseTemplateBehavior [ RunTime:0.009652s ]
INFO: [ view_parse ] --END-- [ RunTime:0.009735s ]
INFO: [ view_filter ] --START--
INFO: Run Behavior\WriteHtmlCacheBehavior [ RunTime:0.000301s ]
INFO: [ view_filter ] --END-- [ RunTime:0.000357s ]
INFO: [ app_end ] --START--
INFO: Run Behavior\ShowPageTraceBehavior [ RunTime:0.001246s ]
INFO: [ app_end ] --END-- [ RunTime:0.001323s ]

[ 2017-04-21T12:28:04+08:00 ] 127.0.0.1 /shangcheng/index.php/Admin/Index/menu.html
INFO: [ app_init ] --START--
INFO: Run Behavior\BuildLiteBehavior [ RunTime:0.000023s ]
INFO: [ app_init ] --END-- [ RunTime:0.000512s ]
INFO: [ app_begin ] --START--
INFO: Run Behavior\ReadHtmlCacheBehavior [ RunTime:0.001009s ]
INFO: [ app_begin ] --END-- [ RunTime:0.001095s ]
INFO: [ view_parse ] --START--
INFO: [ template_filter ] --START--
INFO: Run Behavior\ContentReplaceBehavior [ RunTime:0.000139s ]
INFO: [ template_filter ] --END-- [ RunTime:0.000233s ]
SQL: SHOW COLUMNS FROM `p39_privilege` [ RunTime:0.0025s ]
SQL: SELECT * FROM `p39_privilege`  [ RunTime:0.0005s ]
INFO: Run Behavior\ParseTemplateBehavior [ RunTime:0.032045s ]
INFO: [ view_parse ] --END-- [ RunTime:0.032100s ]
INFO: [ view_filter ] --START--
INFO: Run Behavior\WriteHtmlCacheBehavior [ RunTime:0.000257s ]
INFO: [ view_filter ] --END-- [ RunTime:0.000298s ]
INFO: [ app_end ] --START--
INFO: Run Behavior\ShowPageTraceBehavior [ RunTime:0.000888s ]
INFO: [ app_end ] --END-- [ RunTime:0.000962s ]

[ 2017-04-21T12:28:04+08:00 ] 127.0.0.1 /shangcheng/index.php/Admin/Index/main.html
INFO: [ app_init ] --START--
INFO: Run Behavior\BuildLiteBehavior [ RunTime:0.000024s ]
INFO: [ app_init ] --END-- [ RunTime:0.000742s ]
INFO: [ app_begin ] --START--
INFO: Run Behavior\ReadHtmlCacheBehavior [ RunTime:0.000754s ]
INFO: [ app_begin ] --END-- [ RunTime:0.000811s ]
INFO: [ view_parse ] --START--
INFO: [ template_filter ] --START--
INFO: Run Behavior\ContentReplaceBehavior [ RunTime:0.000064s ]
INFO: [ template_filter ] --END-- [ RunTime:0.000123s ]
INFO: Run Behavior\ParseTemplateBehavior [ RunTime:0.008074s ]
INFO: [ view_parse ] --END-- [ RunTime:0.008142s ]
INFO: [ view_filter ] --START--
INFO: Run Behavior\WriteHtmlCacheBehavior [ RunTime:0.000188s ]
INFO: [ view_filter ] --END-- [ RunTime:0.000224s ]
INFO: [ app_end ] --START--
INFO: Run Behavior\ShowPageTraceBehavior [ RunTime:0.000755s ]
INFO: [ app_end ] --END-- [ RunTime:0.000799s ]

[ 2017-04-21T12:28:04+08:00 ] 127.0.0.1 /shangcheng/index.php/Admin/Index/top.html
INFO: [ app_init ] --START--
INFO: Run Behavior\BuildLiteBehavior [ RunTime:0.000013s ]
INFO: [ app_init ] --END-- [ RunTime:0.000348s ]
INFO: [ app_begin ] --START--
INFO: Run Behavior\ReadHtmlCacheBehavior [ RunTime:0.000533s ]
INFO: [ app_begin ] --END-- [ RunTime:0.000575s ]
INFO: [ view_parse ] --START--
INFO: [ template_filter ] --START--
INFO: Run Behavior\ContentReplaceBehavior [ RunTime:0.000064s ]
INFO: [ template_filter ] --END-- [ RunTime:0.000121s ]
INFO: Run Behavior\ParseTemplateBehavior [ RunTime:0.007205s ]
INFO: [ view_parse ] --END-- [ RunTime:0.007257s ]
INFO: [ view_filter ] --START--
INFO: Run Behavior\WriteHtmlCacheBehavior [ RunTime:0.000166s ]
INFO: [ view_filter ] --END-- [ RunTime:0.000197s ]
INFO: [ app_end ] --START--
INFO: Run Behavior\ShowPageTraceBehavior [ RunTime:0.000632s ]
INFO: [ app_end ] --END-- [ RunTime:0.000892s ]

[ 2017-04-21T12:28:06+08:00 ] 127.0.0.1 /shangcheng/index.php/Admin/Goods/list.html
INFO: [ app_init ] --START--
INFO: Run Behavior\BuildLiteBehavior [ RunTime:0.000016s ]
INFO: [ app_init ] --END-- [ RunTime:0.000370s ]
INFO: [ app_begin ] --START--
INFO: Run Behavior\ReadHtmlCacheBehavior [ RunTime:0.000726s ]
INFO: [ app_begin ] --END-- [ RunTime:0.000802s ]
SQL: SHOW COLUMNS FROM `p39_privilege` [ RunTime:0.0117s ]
SQL: SHOW COLUMNS FROM `p39_goods` [ RunTime:0.0026s ]
SQL: SELECT COUNT(*) AS tp_count FROM p39_goods a LIMIT 1   [ RunTime:0.0004s ]
SQL: SELECT a.*,b.brand_name,c.cat_name,GROUP_CONCAT(e.cat_name SEPARATOR "<br/>") as ext_cat_name FROM p39_goods a left join p39_brand as b on a.brand_id=b.id
          left join p39_category as c on a.cat_id=c.id
          left join p39_goods_cat as d on a.id=d.goods_id
          left join p39_category as e on d.cat_id=e.id  GROUP BY a.id ORDER BY a.id desc LIMIT 0,6   [ RunTime:0.0038s ]
NOTIC: [2] Declaration of Admin\Model\CategoryModel::_before_delete(&$option) should be compatible with Think\Model::_before_delete($options) /Applications/MAMP/myhost/shangcheng/Application/Admin/Model/CategoryModel.class.php 第 149 行.
SQL: SHOW COLUMNS FROM `p39_category` [ RunTime:0.0030s ]
SQL: SELECT * FROM `p39_category`  [ RunTime:0.0004s ]
INFO: [ view_parse ] --START--
INFO: [ template_filter ] --START--
INFO: Run Behavior\ContentReplaceBehavior [ RunTime:0.000130s ]
INFO: [ template_filter ] --END-- [ RunTime:0.000171s ]
SQL: SHOW COLUMNS FROM `p39_brand` [ RunTime:0.0043s ]
SQL: SELECT `id`,`brand_name` FROM `p39_brand`  [ RunTime:0.0010s ]
NOTIC: [8] Use of undefined constant sm_img - assumed 'sm_img' /Applications/MAMP/myhost/shangcheng/Application/Runtime/Cache/Admin/8fdb97cf043964c8b0ad702be278d296.php 第 111 行.
NOTIC: [8] Undefined index: goods_number /Applications/MAMP/myhost/shangcheng/Application/Runtime/Cache/Admin/8fdb97cf043964c8b0ad702be278d296.php 第 113 行.
NOTIC: [8] Undefined index: goods_id /Applications/MAMP/myhost/shangcheng/Application/Runtime/Cache/Admin/8fdb97cf043964c8b0ad702be278d296.php 第 116 行.
NOTIC: [8] Use of undefined constant sm_img - assumed 'sm_img' /Applications/MAMP/myhost/shangcheng/Application/Runtime/Cache/Admin/8fdb97cf043964c8b0ad702be278d296.php 第 111 行.
NOTIC: [8] Undefined index: goods_number /Applications/MAMP/myhost/shangcheng/Application/Runtime/Cache/Admin/8fdb97cf043964c8b0ad702be278d296.php 第 113 行.
NOTIC: [8] Undefined index: goods_id /Applications/MAMP/myhost/shangcheng/Application/Runtime/Cache/Admin/8fdb97cf043964c8b0ad702be278d296.php 第 116 行.
NOTIC: [8] Use of undefined constant sm_img - assumed 'sm_img' /Applications/MAMP/myhost/shangcheng/Application/Runtime/Cache/Admin/8fdb97cf043964c8b0ad702be278d296.php 第 111 行.
NOTIC: [8] Undefined index: goods_number /Applications/MAMP/myhost/shangcheng/Application/Runtime/Cache/Admin/8fdb97cf043964c8b0ad702be278d296.php 第 113 行.
NOTIC: [8] Undefined index: goods_id /Applications/MAMP/myhost/shangcheng/Application/Runtime/Cache/Admin/8fdb97cf043964c8b0ad702be278d296.php 第 116 行.
NOTIC: [8] Use of undefined constant sm_img - assumed 'sm_img' /Applications/MAMP/myhost/shangcheng/Application/Runtime/Cache/Admin/8fdb97cf043964c8b0ad702be278d296.php 第 111 行.
NOTIC: [8] Undefined index: goods_number /Applications/MAMP/myhost/shangcheng/Application/Runtime/Cache/Admin/8fdb97cf043964c8b0ad702be278d296.php 第 113 行.
NOTIC: [8] Undefined index: goods_id /Applications/MAMP/myhost/shangcheng/Application/Runtime/Cache/Admin/8fdb97cf043964c8b0ad702be278d296.php 第 116 行.
NOTIC: [8] Use of undefined constant sm_img - assumed 'sm_img' /Applications/MAMP/myhost/shangcheng/Application/Runtime/Cache/Admin/8fdb97cf043964c8b0ad702be278d296.php 第 111 行.
NOTIC: [8] Undefined index: goods_number /Applications/MAMP/myhost/shangcheng/Application/Runtime/Cache/Admin/8fdb97cf043964c8b0ad702be278d296.php 第 113 行.
NOTIC: [8] Undefined index: goods_id /Applications/MAMP/myhost/shangcheng/Application/Runtime/Cache/Admin/8fdb97cf043964c8b0ad702be278d296.php 第 116 行.
NOTIC: [8] Use of undefined constant sm_img - assumed 'sm_img' /Applications/MAMP/myhost/shangcheng/Application/Runtime/Cache/Admin/8fdb97cf043964c8b0ad702be278d296.php 第 111 行.
NOTIC: [8] Undefined index: goods_number /Applications/MAMP/myhost/shangcheng/Application/Runtime/Cache/Admin/8fdb97cf043964c8b0ad702be278d296.php 第 113 行.
NOTIC: [8] Undefined index: goods_id /Applications/MAMP/myhost/shangcheng/Application/Runtime/Cache/Admin/8fdb97cf043964c8b0ad702be278d296.php 第 116 行.
INFO: Run Behavior\ParseTemplateBehavior [ RunTime:0.015798s ]
INFO: [ view_parse ] --END-- [ RunTime:0.015833s ]
INFO: [ view_filter ] --START--
INFO: Run Behavior\WriteHtmlCacheBehavior [ RunTime:0.000212s ]
INFO: [ view_filter ] --END-- [ RunTime:0.000241s ]
INFO: [ app_end ] --START--
INFO: Run Behavior\ShowPageTraceBehavior [ RunTime:0.000742s ]
INFO: [ app_end ] --END-- [ RunTime:0.000791s ]

[ 2017-04-21T12:28:14+08:00 ] 127.0.0.1 /shangcheng/index.php/Admin/Goods/delete?id=41
INFO: [ app_init ] --START--
INFO: Run Behavior\BuildLiteBehavior [ RunTime:0.000011s ]
INFO: [ app_init ] --END-- [ RunTime:0.000307s ]
INFO: [ app_begin ] --START--
INFO: Run Behavior\ReadHtmlCacheBehavior [ RunTime:0.000561s ]
INFO: [ app_begin ] --END-- [ RunTime:0.000609s ]
SQL: SHOW COLUMNS FROM `p39_privilege` [ RunTime:0.0026s ]
SQL: SHOW COLUMNS FROM `p39_goods` [ RunTime:0.0031s ]
SQL: SHOW COLUMNS FROM `p39_goods_attr` [ RunTime:0.0025s ]
SQL: DELETE FROM `p39_goods_attr` WHERE `goods_id` = 41 [ RunTime:0.0009s ]
SQL: SHOW COLUMNS FROM `p39_goods_cat` [ RunTime:0.0021s ]
SQL: DELETE FROM `p39_goods_cat` WHERE `goods_id` = 41 [ RunTime:0.0024s ]
SQL: SHOW COLUMNS FROM `p39_goods_pic` [ RunTime:0.0034s ]
SQL: SELECT `pic`,`sm_pic`,`mid_pic`,`big_pic` FROM `p39_goods_pic` WHERE `goods_id` = 41  [ RunTime:0.0006s ]
SQL: DELETE FROM `p39_goods_pic` WHERE `goods_id` = 41 [ RunTime:0.0009s ]
SQL: SELECT `img`,`sm_img`,`mid_img`,`big_img`,`mbig_img` FROM `p39_goods` WHERE `id` = 41 LIMIT 1   [ RunTime:0.0006s ]
SQL: SHOW COLUMNS FROM `p39_member_price` [ RunTime:0.0028s ]
SQL: DELETE FROM `p39_member_price` WHERE `goods_id` = 41 [ RunTime:0.0011s ]
SQL: DELETE FROM `p39_goods` WHERE `id` = 41 [ RunTime:0.0008s ]
INFO: [ view_parse ] --START--
INFO: [ template_filter ] --START--
INFO: Run Behavior\ContentReplaceBehavior [ RunTime:0.000049s ]
INFO: [ template_filter ] --END-- [ RunTime:0.000102s ]
INFO: Run Behavior\ParseTemplateBehavior [ RunTime:0.006210s ]
INFO: [ view_parse ] --END-- [ RunTime:0.006261s ]
INFO: [ view_filter ] --START--
INFO: Run Behavior\WriteHtmlCacheBehavior [ RunTime:0.000185s ]
INFO: [ view_filter ] --END-- [ RunTime:0.000221s ]
INFO: [ app_end ] --START--
INFO: Run Behavior\ShowPageTraceBehavior [ RunTime:0.000636s ]
INFO: [ app_end ] --END-- [ RunTime:0.000676s ]

[ 2017-04-21T12:28:15+08:00 ] 127.0.0.1 /shangcheng/index.php/Admin/Goods/list.html
INFO: [ app_init ] --START--
INFO: Run Behavior\BuildLiteBehavior [ RunTime:0.000016s ]
INFO: [ app_init ] --END-- [ RunTime:0.000382s ]
INFO: [ app_begin ] --START--
INFO: Run Behavior\ReadHtmlCacheBehavior [ RunTime:0.000548s ]
INFO: [ app_begin ] --END-- [ RunTime:0.000591s ]
SQL: SHOW COLUMNS FROM `p39_privilege` [ RunTime:0.0041s ]
SQL: SHOW COLUMNS FROM `p39_goods` [ RunTime:0.0025s ]
SQL: SELECT COUNT(*) AS tp_count FROM p39_goods a LIMIT 1   [ RunTime:0.0004s ]
SQL: SELECT a.*,b.brand_name,c.cat_name,GROUP_CONCAT(e.cat_name SEPARATOR "<br/>") as ext_cat_name FROM p39_goods a left join p39_brand as b on a.brand_id=b.id
          left join p39_category as c on a.cat_id=c.id
          left join p39_goods_cat as d on a.id=d.goods_id
          left join p39_category as e on d.cat_id=e.id  GROUP BY a.id ORDER BY a.id desc LIMIT 0,6   [ RunTime:0.0036s ]
NOTIC: [2] Declaration of Admin\Model\CategoryModel::_before_delete(&$option) should be compatible with Think\Model::_before_delete($options) /Applications/MAMP/myhost/shangcheng/Application/Admin/Model/CategoryModel.class.php 第 149 行.
SQL: SHOW COLUMNS FROM `p39_category` [ RunTime:0.0015s ]
SQL: SELECT * FROM `p39_category`  [ RunTime:0.0005s ]
INFO: [ view_parse ] --START--
INFO: [ template_filter ] --START--
INFO: Run Behavior\ContentReplaceBehavior [ RunTime:0.000148s ]
INFO: [ template_filter ] --END-- [ RunTime:0.000200s ]
SQL: SHOW COLUMNS FROM `p39_brand` [ RunTime:0.0024s ]
SQL: SELECT `id`,`brand_name` FROM `p39_brand`  [ RunTime:0.0004s ]
NOTIC: [8] Use of undefined constant sm_img - assumed 'sm_img' /Applications/MAMP/myhost/shangcheng/Application/Runtime/Cache/Admin/8fdb97cf043964c8b0ad702be278d296.php 第 111 行.
NOTIC: [8] Undefined index: goods_number /Applications/MAMP/myhost/shangcheng/Application/Runtime/Cache/Admin/8fdb97cf043964c8b0ad702be278d296.php 第 113 行.
NOTIC: [8] Undefined index: goods_id /Applications/MAMP/myhost/shangcheng/Application/Runtime/Cache/Admin/8fdb97cf043964c8b0ad702be278d296.php 第 116 行.
NOTIC: [8] Use of undefined constant sm_img - assumed 'sm_img' /Applications/MAMP/myhost/shangcheng/Application/Runtime/Cache/Admin/8fdb97cf043964c8b0ad702be278d296.php 第 111 行.
NOTIC: [8] Undefined index: goods_number /Applications/MAMP/myhost/shangcheng/Application/Runtime/Cache/Admin/8fdb97cf043964c8b0ad702be278d296.php 第 113 行.
NOTIC: [8] Undefined index: goods_id /Applications/MAMP/myhost/shangcheng/Application/Runtime/Cache/Admin/8fdb97cf043964c8b0ad702be278d296.php 第 116 行.
NOTIC: [8] Use of undefined constant sm_img - assumed 'sm_img' /Applications/MAMP/myhost/shangcheng/Application/Runtime/Cache/Admin/8fdb97cf043964c8b0ad702be278d296.php 第 111 行.
NOTIC: [8] Undefined index: goods_number /Applications/MAMP/myhost/shangcheng/Application/Runtime/Cache/Admin/8fdb97cf043964c8b0ad702be278d296.php 第 113 行.
NOTIC: [8] Undefined index: goods_id /Applications/MAMP/myhost/shangcheng/Application/Runtime/Cache/Admin/8fdb97cf043964c8b0ad702be278d296.php 第 116 行.
NOTIC: [8] Use of undefined constant sm_img - assumed 'sm_img' /Applications/MAMP/myhost/shangcheng/Application/Runtime/Cache/Admin/8fdb97cf043964c8b0ad702be278d296.php 第 111 行.
NOTIC: [8] Undefined index: goods_number /Applications/MAMP/myhost/shangcheng/Application/Runtime/Cache/Admin/8fdb97cf043964c8b0ad702be278d296.php 第 113 行.
NOTIC: [8] Undefined index: goods_id /Applications/MAMP/myhost/shangcheng/Application/Runtime/Cache/Admin/8fdb97cf043964c8b0ad702be278d296.php 第 116 行.
NOTIC: [8] Use of undefined constant sm_img - assumed 'sm_img' /Applications/MAMP/myhost/shangcheng/Application/Runtime/Cache/Admin/8fdb97cf043964c8b0ad702be278d296.php 第 111 行.
NOTIC: [8] Undefined index: goods_number /Applications/MAMP/myhost/shangcheng/Application/Runtime/Cache/Admin/8fdb97cf043964c8b0ad702be278d296.php 第 113 行.
NOTIC: [8] Undefined index: goods_id /Applications/MAMP/myhost/shangcheng/Application/Runtime/Cache/Admin/8fdb97cf043964c8b0ad702be278d296.php 第 116 行.
NOTIC: [8] Use of undefined constant sm_img - assumed 'sm_img' /Applications/MAMP/myhost/shangcheng/Application/Runtime/Cache/Admin/8fdb97cf043964c8b0ad702be278d296.php 第 111 行.
NOTIC: [8] Undefined index: goods_number /Applications/MAMP/myhost/shangcheng/Application/Runtime/Cache/Admin/8fdb97cf043964c8b0ad702be278d296.php 第 113 行.
NOTIC: [8] Undefined index: goods_id /Applications/MAMP/myhost/shangcheng/Application/Runtime/Cache/Admin/8fdb97cf043964c8b0ad702be278d296.php 第 116 行.
INFO: Run Behavior\ParseTemplateBehavior [ RunTime:0.013004s ]
INFO: [ view_parse ] --END-- [ RunTime:0.013058s ]
INFO: [ view_filter ] --START--
INFO: Run Behavior\WriteHtmlCacheBehavior [ RunTime:0.000248s ]
INFO: [ view_filter ] --END-- [ RunTime:0.000287s ]
INFO: [ app_end ] --START--
INFO: Run Behavior\ShowPageTraceBehavior [ RunTime:0.000756s ]
INFO: [ app_end ] --END-- [ RunTime:0.000836s ]

[ 2017-04-21T12:28:29+08:00 ] 127.0.0.1 /shangcheng/index.php/Admin/Goods/edit?id=43
INFO: [ app_init ] --START--
INFO: Run Behavior\BuildLiteBehavior [ RunTime:0.000018s ]
INFO: [ app_init ] --END-- [ RunTime:0.000545s ]
INFO: [ app_begin ] --START--
INFO: Run Behavior\ReadHtmlCacheBehavior [ RunTime:0.000757s ]
INFO: [ app_begin ] --END-- [ RunTime:0.000903s ]
SQL: SHOW COLUMNS FROM `p39_privilege` [ RunTime:0.0026s ]
SQL: SHOW COLUMNS FROM `p39_goods` [ RunTime:0.0035s ]
SQL: SHOW COLUMNS FROM `p39_goods_cat` [ RunTime:0.0027s ]
SQL: SELECT * FROM `p39_goods_cat` WHERE `goods_id` = '43'  [ RunTime:0.0005s ]
SQL: SELECT * FROM `p39_goods` WHERE `id` = 43 LIMIT 1   [ RunTime:0.0005s ]
NOTIC: [2] Declaration of Admin\Model\CategoryModel::_before_delete(&$option) should be compatible with Think\Model::_before_delete($options) /Applications/MAMP/myhost/shangcheng/Application/Admin/Model/CategoryModel.class.php 第 149 行.
SQL: SHOW COLUMNS FROM `p39_category` [ RunTime:0.0022s ]
SQL: SELECT * FROM `p39_category`  [ RunTime:0.0004s ]
SQL: SHOW COLUMNS FROM `p39_member_level` [ RunTime:0.0018s ]
SQL: SELECT * FROM `p39_member_level`  [ RunTime:0.0003s ]
SQL: SHOW COLUMNS FROM `p39_member_price` [ RunTime:0.0018s ]
SQL: SELECT * FROM `p39_member_price` WHERE `goods_id` = '43'  [ RunTime:0.0006s ]
SQL: SHOW COLUMNS FROM `p39_attribute` [ RunTime:0.0019s ]
SQL: SELECT a.id attr_id,a.attr_name,a.attr_type,a.attr_option_values,b.attr_value,b.id FROM p39_attribute a left join p39_goods_attr as b on (a.id=b.attr_id and b.goods_id=43)  WHERE a.type_id = '0'  [ RunTime:0.0005s ]
SQL: SHOW COLUMNS FROM `p39_goods_pic` [ RunTime:0.0019s ]
SQL: SELECT `id`,`mid_pic` FROM `p39_goods_pic` WHERE `goods_id` = '43'  [ RunTime:0.0004s ]
INFO: [ view_parse ] --START--
INFO: [ template_filter ] --START--
INFO: Run Behavior\ContentReplaceBehavior [ RunTime:0.000207s ]
INFO: [ template_filter ] --END-- [ RunTime:0.000258s ]
NOTIC: [8] Use of undefined constant id - assumed 'id' /Applications/MAMP/myhost/shangcheng/Application/Runtime/Cache/Admin/608b0c961c661bd6d45820311b4b75a7.php 第 47 行.
NOTIC: [8] Use of undefined constant id - assumed 'id' /Applications/MAMP/myhost/shangcheng/Application/Runtime/Cache/Admin/608b0c961c661bd6d45820311b4b75a7.php 第 47 行.
NOTIC: [8] Use of undefined constant id - assumed 'id' /Applications/MAMP/myhost/shangcheng/Application/Runtime/Cache/Admin/608b0c961c661bd6d45820311b4b75a7.php 第 47 行.
NOTIC: [8] Use of undefined constant id - assumed 'id' /Applications/MAMP/myhost/shangcheng/Application/Runtime/Cache/Admin/608b0c961c661bd6d45820311b4b75a7.php 第 47 行.
NOTIC: [8] Use of undefined constant id - assumed 'id' /Applications/MAMP/myhost/shangcheng/Application/Runtime/Cache/Admin/608b0c961c661bd6d45820311b4b75a7.php 第 47 行.
NOTIC: [8] Use of undefined constant id - assumed 'id' /Applications/MAMP/myhost/shangcheng/Application/Runtime/Cache/Admin/608b0c961c661bd6d45820311b4b75a7.php 第 47 行.
NOTIC: [8] Use of undefined constant id - assumed 'id' /Applications/MAMP/myhost/shangcheng/Application/Runtime/Cache/Admin/608b0c961c661bd6d45820311b4b75a7.php 第 47 行.
NOTIC: [8] Use of undefined constant id - assumed 'id' /Applications/MAMP/myhost/shangcheng/Application/Runtime/Cache/Admin/608b0c961c661bd6d45820311b4b75a7.php 第 47 行.
NOTIC: [8] Use of undefined constant id - assumed 'id' /Applications/MAMP/myhost/shangcheng/Application/Runtime/Cache/Admin/608b0c961c661bd6d45820311b4b75a7.php 第 47 行.
NOTIC: [8] Use of undefined constant id - assumed 'id' /Applications/MAMP/myhost/shangcheng/Application/Runtime/Cache/Admin/608b0c961c661bd6d45820311b4b75a7.php 第 47 行.
NOTIC: [8] Use of undefined constant id - assumed 'id' /Applications/MAMP/myhost/shangcheng/Application/Runtime/Cache/Admin/608b0c961c661bd6d45820311b4b75a7.php 第 47 行.
NOTIC: [8] Use of undefined constant id - assumed 'id' /Applications/MAMP/myhost/shangcheng/Application/Runtime/Cache/Admin/608b0c961c661bd6d45820311b4b75a7.php 第 47 行.
NOTIC: [8] Use of undefined constant id - assumed 'id' /Applications/MAMP/myhost/shangcheng/Application/Runtime/Cache/Admin/608b0c961c661bd6d45820311b4b75a7.php 第 47 行.
NOTIC: [8] Use of undefined constant id - assumed 'id' /Applications/MAMP/myhost/shangcheng/Application/Runtime/Cache/Admin/608b0c961c661bd6d45820311b4b75a7.php 第 47 行.
NOTIC: [8] Use of undefined constant id - assumed 'id' /Applications/MAMP/myhost/shangcheng/Application/Runtime/Cache/Admin/608b0c961c661bd6d45820311b4b75a7.php 第 47 行.
SQL: SHOW COLUMNS FROM `p39_brand` [ RunTime:0.0019s ]
SQL: SELECT `id`,`brand_name` FROM `p39_brand`  [ RunTime:0.0004s ]
NOTIC: [8] Undefined offset: 1 /Applications/MAMP/myhost/shangcheng/Application/Runtime/Cache/Admin/608b0c961c661bd6d45820311b4b75a7.php 第 167 行.
NOTIC: [8] Undefined offset: 2 /Applications/MAMP/myhost/shangcheng/Application/Runtime/Cache/Admin/608b0c961c661bd6d45820311b4b75a7.php 第 167 行.
NOTIC: [8] Undefined offset: 3 /Applications/MAMP/myhost/shangcheng/Application/Runtime/Cache/Admin/608b0c961c661bd6d45820311b4b75a7.php 第 167 行.
NOTIC: [8] Undefined offset: 4 /Applications/MAMP/myhost/shangcheng/Application/Runtime/Cache/Admin/608b0c961c661bd6d45820311b4b75a7.php 第 167 行.
SQL: SHOW COLUMNS FROM `p39_type` [ RunTime:0.0014s ]
SQL: SELECT `id`,`type_name` FROM `p39_type`  [ RunTime:0.0004s ]
INFO: Run Behavior\ParseTemplateBehavior [ RunTime:0.018188s ]
INFO: [ view_parse ] --END-- [ RunTime:0.018225s ]
INFO: [ view_filter ] --START--
INFO: Run Behavior\WriteHtmlCacheBehavior [ RunTime:0.000203s ]
INFO: [ view_filter ] --END-- [ RunTime:0.000235s ]
INFO: [ app_end ] --START--
INFO: Run Behavior\ShowPageTraceBehavior [ RunTime:0.000696s ]
INFO: [ app_end ] --END-- [ RunTime:0.000773s ]

[ 2017-04-21T12:28:34+08:00 ] 127.0.0.1 /shangcheng/index.php/Admin/Goods/ajaxGetAttr/type_id/1
INFO: [ app_init ] --START--
INFO: Run Behavior\BuildLiteBehavior [ RunTime:0.000016s ]
INFO: [ app_init ] --END-- [ RunTime:0.000654s ]
INFO: [ app_begin ] --START--
INFO: Run Behavior\ReadHtmlCacheBehavior [ RunTime:0.000604s ]
INFO: [ app_begin ] --END-- [ RunTime:0.000668s ]
SQL: SHOW COLUMNS FROM `p39_privilege` [ RunTime:0.0127s ]
SQL: SHOW COLUMNS FROM `p39_attribute` [ RunTime:0.0031s ]
SQL: SELECT * FROM `p39_attribute` WHERE `type_id` = '1'  [ RunTime:0.0006s ]
INFO: [ app_end ] --START--
INFO: Run Behavior\ShowPageTraceBehavior [ RunTime:0.000775s ]
INFO: [ app_end ] --END-- [ RunTime:0.000829s ]

[ 2017-04-21T12:28:35+08:00 ] 127.0.0.1 /shangcheng/index.php/Admin/Goods/ajaxGetAttr/type_id/3
INFO: [ app_init ] --START--
INFO: Run Behavior\BuildLiteBehavior [ RunTime:0.000021s ]
INFO: [ app_init ] --END-- [ RunTime:0.000424s ]
INFO: [ app_begin ] --START--
INFO: Run Behavior\ReadHtmlCacheBehavior [ RunTime:0.001420s ]
INFO: [ app_begin ] --END-- [ RunTime:0.001571s ]
SQL: SHOW COLUMNS FROM `p39_privilege` [ RunTime:0.0121s ]
SQL: SHOW COLUMNS FROM `p39_attribute` [ RunTime:0.0032s ]
SQL: SELECT * FROM `p39_attribute` WHERE `type_id` = '3'  [ RunTime:0.0017s ]
INFO: [ app_end ] --START--
INFO: Run Behavior\ShowPageTraceBehavior [ RunTime:0.001359s ]
INFO: [ app_end ] --END-- [ RunTime:0.001547s ]

[ 2017-04-21T12:28:44+08:00 ] 127.0.0.1 /shangcheng/index.php/Admin/Goods/ajaxDelAttr/goods_id/43/gaiID/undefined
INFO: [ app_init ] --START--
INFO: Run Behavior\BuildLiteBehavior [ RunTime:0.000016s ]
INFO: [ app_init ] --END-- [ RunTime:0.000588s ]
INFO: [ app_begin ] --START--
INFO: Run Behavior\ReadHtmlCacheBehavior [ RunTime:0.000949s ]
INFO: [ app_begin ] --END-- [ RunTime:0.001044s ]
SQL: SHOW COLUMNS FROM `p39_privilege` [ RunTime:0.0115s ]
SQL: SHOW COLUMNS FROM `p39_goods_attr` [ RunTime:0.0030s ]
SQL: DELETE FROM `p39_goods_attr` WHERE `id` = 0 [ RunTime:0.0005s ]
INFO: [ app_end ] --START--
INFO: Run Behavior\ShowPageTraceBehavior [ RunTime:0.001118s ]
INFO: [ app_end ] --END-- [ RunTime:0.001189s ]

[ 2017-04-21T12:28:45+08:00 ] 127.0.0.1 /shangcheng/index.php/Admin/Goods/edit
INFO: [ app_init ] --START--
INFO: Run Behavior\BuildLiteBehavior [ RunTime:0.000013s ]
INFO: [ app_init ] --END-- [ RunTime:0.000306s ]
INFO: [ app_begin ] --START--
INFO: Run Behavior\ReadHtmlCacheBehavior [ RunTime:0.000437s ]
INFO: [ app_begin ] --END-- [ RunTime:0.000469s ]
SQL: SHOW COLUMNS FROM `p39_privilege` [ RunTime:0.0114s ]
SQL: SHOW COLUMNS FROM `p39_goods` [ RunTime:0.0030s ]
NOTIC: [8] Undefined index: validate /Applications/MAMP/myhost/shangcheng/ThinkPHP/Library/Think/Model.class.php 第 1185 行.
NOTIC: [8] Undefined index: auto /Applications/MAMP/myhost/shangcheng/ThinkPHP/Library/Think/Model.class.php 第 1128 行.
SQL: SHOW COLUMNS FROM `p39_goods_attr` [ RunTime:0.0024s ]
NOTIC: [8] Uninitialized string offset: 0 /Applications/MAMP/myhost/shangcheng/Application/Admin/Model/GoodsModel.class.php 第 274 行.
SQL: INSERT INTO `p39_goods_attr` (`goods_id`,`attr_value`,`attr_id`) VALUES ('43','英特尔I5','13') [ RunTime:0.0008s ]
NOTIC: [8] Uninitialized string offset: 1 /Applications/MAMP/myhost/shangcheng/Application/Admin/Model/GoodsModel.class.php 第 274 行.
SQL: INSERT INTO `p39_goods_attr` (`goods_id`,`attr_value`,`attr_id`) VALUES ('43','英特尔I7','13') [ RunTime:0.0008s ]
SQL: SHOW COLUMNS FROM `p39_goods_cat` [ RunTime:0.0018s ]
SQL: DELETE FROM `p39_goods_cat` WHERE `goods_id` = '43' [ RunTime:0.0007s ]
SQL: INSERT INTO `p39_goods_cat` (`cat_id`,`goods_id`) VALUES ('28','43') [ RunTime:0.0007s ]
SQL: SHOW COLUMNS FROM `p39_member_price` [ RunTime:0.0024s ]
SQL: DELETE FROM `p39_member_price` WHERE `goods_id` = '43' [ RunTime:0.0004s ]
SQL: UPDATE `p39_goods` SET `cat_id`='27',`goods_name`='红米',`shop_price`='30.00',`is_on_sale`='1',`market_price`='30.00',`promote_price`='30.00',`promote_start_date`='2017-04-12 00:00:00',`promote_end_date`='2017-04-12 00:00:00',`is_new`='1',`is_best`='1',`is_hot`='1',`is_floor`='1',`sort_num`='80',`goods_desc`='',`type_id`='3' WHERE `id` = 43 [ RunTime:0.0014s ]
INFO: [ view_parse ] --START--
INFO: [ template_filter ] --START--
INFO: Run Behavior\ContentReplaceBehavior [ RunTime:0.000047s ]
INFO: [ template_filter ] --END-- [ RunTime:0.000101s ]
INFO: Run Behavior\ParseTemplateBehavior [ RunTime:0.008357s ]
INFO: [ view_parse ] --END-- [ RunTime:0.008414s ]
INFO: [ view_filter ] --START--
INFO: Run Behavior\WriteHtmlCacheBehavior [ RunTime:0.000184s ]
INFO: [ view_filter ] --END-- [ RunTime:0.000219s ]

[ 2017-04-21T12:28:46+08:00 ] 127.0.0.1 /shangcheng/index.php/Admin/Goods/list.html
INFO: [ app_init ] --START--
INFO: Run Behavior\BuildLiteBehavior [ RunTime:0.000023s ]
INFO: [ app_init ] --END-- [ RunTime:0.000605s ]
INFO: [ app_begin ] --START--
INFO: Run Behavior\ReadHtmlCacheBehavior [ RunTime:0.000861s ]
INFO: [ app_begin ] --END-- [ RunTime:0.000923s ]
SQL: SHOW COLUMNS FROM `p39_privilege` [ RunTime:0.0018s ]
SQL: SHOW COLUMNS FROM `p39_goods` [ RunTime:0.0019s ]
SQL: SELECT COUNT(*) AS tp_count FROM p39_goods a LIMIT 1   [ RunTime:0.0004s ]
SQL: SELECT a.*,b.brand_name,c.cat_name,GROUP_CONCAT(e.cat_name SEPARATOR "<br/>") as ext_cat_name FROM p39_goods a left join p39_brand as b on a.brand_id=b.id
          left join p39_category as c on a.cat_id=c.id
          left join p39_goods_cat as d on a.id=d.goods_id
          left join p39_category as e on d.cat_id=e.id  GROUP BY a.id ORDER BY a.id desc LIMIT 0,6   [ RunTime:0.0035s ]
NOTIC: [2] Declaration of Admin\Model\CategoryModel::_before_delete(&$option) should be compatible with Think\Model::_before_delete($options) /Applications/MAMP/myhost/shangcheng/Application/Admin/Model/CategoryModel.class.php 第 149 行.
SQL: SHOW COLUMNS FROM `p39_category` [ RunTime:0.0020s ]
SQL: SELECT * FROM `p39_category`  [ RunTime:0.0004s ]
INFO: [ view_parse ] --START--
INFO: [ template_filter ] --START--
INFO: Run Behavior\ContentReplaceBehavior [ RunTime:0.000132s ]
INFO: [ template_filter ] --END-- [ RunTime:0.000173s ]
SQL: SHOW COLUMNS FROM `p39_brand` [ RunTime:0.0030s ]
SQL: SELECT `id`,`brand_name` FROM `p39_brand`  [ RunTime:0.0004s ]
NOTIC: [8] Use of undefined constant sm_img - assumed 'sm_img' /Applications/MAMP/myhost/shangcheng/Application/Runtime/Cache/Admin/8fdb97cf043964c8b0ad702be278d296.php 第 111 行.
NOTIC: [8] Undefined index: goods_number /Applications/MAMP/myhost/shangcheng/Application/Runtime/Cache/Admin/8fdb97cf043964c8b0ad702be278d296.php 第 113 行.
NOTIC: [8] Undefined index: goods_id /Applications/MAMP/myhost/shangcheng/Application/Runtime/Cache/Admin/8fdb97cf043964c8b0ad702be278d296.php 第 116 行.
NOTIC: [8] Use of undefined constant sm_img - assumed 'sm_img' /Applications/MAMP/myhost/shangcheng/Application/Runtime/Cache/Admin/8fdb97cf043964c8b0ad702be278d296.php 第 111 行.
NOTIC: [8] Undefined index: goods_number /Applications/MAMP/myhost/shangcheng/Application/Runtime/Cache/Admin/8fdb97cf043964c8b0ad702be278d296.php 第 113 行.
NOTIC: [8] Undefined index: goods_id /Applications/MAMP/myhost/shangcheng/Application/Runtime/Cache/Admin/8fdb97cf043964c8b0ad702be278d296.php 第 116 行.
NOTIC: [8] Use of undefined constant sm_img - assumed 'sm_img' /Applications/MAMP/myhost/shangcheng/Application/Runtime/Cache/Admin/8fdb97cf043964c8b0ad702be278d296.php 第 111 行.
NOTIC: [8] Undefined index: goods_number /Applications/MAMP/myhost/shangcheng/Application/Runtime/Cache/Admin/8fdb97cf043964c8b0ad702be278d296.php 第 113 行.
NOTIC: [8] Undefined index: goods_id /Applications/MAMP/myhost/shangcheng/Application/Runtime/Cache/Admin/8fdb97cf043964c8b0ad702be278d296.php 第 116 行.
NOTIC: [8] Use of undefined constant sm_img - assumed 'sm_img' /Applications/MAMP/myhost/shangcheng/Application/Runtime/Cache/Admin/8fdb97cf043964c8b0ad702be278d296.php 第 111 行.
NOTIC: [8] Undefined index: goods_number /Applications/MAMP/myhost/shangcheng/Application/Runtime/Cache/Admin/8fdb97cf043964c8b0ad702be278d296.php 第 113 行.
NOTIC: [8] Undefined index: goods_id /Applications/MAMP/myhost/shangcheng/Application/Runtime/Cache/Admin/8fdb97cf043964c8b0ad702be278d296.php 第 116 行.
NOTIC: [8] Use of undefined constant sm_img - assumed 'sm_img' /Applications/MAMP/myhost/shangcheng/Application/Runtime/Cache/Admin/8fdb97cf043964c8b0ad702be278d296.php 第 111 行.
NOTIC: [8] Undefined index: goods_number /Applications/MAMP/myhost/shangcheng/Application/Runtime/Cache/Admin/8fdb97cf043964c8b0ad702be278d296.php 第 113 行.
NOTIC: [8] Undefined index: goods_id /Applications/MAMP/myhost/shangcheng/Application/Runtime/Cache/Admin/8fdb97cf043964c8b0ad702be278d296.php 第 116 行.
NOTIC: [8] Use of undefined constant sm_img - assumed 'sm_img' /Applications/MAMP/myhost/shangcheng/Application/Runtime/Cache/Admin/8fdb97cf043964c8b0ad702be278d296.php 第 111 行.
NOTIC: [8] Undefined index: goods_number /Applications/MAMP/myhost/shangcheng/Application/Runtime/Cache/Admin/8fdb97cf043964c8b0ad702be278d296.php 第 113 行.
NOTIC: [8] Undefined index: goods_id /Applications/MAMP/myhost/shangcheng/Application/Runtime/Cache/Admin/8fdb97cf043964c8b0ad702be278d296.php 第 116 行.
INFO: Run Behavior\ParseTemplateBehavior [ RunTime:0.013164s ]
INFO: [ view_parse ] --END-- [ RunTime:0.013199s ]
INFO: [ view_filter ] --START--
INFO: Run Behavior\WriteHtmlCacheBehavior [ RunTime:0.000221s ]
INFO: [ view_filter ] --END-- [ RunTime:0.000255s ]
INFO: [ app_end ] --START--
INFO: Run Behavior\ShowPageTraceBehavior [ RunTime:0.000798s ]
INFO: [ app_end ] --END-- [ RunTime:0.000857s ]

